
   Program  MARK  - Survival Rate Estimation with Capture-Recapture Data
   gfortran(dble) Vers. 9.0 Jan 2019  27-Jan-2023 10:19:12    Page  001
    
 - - - - - - - - - - - - - - - - - - - - - - - - - - - - - - - - - - - - - -
 
   Welcome to MARK pgcar on machine DESKTOP-TG0OUVB in subdirectory 
   "C:\Users\pgcar\Documents\github\calfishtrack-shiny\data" running file "mark028.inp".
   This version was compiled by GCC version 11.2.0 using the options: 
     -cpp -iprefix c:\tdm-gcc-64\mingw64\bin\../lib/gcc/x86_64-w64-mingw32/11.2.0/
     -D_MT -D_REENTRANT -U_REENTRANT -D IEEE -D DBLEPRECISION -m64 -mtune=generic
     -march=x86-64 -mthreads -O2 -std=f2018 -fimplicit-none -fbounds-check
     -funroll-loops -ftree-vectorize -ffpe-summary=invalid,zero,overflow,underflow
     -fno-unsafe-math-optimizations -frounding-math -fsignaling-nans -flto
     -fall-intrinsics -fopenmp.

   This problem will use 7 of 8 possible threads.


  INPUT --- proc title ;

   CPU Time for the last procedure was 0.01 seconds.     


  INPUT --- proc chmatrix occasions= 8 groups= 1 etype= Live Nodes= 101 
  INPUT --- ICMeans NoHist hist= 15 ;

  INPUT ---    time interval 1 1 1 1 1 1 1 ;

  INPUT ---    glabel(1)=Group 1;

      Number of unique encounter histories read was 15.

      Number of individual covariates read was 0.
      Time interval lengths are all equal to 1.

      Data type number is 1
      Data type is Live Recaptures (CJS)

   CPU Time for the last procedure was 0.01 seconds.     

  Program  MARK  - Survival Rate Estimation with Capture-Recapture Data
   gfortran(dble) Vers. 9.0 Jan 2019  27-Jan-2023 10:19:12    Page  002
 - - - - - - - - - - - - - - - - - - - - - - - - - - - - - - - - - - - - - -
 


  INPUT --- proc estimate link=Logit NOLOOP varest=2ndPart    ;


  INPUT --- model={ Phi(~time)p(~time) };

  INPUT ---    group=1 Phi    rows=7 cols=7 Triang ;
  INPUT ---        1 2 3 4 5 6 7 ;
  INPUT ---        2 3 4 5 6 7 ;
  INPUT ---        3 4 5 6 7 ;
  INPUT ---        4 5 6 7 ;
  INPUT ---        5 6 7 ;
  INPUT ---        6 7 ;
  INPUT ---        7 ;

  INPUT ---    group=1 p    rows=7 cols=7 Triang ;
  INPUT ---        8 9 10 11 12 13 14 ;
  INPUT ---        9 10 11 12 13 14 ;
  INPUT ---        10 11 12 13 14 ;
  INPUT ---        11 12 13 14 ;
  INPUT ---        12 13 14 ;
  INPUT ---        13 14 ;
  INPUT ---        14 ;

  INPUT ---    design matrix constraints=14 covariates=14;
  INPUT ---        1 0 0 0 0 0 0 0 0 0 0 0 0 0;
  INPUT ---        1 1 0 0 0 0 0 0 0 0 0 0 0 0;
  INPUT ---        1 0 1 0 0 0 0 0 0 0 0 0 0 0;
  INPUT ---        1 0 0 1 0 0 0 0 0 0 0 0 0 0;
  INPUT ---        1 0 0 0 1 0 0 0 0 0 0 0 0 0;
  INPUT ---        1 0 0 0 0 1 0 0 0 0 0 0 0 0;
  INPUT ---        1 0 0 0 0 0 1 0 0 0 0 0 0 0;
  INPUT ---        0 0 0 0 0 0 0 1 0 0 0 0 0 0;
  INPUT ---        0 0 0 0 0 0 0 1 1 0 0 0 0 0;
  INPUT ---        0 0 0 0 0 0 0 1 0 1 0 0 0 0;
  INPUT ---        0 0 0 0 0 0 0 1 0 0 1 0 0 0;
  INPUT ---        0 0 0 0 0 0 0 1 0 0 0 1 0 0;
  INPUT ---        0 0 0 0 0 0 0 1 0 0 0 0 1 0;
  INPUT ---        0 0 0 0 0 0 0 1 0 0 0 0 0 1;
  INPUT ---       blabel(1)=Phi:(Intercept);
  INPUT ---       blabel(2)=Phi:time2;
  INPUT ---       blabel(3)=Phi:time3;
  INPUT ---       blabel(4)=Phi:time4;
  INPUT ---       blabel(5)=Phi:time5;
  INPUT ---       blabel(6)=Phi:time6;

  Program  MARK  - Survival Rate Estimation with Capture-Recapture Data
   gfortran(dble) Vers. 9.0 Jan 2019  27-Jan-2023 10:19:12    Page  003
 - - - - - - - - - - - - - - - - - - - - - - - - - - - - - - - - - - - - - -
 
  INPUT ---       blabel(7)=Phi:time7;
  INPUT ---       blabel(8)=p:(Intercept);
  INPUT ---       blabel(9)=p:time3;
  INPUT ---       blabel(10)=p:time4;
  INPUT ---       blabel(11)=p:time5;
  INPUT ---       blabel(12)=p:time6;
  INPUT ---       blabel(13)=p:time7;
  INPUT ---       blabel(14)=p:time8;
  INPUT ---       rlabel(1)=Phi g1 c1 a0 t1;
  INPUT ---       rlabel(2)=Phi g1 c1 a1 t2;
  INPUT ---       rlabel(3)=Phi g1 c1 a2 t3;
  INPUT ---       rlabel(4)=Phi g1 c1 a3 t4;
  INPUT ---       rlabel(5)=Phi g1 c1 a4 t5;
  INPUT ---       rlabel(6)=Phi g1 c1 a5 t6;
  INPUT ---       rlabel(7)=Phi g1 c1 a6 t7;
  INPUT ---       rlabel(8)=p g1 c1 a1 t2;
  INPUT ---       rlabel(9)=p g1 c1 a2 t3;
  INPUT ---       rlabel(10)=p g1 c1 a3 t4;
  INPUT ---       rlabel(11)=p g1 c1 a4 t5;
  INPUT ---       rlabel(12)=p g1 c1 a5 t6;
  INPUT ---       rlabel(13)=p g1 c1 a6 t7;
  INPUT ---       rlabel(14)=p g1 c1 a7 t8;

 Link Function Used is LOGIT        

 Variance Estimation Procedure Used is 2ndPart 
 -2logL(saturated) = 1644.2003     
 Effective Sample Size = 1410

 Number of function evaluations was 78 for 14 parameters.
 CPU Time for numerical optimization was 0.02 seconds.     
 -2logL { Phi(~time)p(~time) } = 1661.7764     
 Penalty { Phi(~time)p(~time) } = 0.0000000     
 Gradient { Phi(~time)p(~time) }:
  0.69718252E-05 -0.12801853E-03  0.10801133E-03  0.57427351E-04   0.0000000    
 -0.50834020E-04 -0.18781393E-04  0.25366135E-03  0.13125458E-03  0.39232662E-04
 -0.97709705E-06   0.0000000      0.97503734E-04 -0.73763112E-04
 Maximum ABS(G) { Phi(~time)p(~time) } = 0.2536614E-03 
 CPU Time to compute VC matrix was 0.02 seconds.     
 S Vector { Phi(~time)p(~time) }:
   260.0055      49.04816      33.92153      26.97552      14.05947    
   7.186084      3.491813      3.330179     0.8755347     0.5894920    
  0.8034950E-04 0.6001496E-06 0.1458650E-06 0.6382032E-09
 CPU Time to invert VC matrix was 0.01 seconds.     
 Ratio Threshold = 50.000000       Max Gap (10/11) = 7336.5983       Next Max Gap (13/14) = 228.55568     
 Gap Method for Num. of Estimated Parameters { Phi(~time)p(~time) } = 10          
 Threshold { Phi(~time)p(~time) } = 0.5073227E-03           
 Numerical Threshold Method for Num. of Estimated Parameters { Phi(~time)p(~time) } = 10          
 Number of Estimated Parameters { Phi(~time)p(~time) } = 10          
 DEVIANCE { Phi(~time)p(~time) } = 17.576084               
 DEVIANCE Degrees of Freedom { Phi(~time)p(~time) } = 4          
 c-hat { Phi(~time)p(~time) } = 4.3940211               
 AIC { Phi(~time)p(~time) } = 1681.7764               
 AICc { Phi(~time)p(~time) } = 1681.9337               
 BIC { Phi(~time)p(~time) } = 1734.2899               
 Pearson Chisquare { Phi(~time)p(~time) } = 90.714095               
 Possible Encounter Histories { Phi(~time)p(~time) } = 128          
 Pearson Chisquare df { Phi(~time)p(~time) } = 117          
 Pearson chat { Phi(~time)p(~time) } = 0.7753341               
 Sum(Observed/Expected) { Phi(~time)p(~time) } = 101.86420               
 s-bar { Phi(~time)p(~time) } = -0.2057937              
 Fletcher chat { Phi(~time)p(~time) } = 0.9762377               

  Program  MARK  - Survival Rate Estimation with Capture-Recapture Data
   gfortran(dble) Vers. 9.0 Jan 2019  27-Jan-2023 10:19:13    Page  004
 - - - - - - - - - - - - - - - - - - - - - - - - - - - - - - - - - - - - - -
 


                 LOGIT Link Function Parameters of { Phi(~time)p(~time) }
                                                              95% Confidence Interval
    Parameter                  Beta         Standard Error     Lower           Upper
 -------------------------  --------------  --------------  --------------  --------------
    1:Phi:(Intercept)        1.1886377       0.1117273       0.9696521       1.4076233    
    2:Phi:time2             -0.1919193       0.1702293      -0.5255687       0.1417300    
    3:Phi:time3              0.5539743       0.2815332       0.0021693       1.1057794    
    4:Phi:time4             -2.9855915       0.2211658      -3.4190765      -2.5521064    
    5:Phi:time5              17.789332       2618.3306      -5114.1387       5149.7174    
    6:Phi:time6              0.5008468       0.5773547      -0.6307685       1.6324620    
    7:Phi:time7              3.1127253       108.30092      -209.15708       215.38253    
    8:p:(Intercept)          2.9100058       0.2744429       2.3720978       3.4479138    
    9:p:time3                0.3950247       0.4526628      -0.4921944       1.2822438    
   10:p:time4                0.5556861       1.0519076      -1.5060529       2.6174250    
   11:p:time5                14.878501       1290.8335      -2515.1552       2544.9122    
   12:p:time6                53.668297       0.0000000       53.668297       53.668297    
   13:p:time7               -2.7558485       0.4796688      -3.6959993      -1.8156977    
   14:p:time8               -0.0475377       26.812883      -52.600790       52.505715    


                    Real Function Parameters of { Phi(~time)p(~time) }
                                                               95% Confidence Interval
     Parameter                Estimate       Standard Error     Lower           Upper
 --------------------------  --------------  --------------  --------------  --------------
     1:Phi g1 c1 a0 t1        0.7664973       0.0199969       0.7250502       0.8033908                          
     2:Phi g1 c1 a1 t2        0.7304129       0.0239106       0.6810752       0.7746435                          
     3:Phi g1 c1 a2 t3        0.8510185       0.0327633       0.7748879       0.9045732                          
     4:Phi g1 c1 a3 t4        0.1422223       0.0232852       0.1023797       0.1942154                          
     5:Phi g1 c1 a4 t5        1.0000000       0.1499674E-04   0.9999706       1.0000294                          
     6:Phi g1 c1 a5 t6        0.8441564       0.0745189       0.6408971       0.9426601                          
     7:Phi g1 c1 a6 t7        0.9866311       1.4285100       0.4791845E-90   1.0000000                          
     8:p g1 c1 a1 t2          0.9483389       0.0134456       0.9146747       0.9691689                          
     9:p g1 c1 a2 t3          0.9646010       0.0122918       0.9308276       0.9821999                          
    10:p g1 c1 a3 t4          0.9696957       0.0298407       0.8138707       0.9957477                          
    11:p g1 c1 a4 t5          1.0000000       0.2428958E-04  0.2956206E-300   1.0000000                          
    12:p g1 c1 a5 t6          1.0000000       0.0000000       1.0000000       1.0000000                          
    13:p g1 c1 a6 t7          0.5384632       0.0977678       0.3504856       0.7161046                          
    14:p g1 c1 a7 t8          0.9459596       1.3706021       0.2635031E-21   1.0000000                          

 Attempted ordering of parameters by estimatibility:
   1  2  8  3  4  9 13  6 10 14  7 11  5 12
 Beta number 12 is a singular value.

   CPU Time for the last procedure was 0.03 seconds.     

  Program  MARK  - Survival Rate Estimation with Capture-Recapture Data
   gfortran(dble) Vers. 9.0 Jan 2019  27-Jan-2023 10:19:13    Page  005
 - - - - - - - - - - - - - - - - - - - - - - - - - - - - - - - - - - - - - -
 


  INPUT --- proc stop;

     CPU Time in minutes for this job was 0.00

     Time Start = 10:19:12.742   Time End = 10:19:13.026

     Wall Clock Time in minutes for this job was 0.00


          E X E C U T I O N   S U C C E S S F U L 
