
   Program  MARK  - Survival Rate Estimation with Capture-Recapture Data
   gfortran(dble) Vers. 9.0 Jan 2019  24-Jan-2023 15:57:03    Page  001
    
 - - - - - - - - - - - - - - - - - - - - - - - - - - - - - - - - - - - - - -
 
   Welcome to MARK pgcar on machine DESKTOP-TG0OUVB in subdirectory 
   "C:\Users\pgcar\Documents\github\calfishtrack-shiny\data" running file "mark009.inp".
   This version was compiled by GCC version 11.2.0 using the options: 
     -cpp -iprefix c:\tdm-gcc-64\mingw64\bin\../lib/gcc/x86_64-w64-mingw32/11.2.0/
     -D_MT -D_REENTRANT -U_REENTRANT -D IEEE -D DBLEPRECISION -m64 -mtune=generic
     -march=x86-64 -mthreads -O2 -std=f2018 -fimplicit-none -fbounds-check
     -funroll-loops -ftree-vectorize -ffpe-summary=invalid,zero,overflow,underflow
     -fno-unsafe-math-optimizations -frounding-math -fsignaling-nans -flto
     -fall-intrinsics -fopenmp.

   This problem will use 7 of 8 possible threads.


  INPUT --- proc title ;

   CPU Time for the last procedure was 0.01 seconds.     


  INPUT --- proc chmatrix occasions= 14 groups= 1 etype= Live Nodes= 
  INPUT --- 101 ICMeans NoHist hist= 10  ;

  INPUT ---    time interval 0.178 1.01 0.856 0.536 0.02 0.116 2.364 6.377 
  INPUT ---    0.048 1.9 0.019 5.034 0.091 ;

  INPUT ---    glabel(1)=Group 1;

      Number of unique encounter histories read was 10.

      Number of individual covariates read was 0.
      Time interval lengths vary and/or not equal to 1.

      Data type number is 1
      Data type is Live Recaptures (CJS)

   CPU Time for the last procedure was 0.01 seconds.     

  Program  MARK  - Survival Rate Estimation with Capture-Recapture Data
   gfortran(dble) Vers. 9.0 Jan 2019  24-Jan-2023 15:57:03    Page  002
 - - - - - - - - - - - - - - - - - - - - - - - - - - - - - - - - - - - - - -
 


  INPUT --- proc estimate link=Logit NOLOOP varest=2ndPart    ;


  INPUT --- model={ Phi(~time)p(~time) };

  INPUT ---    group=1 Phi    rows=13 cols=13 Triang ;
  INPUT ---        1 2 3 4 5 6 7 8 9 10 11 12 13 ;
  INPUT ---        2 3 4 5 6 7 8 9 10 11 12 13 ;
  INPUT ---        3 4 5 6 7 8 9 10 11 12 13 ;
  INPUT ---        4 5 6 7 8 9 10 11 12 13 ;
  INPUT ---        5 6 7 8 9 10 11 12 13 ;
  INPUT ---        6 7 8 9 10 11 12 13 ;
  INPUT ---        7 8 9 10 11 12 13 ;
  INPUT ---        8 9 10 11 12 13 ;
  INPUT ---        9 10 11 12 13 ;
  INPUT ---        10 11 12 13 ;
  INPUT ---        11 12 13 ;
  INPUT ---        12 13 ;
  INPUT ---        13 ;

  INPUT ---    group=1 p    rows=13 cols=13 Triang ;
  INPUT ---        14 15 16 17 18 19 20 21 22 23 24 25 26 ;
  INPUT ---        15 16 17 18 19 20 21 22 23 24 25 26 ;
  INPUT ---        16 17 18 19 20 21 22 23 24 25 26 ;
  INPUT ---        17 18 19 20 21 22 23 24 25 26 ;
  INPUT ---        18 19 20 21 22 23 24 25 26 ;
  INPUT ---        19 20 21 22 23 24 25 26 ;
  INPUT ---        20 21 22 23 24 25 26 ;
  INPUT ---        21 22 23 24 25 26 ;
  INPUT ---        22 23 24 25 26 ;
  INPUT ---        23 24 25 26 ;
  INPUT ---        24 25 26 ;
  INPUT ---        25 26 ;
  INPUT ---        26 ;

  INPUT ---    design matrix constraints=26 covariates=26;
  INPUT ---        1 0 0 0 0 0 0 0 0 0 0 0 0 0 0 0 0 0 0 0 0 0 0 0 0 0;
  INPUT ---        1 1 0 0 0 0 0 0 0 0 0 0 0 0 0 0 0 0 0 0 0 0 0 0 0 0;
  INPUT ---        1 0 1 0 0 0 0 0 0 0 0 0 0 0 0 0 0 0 0 0 0 0 0 0 0 0;
  INPUT ---        1 0 0 1 0 0 0 0 0 0 0 0 0 0 0 0 0 0 0 0 0 0 0 0 0 0;
  INPUT ---        1 0 0 0 1 0 0 0 0 0 0 0 0 0 0 0 0 0 0 0 0 0 0 0 0 0;
  INPUT ---        1 0 0 0 0 1 0 0 0 0 0 0 0 0 0 0 0 0 0 0 0 0 0 0 0 0;
  INPUT ---        1 0 0 0 0 0 1 0 0 0 0 0 0 0 0 0 0 0 0 0 0 0 0 0 0 0;
  INPUT ---        1 0 0 0 0 0 0 1 0 0 0 0 0 0 0 0 0 0 0 0 0 0 0 0 0 0;

  Program  MARK  - Survival Rate Estimation with Capture-Recapture Data
   gfortran(dble) Vers. 9.0 Jan 2019  24-Jan-2023 15:57:03    Page  003
 - - - - - - - - - - - - - - - - - - - - - - - - - - - - - - - - - - - - - -
 
  INPUT ---        1 0 0 0 0 0 0 0 1 0 0 0 0 0 0 0 0 0 0 0 0 0 0 0 0 0;
  INPUT ---        1 0 0 0 0 0 0 0 0 1 0 0 0 0 0 0 0 0 0 0 0 0 0 0 0 0;
  INPUT ---        1 0 0 0 0 0 0 0 0 0 1 0 0 0 0 0 0 0 0 0 0 0 0 0 0 0;
  INPUT ---        1 0 0 0 0 0 0 0 0 0 0 1 0 0 0 0 0 0 0 0 0 0 0 0 0 0;
  INPUT ---        1 0 0 0 0 0 0 0 0 0 0 0 1 0 0 0 0 0 0 0 0 0 0 0 0 0;
  INPUT ---        0 0 0 0 0 0 0 0 0 0 0 0 0 1 0 0 0 0 0 0 0 0 0 0 0 0;
  INPUT ---        0 0 0 0 0 0 0 0 0 0 0 0 0 1 1 0 0 0 0 0 0 0 0 0 0 0;
  INPUT ---        0 0 0 0 0 0 0 0 0 0 0 0 0 1 0 1 0 0 0 0 0 0 0 0 0 0;
  INPUT ---        0 0 0 0 0 0 0 0 0 0 0 0 0 1 0 0 1 0 0 0 0 0 0 0 0 0;
  INPUT ---        0 0 0 0 0 0 0 0 0 0 0 0 0 1 0 0 0 1 0 0 0 0 0 0 0 0;
  INPUT ---        0 0 0 0 0 0 0 0 0 0 0 0 0 1 0 0 0 0 1 0 0 0 0 0 0 0;
  INPUT ---        0 0 0 0 0 0 0 0 0 0 0 0 0 1 0 0 0 0 0 1 0 0 0 0 0 0;
  INPUT ---        0 0 0 0 0 0 0 0 0 0 0 0 0 1 0 0 0 0 0 0 1 0 0 0 0 0;
  INPUT ---        0 0 0 0 0 0 0 0 0 0 0 0 0 1 0 0 0 0 0 0 0 1 0 0 0 0;
  INPUT ---        0 0 0 0 0 0 0 0 0 0 0 0 0 1 0 0 0 0 0 0 0 0 1 0 0 0;
  INPUT ---        0 0 0 0 0 0 0 0 0 0 0 0 0 1 0 0 0 0 0 0 0 0 0 1 0 0;
  INPUT ---        0 0 0 0 0 0 0 0 0 0 0 0 0 1 0 0 0 0 0 0 0 0 0 0 1 0;
  INPUT ---        0 0 0 0 0 0 0 0 0 0 0 0 0 1 0 0 0 0 0 0 0 0 0 0 0 1;
  INPUT ---       blabel(1)=Phi:(Intercept);
  INPUT ---       blabel(2)=Phi:time1.178;
  INPUT ---       blabel(3)=Phi:time2.188;
  INPUT ---       blabel(4)=Phi:time3.044;
  INPUT ---       blabel(5)=Phi:time3.58;
  INPUT ---       blabel(6)=Phi:time3.6;
  INPUT ---       blabel(7)=Phi:time3.716;
  INPUT ---       blabel(8)=Phi:time6.08;
  INPUT ---       blabel(9)=Phi:time12.457;
  INPUT ---       blabel(10)=Phi:time12.505;
  INPUT ---       blabel(11)=Phi:time14.405;
  INPUT ---       blabel(12)=Phi:time14.424;
  INPUT ---       blabel(13)=Phi:time19.458;
  INPUT ---       blabel(14)=p:(Intercept);
  INPUT ---       blabel(15)=p:time2.188;
  INPUT ---       blabel(16)=p:time3.044;
  INPUT ---       blabel(17)=p:time3.58;
  INPUT ---       blabel(18)=p:time3.6;
  INPUT ---       blabel(19)=p:time3.716;
  INPUT ---       blabel(20)=p:time6.08;
  INPUT ---       blabel(21)=p:time12.457;
  INPUT ---       blabel(22)=p:time12.505;
  INPUT ---       blabel(23)=p:time14.405;
  INPUT ---       blabel(24)=p:time14.424;
  INPUT ---       blabel(25)=p:time19.458;
  INPUT ---       blabel(26)=p:time19.549;
  INPUT ---       rlabel(1)=Phi g1 c1 a0 t1;
  INPUT ---       rlabel(2)=Phi g1 c1 a0.178 t1.178;

  Program  MARK  - Survival Rate Estimation with Capture-Recapture Data
   gfortran(dble) Vers. 9.0 Jan 2019  24-Jan-2023 15:57:03    Page  004
 - - - - - - - - - - - - - - - - - - - - - - - - - - - - - - - - - - - - - -
 
  INPUT ---       rlabel(3)=Phi g1 c1 a1.188 t2.188;
  INPUT ---       rlabel(4)=Phi g1 c1 a2.044 t3.044;
  INPUT ---       rlabel(5)=Phi g1 c1 a2.58 t3.58;
  INPUT ---       rlabel(6)=Phi g1 c1 a2.6 t3.6;
  INPUT ---       rlabel(7)=Phi g1 c1 a2.716 t3.716;
  INPUT ---       rlabel(8)=Phi g1 c1 a5.08 t6.08;
  INPUT ---       rlabel(9)=Phi g1 c1 a11.457 t12.457;
  INPUT ---       rlabel(10)=Phi g1 c1 a11.505 t12.505;
  INPUT ---       rlabel(11)=Phi g1 c1 a13.405 t14.405;
  INPUT ---       rlabel(12)=Phi g1 c1 a13.424 t14.424;
  INPUT ---       rlabel(13)=Phi g1 c1 a18.458 t19.458;
  INPUT ---       rlabel(14)=p g1 c1 a0.178 t1.178;
  INPUT ---       rlabel(15)=p g1 c1 a1.188 t2.188;
  INPUT ---       rlabel(16)=p g1 c1 a2.044 t3.044;
  INPUT ---       rlabel(17)=p g1 c1 a2.58 t3.58;
  INPUT ---       rlabel(18)=p g1 c1 a2.6 t3.6;
  INPUT ---       rlabel(19)=p g1 c1 a2.716 t3.716;
  INPUT ---       rlabel(20)=p g1 c1 a5.08 t6.08;
  INPUT ---       rlabel(21)=p g1 c1 a11.457 t12.457;
  INPUT ---       rlabel(22)=p g1 c1 a11.505 t12.505;
  INPUT ---       rlabel(23)=p g1 c1 a13.405 t14.405;
  INPUT ---       rlabel(24)=p g1 c1 a13.424 t14.424;
  INPUT ---       rlabel(25)=p g1 c1 a18.458 t19.458;
  INPUT ---       rlabel(26)=p g1 c1 a18.549 t19.549;

 Link Function Used is LOGIT        

 Variance Estimation Procedure Used is 2ndPart 
 -2logL(saturated) = 1435.0033     
 Effective Sample Size = 1365

 Number of function evaluations was 47 for 26 parameters.
 CPU Time for numerical optimization was 0.02 seconds.     
 -2logL { Phi(~time)p(~time) } = 1438.1388     
 Penalty { Phi(~time)p(~time) } = 0.0000000     
 Gradient { Phi(~time)p(~time) }:
 -0.17935990     -0.24385502E-01 -0.27914583E-01 -0.23872583E-01   0.0000000    
   0.0000000     -0.49102939E-01 -0.48945421E-01   0.0000000      0.22305330E-03
   0.0000000     -0.57475075E-02   0.0000000     -0.58227637E-02  0.60064044E-05
  0.14207552E-04   0.0000000      0.75196928E-05 -0.33152171E-02  0.34639467E-05
 -0.38288563E-03 -0.93723991E-03 -0.25809627E-03 -0.66185995E-03 -0.25344123E-03
 -0.39480707E-04
 Maximum ABS(G) { Phi(~time)p(~time) } = 0.1793599     
 CPU Time to compute VC matrix was 0.01 seconds.     

  Program  MARK  - Survival Rate Estimation with Capture-Recapture Data
   gfortran(dble) Vers. 9.0 Jan 2019  24-Jan-2023 15:57:03    Page  005
 - - - - - - - - - - - - - - - - - - - - - - - - - - - - - - - - - - - - - -
 
 S Vector { Phi(~time)p(~time) }:
   584.7477      69.93801      8.752472      6.538710      2.162510    
   1.999871      1.644194      1.041773     0.1773719E-01 0.9285833E-02
  0.6905998E-02 0.2000561E-02 0.1416369E-02 0.2306476E-03 0.1418898E-03
  0.6132747E-05 0.3005933E-05 0.2814617E-05 0.1178844E-05 0.8194297E-06
  0.4558912E-06 0.3448699E-06 0.2398807E-06 0.8171041E-07 0.9068471E-08
  0.1765358E-08
 CPU Time to invert VC matrix was 0.01 seconds.     
 Ratio Threshold = 50.000000       Max Gap (8/9) = 58.733796       Next Max Gap (15/16) = 23.136419     
 Gap Method for Num. of Estimated Parameters { Phi(~time)p(~time) } = 8          
 Threshold { Phi(~time)p(~time) } = 0.3587198               
 Numerical Threshold Method for Num. of Estimated Parameters { Phi(~time)p(~time) } = 8          
 Number of Estimated Parameters { Phi(~time)p(~time) } = 8          
 DEVIANCE { Phi(~time)p(~time) } = 3.1355668               
 DEVIANCE Degrees of Freedom { Phi(~time)p(~time) } = 1          
 c-hat { Phi(~time)p(~time) } = 3.1355668               
 AIC { Phi(~time)p(~time) } = 1454.1388               
 AICc { Phi(~time)p(~time) } = 1454.2450               
 BIC { Phi(~time)p(~time) } = 1495.8901               
 Pearson Chisquare { Phi(~time)p(~time) } = 2.5780447               
 Possible Encounter Histories { Phi(~time)p(~time) } = 8192          
 Pearson Chisquare df { Phi(~time)p(~time) } = 8183          
 Pearson chat { Phi(~time)p(~time) } = 0.3150488E-03           
 Sum(Observed/Expected) { Phi(~time)p(~time) } = 12.747173               
 s-bar { Phi(~time)p(~time) } = -0.9985658              
 Fletcher chat { Phi(~time)p(~time) } = 0.2196754               


                 LOGIT Link Function Parameters of { Phi(~time)p(~time) }
                                                              95% Confidence Interval
    Parameter                  Beta         Standard Error     Lower           Upper
 -------------------------  --------------  --------------  --------------  --------------
    1:Phi:(Intercept)        86.476996       9.3804621       68.091289       104.86270    
    2:Phi:time1.178         -85.612571       13.554408      -112.17921      -59.045931    
    3:Phi:time2.188         -86.073424       12.424702      -110.42584      -61.721007    
    4:Phi:time3.044         -86.664305       13.429648      -112.98642      -60.342194    
    5:Phi:time3.58          -22.682764       0.0000000      -22.682764      -22.682764    
    6:Phi:time3.6           -52.676357       0.0000000      -52.676357      -52.676357    
    7:Phi:time3.716         -86.228437       10.684811      -107.17067      -65.286206    
    8:Phi:time6.08          -84.832874       10.872858      -106.14368      -63.522072    
    9:Phi:time12.457        -3.6047047       0.0000000      -3.6047047      -3.6047047    
   10:Phi:time12.505        -83.416350       9.4085894      -101.85719      -64.975515    
   11:Phi:time14.405        -2.8403582       0.0000000      -2.8403582      -2.8403582    
   12:Phi:time14.424        -84.202206       9.3884840      -102.60364      -65.800777    
   13:Phi:time19.458        -2.3401719       0.0000000      -2.3401719      -2.3401719    
   14:p:(Intercept)         -21.458033       0.0000000      -21.458033      -21.458033    
   15:p:time2.188            1.5404199       559.56026      -1095.1977       1098.2785    
   16:p:time3.044            3.2959656       150.83044      -292.33171       298.92364    
   17:p:time3.58             1.9864771       585.16378      -1144.9346       1148.9075    
   18:p:time3.6              3.0583544       487.40429      -952.25408       958.37079    
   19:p:time3.716            31.039057       0.0000000       31.039057       31.039057    
   20:p:time6.08             3.4050300       0.0000000       3.4050300       3.4050300    
   21:p:time12.457           33.193085       0.0000000       33.193085       33.193085    
   22:p:time12.505           24.593038       0.0000000       24.593038       24.593038    
   23:p:time14.405           33.467270       0.0000000       33.467270       33.467270    
   24:p:time14.424           23.760434       0.0000000       23.760434       23.760434    
   25:p:time19.458           22.962155       0.0000000       22.962155       22.962155    
   26:p:time19.549           22.962208       0.0000000       22.962208       22.962208    


                    Real Function Parameters of { Phi(~time)p(~time) }
                                                               95% Confidence Interval
     Parameter                Estimate       Standard Error     Lower           Upper
 --------------------------  --------------  --------------  --------------  --------------
     1:Phi g1 c1 a0 t1        1.0000000       0.0000000       1.0000000       1.0000000                          

  Program  MARK  - Survival Rate Estimation with Capture-Recapture Data
   gfortran(dble) Vers. 9.0 Jan 2019  24-Jan-2023 15:57:03    Page  006
 - - - - - - - - - - - - - - - - - - - - - - - - - - - - - - - - - - - - - -
 
     2:Phi g1 c1 a0.178 t1.   0.7035842       1.8705808       0.5502796E-07   1.0000000                          
     3:Phi g1 c1 a1.188 t2.   0.5995454       2.0217471       0.1017115E-06   1.0000000                          
     4:Phi g1 c1 a2.044 t3.   0.4533090       2.5111739       0.1964352E-08   1.0000000                          
     5:Phi g1 c1 a2.58 t3.5   1.0000000       0.0000000       1.0000000       1.0000000                          
     6:Phi g1 c1 a2.6 t3.6    1.0000000       0.0000000       1.0000000       1.0000000                          
     7:Phi g1 c1 a2.716 t3.   0.5618218       1.3052005       0.3934598E-04   0.9999761                          
     8:Phi g1 c1 a5.08 t6.0   0.8380950       0.7216882       0.1537076E-03   0.9999943                          
     9:Phi g1 c1 a11.457 t1   1.0000000       0.0000000       1.0000000       1.0000000                          
    10:Phi g1 c1 a11.505 t1   0.9552399       0.0309417       0.8378410       0.9887829                          
    11:Phi g1 c1 a13.405 t1   1.0000000       0.0000000       1.0000000       1.0000000                          
    12:Phi g1 c1 a13.424 t1   0.9067675       0.0325277       0.8206355       0.9538637                          
    13:Phi g1 c1 a18.458 t1   1.0000000       0.0000000       1.0000000       1.0000000                          
    14:p g1 c1 a0.178 t1.17   0.4796169E-09   0.0000000       0.4796169E-09   0.4796169E-09                      
    15:p g1 c1 a1.188 t2.18   0.2238156E-08   0.1905989E-05  -0.3733500E-05   0.3737976E-05                      
    16:p g1 c1 a2.044 t3.04   0.1295132E-07   0.5396549E-05  -0.1056428E-04   0.1059019E-04                      
    17:p g1 c1 a2.58 t3.58    0.3496314E-08   0.2063874E-05  -0.4041697E-05   0.4048690E-05                      
    18:p g1 c1 a2.6 t3.6      0.1021224E-07   0.6205339E-05  -0.1215225E-04   0.1217268E-04                      
    19:p g1 c1 a2.716 t3.71   0.9999310       0.0016952       0.1790164E-16   1.0000000                          
    20:p g1 c1 a5.08 t6.08    0.1444376E-07   0.0000000       0.1444376E-07   0.1444376E-07                      
    21:p g1 c1 a11.457 t12.   0.9999920       0.5786633E-03   0.3864331E-56   1.0000000                          
    22:p g1 c1 a11.505 t12.   0.9583138       0.0407985       0.7564471       0.9941573                          
    23:p g1 c1 a13.405 t14.   0.9999939       0.5361259E-03   0.1781101E-69   1.0000000                          
    24:p g1 c1 a13.424 t14.   0.9090756       0.0612956       0.7003435       0.9771540                          
    25:p g1 c1 a18.458 t19.   0.8181884       0.1162824       0.4929988       0.9541851                          
    26:p g1 c1 a18.549 t19.   0.8181963       0.1162810       0.4930038       0.9541889                          

 Attempted ordering of parameters by estimatibility:
   1  7 12 14 10 25 24 26  8  3  4  2 22 19 21 23 16 17 18 15 13 11  9 20  5
   6
 Beta number 6 is a singular value.

   CPU Time for the last procedure was 0.02 seconds.     

  Program  MARK  - Survival Rate Estimation with Capture-Recapture Data
   gfortran(dble) Vers. 9.0 Jan 2019  24-Jan-2023 15:57:03    Page  007
 - - - - - - - - - - - - - - - - - - - - - - - - - - - - - - - - - - - - - -
 


  INPUT --- proc stop;

     CPU Time in minutes for this job was 0.00

     Time Start = 15:57:03.222   Time End = 15:57:03.559

     Wall Clock Time in minutes for this job was 0.01


          E X E C U T I O N   S U C C E S S F U L 
