
   Program  MARK  - Survival Rate Estimation with Capture-Recapture Data
   gfortran(dble) Vers. 9.0 Jan 2019  27-Jan-2023 13:15:25    Page  001
    
 - - - - - - - - - - - - - - - - - - - - - - - - - - - - - - - - - - - - - -
 
   Welcome to MARK pgcar on machine DESKTOP-TG0OUVB in subdirectory 
   "C:\Users\pgcar\Documents\github\calfishtrack-shiny\data" running file "mark032.inp".
   This version was compiled by GCC version 11.2.0 using the options: 
     -cpp -iprefix c:\tdm-gcc-64\mingw64\bin\../lib/gcc/x86_64-w64-mingw32/11.2.0/
     -D_MT -D_REENTRANT -U_REENTRANT -D IEEE -D DBLEPRECISION -m64 -mtune=generic
     -march=x86-64 -mthreads -O2 -std=f2018 -fimplicit-none -fbounds-check
     -funroll-loops -ftree-vectorize -ffpe-summary=invalid,zero,overflow,underflow
     -fno-unsafe-math-optimizations -frounding-math -fsignaling-nans -flto
     -fall-intrinsics -fopenmp.

   This problem will use 7 of 8 possible threads.


  INPUT --- proc title ;

   CPU Time for the last procedure was 0.01 seconds.     


  INPUT --- proc chmatrix occasions= 5 groups= 1 etype= Live Nodes= 101 
  INPUT --- ICMeans NoHist hist= 7 ;

  INPUT ---    time interval 8.765 1.934 5.043 0.091 ;

  INPUT ---    glabel(1)=Group 1;

      Number of unique encounter histories read was 7.

      Number of individual covariates read was 0.
      Time interval lengths vary and/or not equal to 1.

      Data type number is 1
      Data type is Live Recaptures (CJS)

   CPU Time for the last procedure was 0.01 seconds.     

  Program  MARK  - Survival Rate Estimation with Capture-Recapture Data
   gfortran(dble) Vers. 9.0 Jan 2019  27-Jan-2023 13:15:25    Page  002
 - - - - - - - - - - - - - - - - - - - - - - - - - - - - - - - - - - - - - -
 


  INPUT --- proc estimate link=Logit NOLOOP varest=2ndPart    ;


  INPUT --- model={ Phi(~time)p(~time) };

  INPUT ---    group=1 Phi    rows=4 cols=4 Triang ;
  INPUT ---        1 2 3 4 ;
  INPUT ---        2 3 4 ;
  INPUT ---        3 4 ;
  INPUT ---        4 ;

  INPUT ---    group=1 p    rows=4 cols=4 Triang ;
  INPUT ---        5 6 7 8 ;
  INPUT ---        6 7 8 ;
  INPUT ---        7 8 ;
  INPUT ---        8 ;

  INPUT ---    design matrix constraints=8 covariates=8;
  INPUT ---        1 0 0 0 0 0 0 0;
  INPUT ---        1 1 0 0 0 0 0 0;
  INPUT ---        1 0 1 0 0 0 0 0;
  INPUT ---        1 0 0 1 0 0 0 0;
  INPUT ---        0 0 0 0 1 0 0 0;
  INPUT ---        0 0 0 0 1 1 0 0;
  INPUT ---        0 0 0 0 1 0 1 0;
  INPUT ---        0 0 0 0 1 0 0 1;
  INPUT ---       blabel(1)=Phi:(Intercept);
  INPUT ---       blabel(2)=Phi:time9.765;
  INPUT ---       blabel(3)=Phi:time11.699;
  INPUT ---       blabel(4)=Phi:time16.742;
  INPUT ---       blabel(5)=p:(Intercept);
  INPUT ---       blabel(6)=p:time11.699;
  INPUT ---       blabel(7)=p:time16.742;
  INPUT ---       blabel(8)=p:time16.833;
  INPUT ---       rlabel(1)=Phi g1 c1 a0 t1;
  INPUT ---       rlabel(2)=Phi g1 c1 a8.765 t9.765;
  INPUT ---       rlabel(3)=Phi g1 c1 a10.699 t11.699;
  INPUT ---       rlabel(4)=Phi g1 c1 a15.742 t16.742;
  INPUT ---       rlabel(5)=p g1 c1 a8.765 t9.765;
  INPUT ---       rlabel(6)=p g1 c1 a10.699 t11.699;
  INPUT ---       rlabel(7)=p g1 c1 a15.742 t16.742;
  INPUT ---       rlabel(8)=p g1 c1 a15.833 t16.833;

 Link Function Used is LOGIT        

  Program  MARK  - Survival Rate Estimation with Capture-Recapture Data
   gfortran(dble) Vers. 9.0 Jan 2019  27-Jan-2023 13:15:25    Page  003
 - - - - - - - - - - - - - - - - - - - - - - - - - - - - - - - - - - - - - -
 

 Variance Estimation Procedure Used is 2ndPart 
 -2logL(saturated) = 233.51545     
 Effective Sample Size = 642

 Number of function evaluations was 93 for 8 parameters.
 CPU Time for numerical optimization was 0.02 seconds.     
 -2logL { Phi(~time)p(~time) } = 235.45662     
 Penalty { Phi(~time)p(~time) } = 0.0000000     
 Gradient { Phi(~time)p(~time) }:
 -0.77019857E-05 -0.85094102E-06  0.46245501E-06   0.0000000     -0.10482651E-05
 -0.10960533E-06   0.0000000       0.0000000    
 Maximum ABS(G) { Phi(~time)p(~time) } = 0.7701986E-05 
 CPU Time to compute VC matrix was 0.01 seconds.     
 S Vector { Phi(~time)p(~time) }:
   164.7625      6.346721      3.433511      1.816369     0.4739221    
  0.2364907     0.2448154E-06 0.8631796E-07
 CPU Time to invert VC matrix was 0.01 seconds.     
 Ratio Threshold = 50.000000       Max Gap (6/7) = 965996.04       Next Max Gap (1/2) = 25.960251     
 Gap Method for Num. of Estimated Parameters { Phi(~time)p(~time) } = 6          
 Threshold { Phi(~time)p(~time) } = 0.1540397E-04           
 Numerical Threshold Method for Num. of Estimated Parameters { Phi(~time)p(~time) } = 6          
 Number of Estimated Parameters { Phi(~time)p(~time) } = 6          
 DEVIANCE { Phi(~time)p(~time) } = 1.9411664               
 DEVIANCE Degrees of Freedom { Phi(~time)p(~time) } = 0          
 c-hat { Phi(~time)p(~time) } = 1.0000000               
 AIC { Phi(~time)p(~time) } = 247.45662               
 AICc { Phi(~time)p(~time) } = 247.58890               
 BIC { Phi(~time)p(~time) } = 274.24415               
 Pearson Chisquare { Phi(~time)p(~time) } = 1.6071437               
 Possible Encounter Histories { Phi(~time)p(~time) } = 16          
 Pearson Chisquare df { Phi(~time)p(~time) } = 9          
 Pearson chat { Phi(~time)p(~time) } = 0.1785715               
 Sum(Observed/Expected) { Phi(~time)p(~time) } = 8.6071447               
 s-bar { Phi(~time)p(~time) } = -0.4928570              
 Fletcher chat { Phi(~time)p(~time) } = 0.3521128               


                 LOGIT Link Function Parameters of { Phi(~time)p(~time) }
                                                              95% Confidence Interval
    Parameter                  Beta         Standard Error     Lower           Upper
 -------------------------  --------------  --------------  --------------  --------------
    1:Phi:(Intercept)        0.7335063       0.0796071       0.5774764       0.8895361    
    2:Phi:time9.765          1.2414581       0.5434022       0.1763897       2.3065264    
    3:Phi:time11.699         3.1243983       1.5463029       0.0936445       6.1551520    
    4:Phi:time16.742        -2.3212609       1908.5088      -3742.9985       3738.3560    
    5:p:(Intercept)          2.6390576       1.0350978       0.6102658       4.6678494    
    6:p:time11.699           16.401969       3403.5241      -6654.5055       6687.3094    
    7:p:time16.742          -1.9459107       1.2535657      -4.4028995       0.5110781    
    8:p:time16.833          -1.3532104       665.88623      -1306.4902       1303.7838    


                    Real Function Parameters of { Phi(~time)p(~time) }
                                                               95% Confidence Interval
     Parameter                Estimate       Standard Error     Lower           Upper
 --------------------------  --------------  --------------  --------------  --------------
     1:Phi g1 c1 a0 t1        0.6755742       0.0174478       0.6404865       0.7087944                          
     2:Phi g1 c1 a8.765 t9.   0.8781433       0.0572056       0.7164988       0.9535922                          
     3:Phi g1 c1 a10.699 t1   0.9793243       0.0312683       0.6966022       0.9989777                          
     4:Phi g1 c1 a15.742 t1   0.1697000       268.91258      0.1136924E-308   1.0000000                          
     5:p g1 c1 a8.765 t9.76   0.9333334       0.0644061       0.6480014       0.9906950                          
     6:p g1 c1 a10.699 t11.   1.0000000       0.1830273E-04   0.9999641       1.0000359                          
     7:p g1 c1 a15.742 t16.   0.6666666       0.1571348       0.3334144       0.8888528                          
     8:p g1 c1 a15.833 t16.   0.7834435       112.97400      0.2012430E-307   1.0000000                          

 Attempted ordering of parameters by estimatibility:
  1 5 2 7 3 8 4 6
 Beta number 6 is a singular value.

  Program  MARK  - Survival Rate Estimation with Capture-Recapture Data
   gfortran(dble) Vers. 9.0 Jan 2019  27-Jan-2023 13:15:26    Page  004
 - - - - - - - - - - - - - - - - - - - - - - - - - - - - - - - - - - - - - -
 

   CPU Time for the last procedure was 0.02 seconds.     


  INPUT --- proc stop;

     CPU Time in minutes for this job was 0.00

     Time Start = 13:15:25.902   Time End = 13:15:26.021

     Wall Clock Time in minutes for this job was 0.00


          E X E C U T I O N   S U C C E S S F U L 
