
   Program  MARK  - Survival Rate Estimation with Capture-Recapture Data
   gfortran(dble) Vers. 9.0 Jan 2019  24-Jan-2023 13:50:26    Page  001
    
 - - - - - - - - - - - - - - - - - - - - - - - - - - - - - - - - - - - - - -
 
   Welcome to MARK pgcar on machine DESKTOP-TG0OUVB in subdirectory 
   "C:\Users\pgcar\Documents\github\calfishtrack-shiny\data" running file "mark008.inp".
   This version was compiled by GCC version 11.2.0 using the options: 
     -cpp -iprefix c:\tdm-gcc-64\mingw64\bin\../lib/gcc/x86_64-w64-mingw32/11.2.0/
     -D_MT -D_REENTRANT -U_REENTRANT -D IEEE -D DBLEPRECISION -m64 -mtune=generic
     -march=x86-64 -mthreads -O2 -std=f2018 -fimplicit-none -fbounds-check
     -funroll-loops -ftree-vectorize -ffpe-summary=invalid,zero,overflow,underflow
     -fno-unsafe-math-optimizations -frounding-math -fsignaling-nans -flto
     -fall-intrinsics -fopenmp.

   This problem will use 7 of 8 possible threads.


  INPUT --- proc title ;

   CPU Time for the last procedure was 0.01 seconds.     


  INPUT --- proc chmatrix occasions= 8 groups= 1 etype= Live Nodes= 101 
  INPUT --- ICMeans NoHist hist= 10 ;

  INPUT ---    time interval 2.05 6.377 0.048 1.9 0.019 5.034 0.091 ;

  INPUT ---    glabel(1)=Group 1;

      Number of unique encounter histories read was 10.

      Number of individual covariates read was 0.
      Time interval lengths vary and/or not equal to 1.

      Data type number is 1
      Data type is Live Recaptures (CJS)

   CPU Time for the last procedure was 0.01 seconds.     

  Program  MARK  - Survival Rate Estimation with Capture-Recapture Data
   gfortran(dble) Vers. 9.0 Jan 2019  24-Jan-2023 13:50:26    Page  002
 - - - - - - - - - - - - - - - - - - - - - - - - - - - - - - - - - - - - - -
 


  INPUT --- proc estimate link=Logit NOLOOP varest=2ndPart    ;


  INPUT --- model={ Phi(~time)p(~time) };

  INPUT ---    group=1 Phi    rows=7 cols=7 Triang ;
  INPUT ---        1 2 3 4 5 6 7 ;
  INPUT ---        2 3 4 5 6 7 ;
  INPUT ---        3 4 5 6 7 ;
  INPUT ---        4 5 6 7 ;
  INPUT ---        5 6 7 ;
  INPUT ---        6 7 ;
  INPUT ---        7 ;

  INPUT ---    group=1 p    rows=7 cols=7 Triang ;
  INPUT ---        8 9 10 11 12 13 14 ;
  INPUT ---        9 10 11 12 13 14 ;
  INPUT ---        10 11 12 13 14 ;
  INPUT ---        11 12 13 14 ;
  INPUT ---        12 13 14 ;
  INPUT ---        13 14 ;
  INPUT ---        14 ;

  INPUT ---    design matrix constraints=14 covariates=14;
  INPUT ---        1 0 0 0 0 0 0 0 0 0 0 0 0 0;
  INPUT ---        1 1 0 0 0 0 0 0 0 0 0 0 0 0;
  INPUT ---        1 0 1 0 0 0 0 0 0 0 0 0 0 0;
  INPUT ---        1 0 0 1 0 0 0 0 0 0 0 0 0 0;
  INPUT ---        1 0 0 0 1 0 0 0 0 0 0 0 0 0;
  INPUT ---        1 0 0 0 0 1 0 0 0 0 0 0 0 0;
  INPUT ---        1 0 0 0 0 0 1 0 0 0 0 0 0 0;
  INPUT ---        0 0 0 0 0 0 0 1 0 0 0 0 0 0;
  INPUT ---        0 0 0 0 0 0 0 1 1 0 0 0 0 0;
  INPUT ---        0 0 0 0 0 0 0 1 0 1 0 0 0 0;
  INPUT ---        0 0 0 0 0 0 0 1 0 0 1 0 0 0;
  INPUT ---        0 0 0 0 0 0 0 1 0 0 0 1 0 0;
  INPUT ---        0 0 0 0 0 0 0 1 0 0 0 0 1 0;
  INPUT ---        0 0 0 0 0 0 0 1 0 0 0 0 0 1;
  INPUT ---       blabel(1)=Phi:(Intercept);
  INPUT ---       blabel(2)=Phi:time3.05;
  INPUT ---       blabel(3)=Phi:time9.427;
  INPUT ---       blabel(4)=Phi:time9.475;
  INPUT ---       blabel(5)=Phi:time11.375;
  INPUT ---       blabel(6)=Phi:time11.394;

  Program  MARK  - Survival Rate Estimation with Capture-Recapture Data
   gfortran(dble) Vers. 9.0 Jan 2019  24-Jan-2023 13:50:26    Page  003
 - - - - - - - - - - - - - - - - - - - - - - - - - - - - - - - - - - - - - -
 
  INPUT ---       blabel(7)=Phi:time16.428;
  INPUT ---       blabel(8)=p:(Intercept);
  INPUT ---       blabel(9)=p:time9.427;
  INPUT ---       blabel(10)=p:time9.475;
  INPUT ---       blabel(11)=p:time11.375;
  INPUT ---       blabel(12)=p:time11.394;
  INPUT ---       blabel(13)=p:time16.428;
  INPUT ---       blabel(14)=p:time16.519;
  INPUT ---       rlabel(1)=Phi g1 c1 a0 t1;
  INPUT ---       rlabel(2)=Phi g1 c1 a2.05 t3.05;
  INPUT ---       rlabel(3)=Phi g1 c1 a8.427 t9.427;
  INPUT ---       rlabel(4)=Phi g1 c1 a8.475 t9.475;
  INPUT ---       rlabel(5)=Phi g1 c1 a10.375 t11.375;
  INPUT ---       rlabel(6)=Phi g1 c1 a10.394 t11.394;
  INPUT ---       rlabel(7)=Phi g1 c1 a15.428 t16.428;
  INPUT ---       rlabel(8)=p g1 c1 a2.05 t3.05;
  INPUT ---       rlabel(9)=p g1 c1 a8.427 t9.427;
  INPUT ---       rlabel(10)=p g1 c1 a8.475 t9.475;
  INPUT ---       rlabel(11)=p g1 c1 a10.375 t11.375;
  INPUT ---       rlabel(12)=p g1 c1 a10.394 t11.394;
  INPUT ---       rlabel(13)=p g1 c1 a15.428 t16.428;
  INPUT ---       rlabel(14)=p g1 c1 a15.519 t16.519;

 Link Function Used is LOGIT        

 Variance Estimation Procedure Used is 2ndPart 
 -2logL(saturated) = 1280.6788     
 Effective Sample Size = 1316

 Number of function evaluations was 53 for 14 parameters.
 CPU Time for numerical optimization was 0.01 seconds.     
 -2logL { Phi(~time)p(~time) } = 1308.7662     
 Penalty { Phi(~time)p(~time) } = 0.0000000     
 Gradient { Phi(~time)p(~time) }:
  0.87250080E-03 -0.11409425E-03   0.0000000       0.0000000       0.0000000    
  0.18791678E-03  0.28262821E-04  0.18111428E-03  0.35048445E-04  0.13956316E-03
 -0.18162282E-04  0.30589131E-04 -0.54685898E-04  0.46801210E-04
 Maximum ABS(G) { Phi(~time)p(~time) } = 0.8725008E-03 
 CPU Time to compute VC matrix was 0.02 seconds.     
 S Vector { Phi(~time)p(~time) }:
   437.4760      69.52705      16.59450      4.297075      3.943264    
   1.878840      1.878799      1.131517     0.9209191     0.7794374E-05
  0.1577671E-05 0.1378859E-07 0.5007038E-08 0.2147908E-11
 CPU Time to invert VC matrix was 0.01 seconds.     
 Ratio Threshold = 50.000000       Max Gap (9/10) = 118151.77       Next Max Gap (13/14) = 2331.1234     
 Gap Method for Num. of Estimated Parameters { Phi(~time)p(~time) } = 9          
 Threshold { Phi(~time)p(~time) } = 0.0017450               
 Numerical Threshold Method for Num. of Estimated Parameters { Phi(~time)p(~time) } = 9          
 Number of Estimated Parameters { Phi(~time)p(~time) } = 9          
 DEVIANCE { Phi(~time)p(~time) } = 28.087379               
 DEVIANCE Degrees of Freedom { Phi(~time)p(~time) } = 0          
 c-hat { Phi(~time)p(~time) } = 1.0000000               
 AIC { Phi(~time)p(~time) } = 1326.7662               
 AICc { Phi(~time)p(~time) } = 1326.9040               
 BIC { Phi(~time)p(~time) } = 1373.4074               
 Pearson Chisquare { Phi(~time)p(~time) } = 1090.0344               
 Possible Encounter Histories { Phi(~time)p(~time) } = 128          
 Pearson Chisquare df { Phi(~time)p(~time) } = 118          
 Pearson chat { Phi(~time)p(~time) } = 9.2375795               
 Sum(Observed/Expected) { Phi(~time)p(~time) } = 1097.7354               
 s-bar { Phi(~time)p(~time) } = 7.6357118               
 Fletcher chat { Phi(~time)p(~time) } = 1.0696952               

  Program  MARK  - Survival Rate Estimation with Capture-Recapture Data
   gfortran(dble) Vers. 9.0 Jan 2019  24-Jan-2023 13:50:26    Page  004
 - - - - - - - - - - - - - - - - - - - - - - - - - - - - - - - - - - - - - -
 


                 LOGIT Link Function Parameters of { Phi(~time)p(~time) }
                                                              95% Confidence Interval
    Parameter                  Beta         Standard Error     Lower           Upper
 -------------------------  --------------  --------------  --------------  --------------
    1:Phi:(Intercept)       -0.1542454       0.0571167      -0.2661942      -0.0422967    
    2:Phi:time3.05           1.2735539       0.1163292       1.0455487       1.5015590    
    3:Phi:time9.427          25.107402       0.0000000       25.107402       25.107402    
    4:Phi:time9.475          26.607067       14134.050      -27676.132       27729.347    
    5:Phi:time11.375         23.742654       682325.90      -1337335.1       1337382.5    
    6:Phi:time11.394         3.2223851       0.5492543       2.1458467       4.2989236    
    7:Phi:time16.428        -0.6196673       0.0000000      -0.6196673      -0.6196673    
    8:p:(Intercept)          17.703391       1.6883149       14.394294       21.012489    
    9:p:time9.427           -14.237698       1.9701830      -18.099257      -10.376139    
   10:p:time9.475           -14.962544       1.8392004      -18.567377      -11.357712    
   11:p:time11.375          -14.962586       1.8391951      -18.567409      -11.357764    
   12:p:time11.394          -14.962573       1.5225378      -17.946747      -11.978399    
   13:p:time16.428          -17.415718       1.7449497      -20.835820      -13.995617    
   14:p:time16.519          -15.627738       0.0000000      -15.627738      -15.627738    


                    Real Function Parameters of { Phi(~time)p(~time) }
                                                               95% Confidence Interval
     Parameter                Estimate       Standard Error     Lower           Upper
 --------------------------  --------------  --------------  --------------  --------------
     1:Phi g1 c1 a0 t1        0.4615149       0.0141946       0.4338417       0.4894274                          
     2:Phi g1 c1 a2.05 t3.0   0.7538604       0.0188045       0.7151803       0.7888385                          
     3:Phi g1 c1 a8.427 t9.   1.0000000       0.0000000       1.0000000       1.0000000                          
     4:Phi g1 c1 a8.475 t9.   1.0000000       0.4591464E-07   0.9999999       1.0000001                          
     5:Phi g1 c1 a10.375 t1   1.0000000       0.3887558E-04   0.9999238       1.0000762                          
     6:Phi g1 c1 a10.394 t1   0.9555592       0.0231981       0.8805278       0.9843088                          
     7:Phi g1 c1 a15.428 t1   0.3156333       0.0000000       0.3156333       0.3156333                          
     8:p g1 c1 a2.05 t3.05    1.0000000       0.3459142E-07   0.9999994       1.0000000                          
     9:p g1 c1 a8.427 t9.42   0.9696957       0.0298418       0.8138596       0.9957480                          
    10:p g1 c1 a8.475 t9.47   0.9393943       0.0415365       0.7876613       0.9847950                          
    11:p g1 c1 a10.375 t11.   0.9393919       0.0415372       0.7876587       0.9847940                          
    12:p g1 c1 a10.394 t11.   0.9393927       0.0415371       0.7876590       0.9847943                          
    13:p g1 c1 a15.428 t16.   0.5714264       0.1079903       0.3597135       0.7598677                          
    14:p g1 c1 a15.519 t16.   0.8885142       0.0000000       0.8885142       0.8885142                          

 Attempted ordering of parameters by estimatibility:
   1  2  8  6 13 11 12 10  9  7 14  3  4  5
 Beta number 5 is a singular value.

   CPU Time for the last procedure was 0.03 seconds.     

  Program  MARK  - Survival Rate Estimation with Capture-Recapture Data
   gfortran(dble) Vers. 9.0 Jan 2019  24-Jan-2023 13:50:26    Page  005
 - - - - - - - - - - - - - - - - - - - - - - - - - - - - - - - - - - - - - -
 


  INPUT --- proc stop;

     CPU Time in minutes for this job was 0.00

     Time Start = 13:50:26.266   Time End = 13:50:26.547

     Wall Clock Time in minutes for this job was 0.00


          E X E C U T I O N   S U C C E S S F U L 
