
   Program  MARK  - Survival Rate Estimation with Capture-Recapture Data
   gfortran(dble) Vers. 9.0 Jan 2019  27-Jan-2023 09:28:25    Page  001
    
 - - - - - - - - - - - - - - - - - - - - - - - - - - - - - - - - - - - - - -
 
   Welcome to MARK pgcar on machine DESKTOP-TG0OUVB in subdirectory 
   "C:\Users\pgcar\Documents\github\calfishtrack-shiny\data" running file "mark026.inp".
   This version was compiled by GCC version 11.2.0 using the options: 
     -cpp -iprefix c:\tdm-gcc-64\mingw64\bin\../lib/gcc/x86_64-w64-mingw32/11.2.0/
     -D_MT -D_REENTRANT -U_REENTRANT -D IEEE -D DBLEPRECISION -m64 -mtune=generic
     -march=x86-64 -mthreads -O2 -std=f2018 -fimplicit-none -fbounds-check
     -funroll-loops -ftree-vectorize -ffpe-summary=invalid,zero,overflow,underflow
     -fno-unsafe-math-optimizations -frounding-math -fsignaling-nans -flto
     -fall-intrinsics -fopenmp.

   This problem will use 7 of 8 possible threads.


  INPUT --- proc title ;

   CPU Time for the last procedure was 0.01 seconds.     


  INPUT --- proc chmatrix occasions= 5 groups= 1 etype= Live Nodes= 101 
  INPUT --- ICMeans NoHist hist= 6 ;

  INPUT ---    time interval 8.765 1.934 5.043 0.091 ;

  INPUT ---    glabel(1)=Group 1;

      Number of unique encounter histories read was 6.

      Number of individual covariates read was 0.
      Time interval lengths vary and/or not equal to 1.

      Data type number is 1
      Data type is Live Recaptures (CJS)

   CPU Time for the last procedure was 0.01 seconds.     

  Program  MARK  - Survival Rate Estimation with Capture-Recapture Data
   gfortran(dble) Vers. 9.0 Jan 2019  27-Jan-2023 09:28:25    Page  002
 - - - - - - - - - - - - - - - - - - - - - - - - - - - - - - - - - - - - - -
 


  INPUT --- proc estimate link=Logit NOLOOP varest=2ndPart    ;


  INPUT --- model={ Phi(~time)p(~time) };

  INPUT ---    group=1 Phi    rows=4 cols=4 Triang ;
  INPUT ---        1 2 3 4 ;
  INPUT ---        2 3 4 ;
  INPUT ---        3 4 ;
  INPUT ---        4 ;

  INPUT ---    group=1 p    rows=4 cols=4 Triang ;
  INPUT ---        5 6 7 8 ;
  INPUT ---        6 7 8 ;
  INPUT ---        7 8 ;
  INPUT ---        8 ;

  INPUT ---    design matrix constraints=8 covariates=8;
  INPUT ---        1 0 0 0 0 0 0 0;
  INPUT ---        1 1 0 0 0 0 0 0;
  INPUT ---        1 0 1 0 0 0 0 0;
  INPUT ---        1 0 0 1 0 0 0 0;
  INPUT ---        0 0 0 0 1 0 0 0;
  INPUT ---        0 0 0 0 1 1 0 0;
  INPUT ---        0 0 0 0 1 0 1 0;
  INPUT ---        0 0 0 0 1 0 0 1;
  INPUT ---       blabel(1)=Phi:(Intercept);
  INPUT ---       blabel(2)=Phi:time9.765;
  INPUT ---       blabel(3)=Phi:time11.699;
  INPUT ---       blabel(4)=Phi:time16.742;
  INPUT ---       blabel(5)=p:(Intercept);
  INPUT ---       blabel(6)=p:time11.699;
  INPUT ---       blabel(7)=p:time16.742;
  INPUT ---       blabel(8)=p:time16.833;
  INPUT ---       rlabel(1)=Phi g1 c1 a0 t1;
  INPUT ---       rlabel(2)=Phi g1 c1 a8.765 t9.765;
  INPUT ---       rlabel(3)=Phi g1 c1 a10.699 t11.699;
  INPUT ---       rlabel(4)=Phi g1 c1 a15.742 t16.742;
  INPUT ---       rlabel(5)=p g1 c1 a8.765 t9.765;
  INPUT ---       rlabel(6)=p g1 c1 a10.699 t11.699;
  INPUT ---       rlabel(7)=p g1 c1 a15.742 t16.742;
  INPUT ---       rlabel(8)=p g1 c1 a15.833 t16.833;

 Link Function Used is LOGIT        

  Program  MARK  - Survival Rate Estimation with Capture-Recapture Data
   gfortran(dble) Vers. 9.0 Jan 2019  27-Jan-2023 09:28:25    Page  003
 - - - - - - - - - - - - - - - - - - - - - - - - - - - - - - - - - - - - - -
 

 Variance Estimation Procedure Used is 2ndPart 
 -2logL(saturated) = 230.51997     
 Effective Sample Size = 346

 Number of function evaluations was 45 for 8 parameters.
 CPU Time for numerical optimization was 0.03 seconds.     
 -2logL { Phi(~time)p(~time) } = 230.51997     
 Penalty { Phi(~time)p(~time) } = 0.0000000     
 Gradient { Phi(~time)p(~time) }:
  0.22467708E-03 -0.25732438E-05  0.23805997E-04 -0.45397274E-06 -0.13058963E-04
 -0.14943713E-06 -0.12956034E-04   0.0000000    
 Maximum ABS(G) { Phi(~time)p(~time) } = 0.2246771E-03 
 CPU Time to compute VC matrix was 0.02 seconds.     
 S Vector { Phi(~time)p(~time) }:
   132.8925      6.689059      3.348177      1.880795     0.3221790    
  0.9740743E-05 0.6872331E-07 0.2826058E-11
 CPU Time to invert VC matrix was 0.01 seconds.     
 Ratio Threshold = 50.000000       Max Gap (5/6) = 33075.401       Next Max Gap (7/8) = 24317.729     
 Gap Method for Num. of Estimated Parameters { Phi(~time)p(~time) } = 5          
 Threshold { Phi(~time)p(~time) } = 0.4493542E-03           
 Numerical Threshold Method for Num. of Estimated Parameters { Phi(~time)p(~time) } = 5          
 Number of Estimated Parameters { Phi(~time)p(~time) } = 5          
 DEVIANCE { Phi(~time)p(~time) } = 0.1382970E-06           
 DEVIANCE Degrees of Freedom { Phi(~time)p(~time) } = 0          
 c-hat { Phi(~time)p(~time) } = 1.0000000               
 AIC { Phi(~time)p(~time) } = 240.51997               
 AICc { Phi(~time)p(~time) } = 240.69644               
 BIC { Phi(~time)p(~time) } = 259.75216               
 Pearson Chisquare { Phi(~time)p(~time) } = 0.6921982E-07           
 Possible Encounter Histories { Phi(~time)p(~time) } = 16          
 Pearson Chisquare df { Phi(~time)p(~time) } = 10          
 Pearson chat { Phi(~time)p(~time) } = 0.6921982E-08           
 Sum(Observed/Expected) { Phi(~time)p(~time) } = 5.9999862               
 s-bar { Phi(~time)p(~time) } = -0.6666676              
 Fletcher chat { Phi(~time)p(~time) } = 0.2076600E-07           


                 LOGIT Link Function Parameters of { Phi(~time)p(~time) }
                                                              95% Confidence Interval
    Parameter                  Beta         Standard Error     Lower           Upper
 -------------------------  --------------  --------------  --------------  --------------
    1:Phi:(Intercept)        1.1138329       0.0902284       0.9369853       1.2906806    
    2:Phi:time9.765          1.9648937       0.7289660       0.5361204       3.3936671    
    3:Phi:time11.699         1.1632538       0.3952484       0.3885670       1.9379406    
    4:Phi:time16.742        -3.2014607       0.0000000      -3.2014607      -3.2014607    
    5:p:(Intercept)          69.107201       0.0000000       69.107201       69.107201    
    6:p:time11.699          -50.054209       3811.5227      -7520.6389       7420.5304    
    7:p:time16.742          -67.603129       0.0000000      -67.603129      -67.603129    
    8:p:time16.833          -59.404098       0.0000000      -59.404098      -59.404098    


                    Real Function Parameters of { Phi(~time)p(~time) }
                                                               95% Confidence Interval
     Parameter                Estimate       Standard Error     Lower           Upper
 --------------------------  --------------  --------------  --------------  --------------
     1:Phi g1 c1 a0 t1        0.7528430       0.0167888       0.7184903       0.7842624                          
     2:Phi g1 c1 a8.765 t9.   0.9560067       0.0304230       0.8403642       0.9889751                          
     3:Phi g1 c1 a10.699 t1   0.9069615       0.0324713       0.8209586       0.9539691                          
     4:Phi g1 c1 a15.742 t1   0.1103052       0.0000000       0.1103052       0.1103052                          
     5:p g1 c1 a8.765 t9.76   1.0000000       0.0000000       1.0000000       1.0000000                          
     6:p g1 c1 a10.699 t11.   1.0000000       0.2030520E-04   0.9999602       1.0000398                          
     7:p g1 c1 a15.742 t16.   0.8181811       0.1162913       0.4929693       0.9541860                          
     8:p g1 c1 a15.833 t16.   0.9999389       0.0000000       0.9999389       0.9999389                          

 Attempted ordering of parameters by estimatibility:
  1 3 7 2 4 5 6 8
 Beta number 8 is a singular value.

  Program  MARK  - Survival Rate Estimation with Capture-Recapture Data
   gfortran(dble) Vers. 9.0 Jan 2019  27-Jan-2023 09:28:25    Page  004
 - - - - - - - - - - - - - - - - - - - - - - - - - - - - - - - - - - - - - -
 

   CPU Time for the last procedure was 0.05 seconds.     


  INPUT --- proc stop;

     CPU Time in minutes for this job was 0.00

     Time Start = 09:28:25.345   Time End = 09:28:25.472

     Wall Clock Time in minutes for this job was 0.00


          E X E C U T I O N   S U C C E S S F U L 
