
   Program  MARK  - Survival Rate Estimation with Capture-Recapture Data
   gfortran(dble) Vers. 9.0 Jan 2019  27-Jan-2023 09:30:10    Page  001
    
 - - - - - - - - - - - - - - - - - - - - - - - - - - - - - - - - - - - - - -
 
   Welcome to MARK pgcar on machine DESKTOP-TG0OUVB in subdirectory 
   "C:\Users\pgcar\Documents\github\calfishtrack-shiny\data" running file "mark027.inp".
   This version was compiled by GCC version 11.2.0 using the options: 
     -cpp -iprefix c:\tdm-gcc-64\mingw64\bin\../lib/gcc/x86_64-w64-mingw32/11.2.0/
     -D_MT -D_REENTRANT -U_REENTRANT -D IEEE -D DBLEPRECISION -m64 -mtune=generic
     -march=x86-64 -mthreads -O2 -std=f2018 -fimplicit-none -fbounds-check
     -funroll-loops -ftree-vectorize -ffpe-summary=invalid,zero,overflow,underflow
     -fno-unsafe-math-optimizations -frounding-math -fsignaling-nans -flto
     -fall-intrinsics -fopenmp.

   This problem will use 7 of 8 possible threads.


  INPUT --- proc title ;

   CPU Time for the last procedure was 0.01 seconds.     


  INPUT --- proc chmatrix occasions= 5 groups= 1 etype= Live Nodes= 101 
  INPUT --- ICMeans NoHist hist= 6 ;

  INPUT ---    time interval 6.401 1.934 5.043 0.091 ;

  INPUT ---    glabel(1)=Group 1;

      Number of unique encounter histories read was 6.

      Number of individual covariates read was 0.
      Time interval lengths vary and/or not equal to 1.

      Data type number is 1
      Data type is Live Recaptures (CJS)

   CPU Time for the last procedure was 0.01 seconds.     

  Program  MARK  - Survival Rate Estimation with Capture-Recapture Data
   gfortran(dble) Vers. 9.0 Jan 2019  27-Jan-2023 09:30:10    Page  002
 - - - - - - - - - - - - - - - - - - - - - - - - - - - - - - - - - - - - - -
 


  INPUT --- proc estimate link=Logit NOLOOP varest=2ndPart    ;


  INPUT --- model={ Phi(~time)p(~time) };

  INPUT ---    group=1 Phi    rows=4 cols=4 Triang ;
  INPUT ---        1 2 3 4 ;
  INPUT ---        2 3 4 ;
  INPUT ---        3 4 ;
  INPUT ---        4 ;

  INPUT ---    group=1 p    rows=4 cols=4 Triang ;
  INPUT ---        5 6 7 8 ;
  INPUT ---        6 7 8 ;
  INPUT ---        7 8 ;
  INPUT ---        8 ;

  INPUT ---    design matrix constraints=8 covariates=8;
  INPUT ---        1 0 0 0 0 0 0 0;
  INPUT ---        1 1 0 0 0 0 0 0;
  INPUT ---        1 0 1 0 0 0 0 0;
  INPUT ---        1 0 0 1 0 0 0 0;
  INPUT ---        0 0 0 0 1 0 0 0;
  INPUT ---        0 0 0 0 1 1 0 0;
  INPUT ---        0 0 0 0 1 0 1 0;
  INPUT ---        0 0 0 0 1 0 0 1;
  INPUT ---       blabel(1)=Phi:(Intercept);
  INPUT ---       blabel(2)=Phi:time7.401;
  INPUT ---       blabel(3)=Phi:time9.335;
  INPUT ---       blabel(4)=Phi:time14.378;
  INPUT ---       blabel(5)=p:(Intercept);
  INPUT ---       blabel(6)=p:time9.335;
  INPUT ---       blabel(7)=p:time14.378;
  INPUT ---       blabel(8)=p:time14.469;
  INPUT ---       rlabel(1)=Phi g1 c1 a0 t1;
  INPUT ---       rlabel(2)=Phi g1 c1 a6.401 t7.401;
  INPUT ---       rlabel(3)=Phi g1 c1 a8.335 t9.335;
  INPUT ---       rlabel(4)=Phi g1 c1 a13.378 t14.378;
  INPUT ---       rlabel(5)=p g1 c1 a6.401 t7.401;
  INPUT ---       rlabel(6)=p g1 c1 a8.335 t9.335;
  INPUT ---       rlabel(7)=p g1 c1 a13.378 t14.378;
  INPUT ---       rlabel(8)=p g1 c1 a13.469 t14.469;

 Link Function Used is LOGIT        

  Program  MARK  - Survival Rate Estimation with Capture-Recapture Data
   gfortran(dble) Vers. 9.0 Jan 2019  27-Jan-2023 09:30:10    Page  003
 - - - - - - - - - - - - - - - - - - - - - - - - - - - - - - - - - - - - - -
 

 Variance Estimation Procedure Used is 2ndPart 
 -2logL(saturated) = 270.86647     
 Effective Sample Size = 280

 Number of function evaluations was 69 for 8 parameters.
 CPU Time for numerical optimization was 0.06 seconds.     
 -2logL { Phi(~time)p(~time) } = 273.54990     
 Penalty { Phi(~time)p(~time) } = 0.0000000     
 Gradient { Phi(~time)p(~time) }:
   0.0000000       0.0000000       0.0000000       0.0000000       0.0000000    
   0.0000000       0.0000000       0.0000000    
 Maximum ABS(G) { Phi(~time)p(~time) } = 0.0000000     
 CPU Time to compute VC matrix was 0.01 seconds.     
 S Vector { Phi(~time)p(~time) }:
   102.1970      13.33340      5.184260      2.671869     0.2964098    
  0.1018522E-06 0.5097773E-07 0.6276107E-09
 CPU Time to invert VC matrix was 0.01 seconds.     
 Ratio Threshold = 50.000000       Max Gap (5/6) = 2910194.2       Next Max Gap (7/8) = 81.225077     
 Gap Method for Num. of Estimated Parameters { Phi(~time)p(~time) } = 5          
 Numerical Threshold Method for Num. of Estimated Parameters { Phi(~time)p(~time) } = 5          
 Number of Estimated Parameters { Phi(~time)p(~time) } = 5          
 DEVIANCE { Phi(~time)p(~time) } = 2.6834236               
 DEVIANCE Degrees of Freedom { Phi(~time)p(~time) } = 0          
 c-hat { Phi(~time)p(~time) } = 1.0000000               
 AIC { Phi(~time)p(~time) } = 283.54990               
 AICc { Phi(~time)p(~time) } = 283.76887               
 BIC { Phi(~time)p(~time) } = 301.72384               
 Pearson Chisquare { Phi(~time)p(~time) } = 2.7500004               
 Possible Encounter Histories { Phi(~time)p(~time) } = 16          
 Pearson Chisquare df { Phi(~time)p(~time) } = 10          
 Pearson chat { Phi(~time)p(~time) } = 0.2750000               
 Sum(Observed/Expected) { Phi(~time)p(~time) } = 8.6770839               
 s-bar { Phi(~time)p(~time) } = -0.4881944              
 Fletcher chat { Phi(~time)p(~time) } = 0.5373135               


                 LOGIT Link Function Parameters of { Phi(~time)p(~time) }
                                                              95% Confidence Interval
    Parameter                  Beta         Standard Error     Lower           Upper
 -------------------------  --------------  --------------  --------------  --------------
    1:Phi:(Intercept)        1.1236189       0.1012906       0.9250894       1.3221484    
    2:Phi:time7.401          19.896834       4360.3580      -8526.4050       8566.1987    
    3:Phi:time9.335          1.9463328       0.5555539       0.8574472       3.0352184    
    4:Phi:time14.378         3.9470441       3133.3794      -6137.4766       6145.3707    
    5:p:(Intercept)          3.4657360       1.0155047       1.4753467       5.4561253    
    6:p:time9.335            21.860297       0.0000000       21.860297       21.860297    
    7:p:time14.378          -3.1780540       1.1071108      -5.3479911      -1.0081169    
    8:p:time14.469          -2.0765907       8.9960242      -19.708799       15.555617    


                    Real Function Parameters of { Phi(~time)p(~time) }
                                                               95% Confidence Interval
     Parameter                Estimate       Standard Error     Lower           Upper
 --------------------------  --------------  --------------  --------------  --------------
     1:Phi g1 c1 a0 t1        0.7546594       0.0187538       0.7160780       0.7895389                          
     2:Phi g1 c1 a6.401 t7.   1.0000000       0.3239332E-05   0.9999937       1.0000063                          
     3:Phi g1 c1 a8.335 t9.   0.9556361       0.0231583       0.8807254       0.9843358                          
     4:Phi g1 c1 a13.378 t1   0.9937609       19.427452      0.8860238E-306   1.0000000                          
     5:p g1 c1 a6.401 t7.40   0.9696970       0.0298404       0.8138687       0.9957481                          
     6:p g1 c1 a8.335 t9.33   1.0000000       0.0000000       1.0000000       1.0000000                          
     7:p g1 c1 a13.378 t14.   0.5714286       0.1079898       0.3597161       0.7598689                          
     8:p g1 c1 a13.469 t14.   0.8004558       1.4277453       0.9874740E-07   1.0000000                          

 Attempted ordering of parameters by estimatibility:
  1 5 3 7 8 4 2 6
 Beta number 6 is a singular value.

  Program  MARK  - Survival Rate Estimation with Capture-Recapture Data
   gfortran(dble) Vers. 9.0 Jan 2019  27-Jan-2023 09:30:10    Page  004
 - - - - - - - - - - - - - - - - - - - - - - - - - - - - - - - - - - - - - -
 

   CPU Time for the last procedure was 0.06 seconds.     


  INPUT --- proc stop;

     CPU Time in minutes for this job was 0.00

     Time Start = 09:30:10.589   Time End = 09:30:10.757

     Wall Clock Time in minutes for this job was 0.00


          E X E C U T I O N   S U C C E S S F U L 
