
   Program  MARK  - Survival Rate Estimation with Capture-Recapture Data
   gfortran(dble) Vers. 9.0 Jan 2019  24-Jan-2023 16:31:33    Page  001
    
 - - - - - - - - - - - - - - - - - - - - - - - - - - - - - - - - - - - - - -
 
   Welcome to MARK pgcar on machine DESKTOP-TG0OUVB in subdirectory 
   "C:\Users\pgcar\Documents\github\calfishtrack-shiny\data" running file "mark012.inp".
   This version was compiled by GCC version 11.2.0 using the options: 
     -cpp -iprefix c:\tdm-gcc-64\mingw64\bin\../lib/gcc/x86_64-w64-mingw32/11.2.0/
     -D_MT -D_REENTRANT -U_REENTRANT -D IEEE -D DBLEPRECISION -m64 -mtune=generic
     -march=x86-64 -mthreads -O2 -std=f2018 -fimplicit-none -fbounds-check
     -funroll-loops -ftree-vectorize -ffpe-summary=invalid,zero,overflow,underflow
     -fno-unsafe-math-optimizations -frounding-math -fsignaling-nans -flto
     -fall-intrinsics -fopenmp.

   This problem will use 7 of 8 possible threads.


  INPUT --- proc title ;

   CPU Time for the last procedure was 0.01 seconds.     


  INPUT --- proc chmatrix occasions= 7 groups= 1 etype= Live Nodes= 101 
  INPUT --- ICMeans NoHist hist= 10 ;

  INPUT ---    time interval 0.116 0.02 8.63 1.934 5.043 0.091 ;

  INPUT ---    glabel(1)=Group 1;

      Number of unique encounter histories read was 10.

      Number of individual covariates read was 0.
      Time interval lengths vary and/or not equal to 1.

      Data type number is 1
      Data type is Live Recaptures (CJS)

   CPU Time for the last procedure was 0.01 seconds.     

  Program  MARK  - Survival Rate Estimation with Capture-Recapture Data
   gfortran(dble) Vers. 9.0 Jan 2019  24-Jan-2023 16:31:33    Page  002
 - - - - - - - - - - - - - - - - - - - - - - - - - - - - - - - - - - - - - -
 


  INPUT --- proc estimate link=Logit NOLOOP varest=2ndPart    ;


  INPUT --- model={ Phi(~time)p(~time) };

  INPUT ---    group=1 Phi    rows=6 cols=6 Triang ;
  INPUT ---        1 2 3 4 5 6 ;
  INPUT ---        2 3 4 5 6 ;
  INPUT ---        3 4 5 6 ;
  INPUT ---        4 5 6 ;
  INPUT ---        5 6 ;
  INPUT ---        6 ;

  INPUT ---    group=1 p    rows=6 cols=6 Triang ;
  INPUT ---        7 8 9 10 11 12 ;
  INPUT ---        8 9 10 11 12 ;
  INPUT ---        9 10 11 12 ;
  INPUT ---        10 11 12 ;
  INPUT ---        11 12 ;
  INPUT ---        12 ;

  INPUT ---    design matrix constraints=12 covariates=12;
  INPUT ---        1 0 0 0 0 0 0 0 0 0 0 0;
  INPUT ---        1 1 0 0 0 0 0 0 0 0 0 0;
  INPUT ---        1 0 1 0 0 0 0 0 0 0 0 0;
  INPUT ---        1 0 0 1 0 0 0 0 0 0 0 0;
  INPUT ---        1 0 0 0 1 0 0 0 0 0 0 0;
  INPUT ---        1 0 0 0 0 1 0 0 0 0 0 0;
  INPUT ---        0 0 0 0 0 0 1 0 0 0 0 0;
  INPUT ---        0 0 0 0 0 0 1 1 0 0 0 0;
  INPUT ---        0 0 0 0 0 0 1 0 1 0 0 0;
  INPUT ---        0 0 0 0 0 0 1 0 0 1 0 0;
  INPUT ---        0 0 0 0 0 0 1 0 0 0 1 0;
  INPUT ---        0 0 0 0 0 0 1 0 0 0 0 1;
  INPUT ---       blabel(1)=Phi:(Intercept);
  INPUT ---       blabel(2)=Phi:time1.116;
  INPUT ---       blabel(3)=Phi:time1.136;
  INPUT ---       blabel(4)=Phi:time9.766;
  INPUT ---       blabel(5)=Phi:time11.7;
  INPUT ---       blabel(6)=Phi:time16.743;
  INPUT ---       blabel(7)=p:(Intercept);
  INPUT ---       blabel(8)=p:time1.136;
  INPUT ---       blabel(9)=p:time9.766;
  INPUT ---       blabel(10)=p:time11.7;

  Program  MARK  - Survival Rate Estimation with Capture-Recapture Data
   gfortran(dble) Vers. 9.0 Jan 2019  24-Jan-2023 16:31:33    Page  003
 - - - - - - - - - - - - - - - - - - - - - - - - - - - - - - - - - - - - - -
 
  INPUT ---       blabel(11)=p:time16.743;
  INPUT ---       blabel(12)=p:time16.834;
  INPUT ---       rlabel(1)=Phi g1 c1 a0 t1;
  INPUT ---       rlabel(2)=Phi g1 c1 a0.116 t1.116;
  INPUT ---       rlabel(3)=Phi g1 c1 a0.136 t1.136;
  INPUT ---       rlabel(4)=Phi g1 c1 a8.766 t9.766;
  INPUT ---       rlabel(5)=Phi g1 c1 a10.7 t11.7;
  INPUT ---       rlabel(6)=Phi g1 c1 a15.743 t16.743;
  INPUT ---       rlabel(7)=p g1 c1 a0.116 t1.116;
  INPUT ---       rlabel(8)=p g1 c1 a0.136 t1.136;
  INPUT ---       rlabel(9)=p g1 c1 a8.766 t9.766;
  INPUT ---       rlabel(10)=p g1 c1 a10.7 t11.7;
  INPUT ---       rlabel(11)=p g1 c1 a15.743 t16.743;
  INPUT ---       rlabel(12)=p g1 c1 a15.834 t16.834;

 Link Function Used is LOGIT        

 Variance Estimation Procedure Used is 2ndPart 
 -2logL(saturated) = 1395.5391     
 Effective Sample Size = 1486

 Number of function evaluations was 109 for 12 parameters.
 CPU Time for numerical optimization was 0.01 seconds.     
 -2logL { Phi(~time)p(~time) } = 1454.1967     
 Penalty { Phi(~time)p(~time) } = 0.0000000     
 Gradient { Phi(~time)p(~time) }:
 -0.60907211E-03 -0.13208820E-04 -0.29310643E-03  0.46787535E-04 -0.10136566E-03
 -0.65785038E-04  0.61966152E-03  0.62271721E-03 -0.94861787E-06 -0.95351440E-06
 -0.46619117E-04 -0.24874823E-04
 Maximum ABS(G) { Phi(~time)p(~time) } = 0.6227172E-03 
 CPU Time to compute VC matrix was 0.01 seconds.     
 S Vector { Phi(~time)p(~time) }:
   222.8810      29.52327      11.79070      3.522250      2.777313    
   1.094906     0.8805825     0.2902954     0.7682730E-05 0.6637021E-05
  0.1741378E-06 0.8248660E-07
 CPU Time to invert VC matrix was 0.01 seconds.     
 Ratio Threshold = 50.000000       Max Gap (8/9) = 37785.456       Next Max Gap (10/11) = 38.113619     
 Gap Method for Num. of Estimated Parameters { Phi(~time)p(~time) } = 8          
 Threshold { Phi(~time)p(~time) } = 0.0012454               
 Numerical Threshold Method for Num. of Estimated Parameters { Phi(~time)p(~time) } = 8          
 Number of Estimated Parameters { Phi(~time)p(~time) } = 8          
 DEVIANCE { Phi(~time)p(~time) } = 58.657588               
 DEVIANCE Degrees of Freedom { Phi(~time)p(~time) } = 1          
 c-hat { Phi(~time)p(~time) } = 58.657588               
 AIC { Phi(~time)p(~time) } = 1470.1967               
 AICc { Phi(~time)p(~time) } = 1470.2942               
 BIC { Phi(~time)p(~time) } = 1512.6275               
 Pearson Chisquare { Phi(~time)p(~time) } = 1066.2500               
 Possible Encounter Histories { Phi(~time)p(~time) } = 64          
 Pearson Chisquare df { Phi(~time)p(~time) } = 55          
 Pearson chat { Phi(~time)p(~time) } = 19.386364               
 Sum(Observed/Expected) { Phi(~time)p(~time) } = 418.22706               
 s-bar { Phi(~time)p(~time) } = 5.6226517               
 Fletcher chat { Phi(~time)p(~time) } = 2.9272813               


                 LOGIT Link Function Parameters of { Phi(~time)p(~time) }
                                                              95% Confidence Interval
    Parameter                  Beta         Standard Error     Lower           Upper
 -------------------------  --------------  --------------  --------------  --------------
    1:Phi:(Intercept)       -12.227729       0.4886507      -13.185484      -11.269973    
    2:Phi:time1.116          24.414334       388.08168      -736.22577       785.05444    
    3:Phi:time1.136          13.420306       0.4980990       12.444032       14.396580    
    4:Phi:time9.766          15.306468       0.8729469       13.595492       17.017444    
    5:Phi:time11.7           14.504810       0.6219806       13.285728       15.723892    

  Program  MARK  - Survival Rate Estimation with Capture-Recapture Data
   gfortran(dble) Vers. 9.0 Jan 2019  24-Jan-2023 16:31:33    Page  004
 - - - - - - - - - - - - - - - - - - - - - - - - - - - - - - - - - - - - - -
 
    6:Phi:time16.743         10.365512       80.912978      -148.22393       168.95495    
    7:p:(Intercept)          3.7771323       0.4522757       2.8906718       4.6635928    
    8:p:time1.136           -1.0337955       0.5218855      -2.0566912      -0.0108999    
    9:p:time9.766            15.085285       2407.7903      -4704.1837       4734.3543    
   10:p:time11.7             15.002683       3473.5448      -6793.1452       6823.1506    
   11:p:time16.743          -2.2730755       0.9031387      -4.0432274      -0.5029236    
   12:p:time16.834           0.2268460       355.63309      -696.81402       697.26771    


                    Real Function Parameters of { Phi(~time)p(~time) }
                                                               95% Confidence Interval
     Parameter                Estimate       Standard Error     Lower           Upper
 --------------------------  --------------  --------------  --------------  --------------
     1:Phi g1 c1 a0 t1        0.4892860E-05   0.2390888E-05   0.1877657E-05   0.1274991E-04                      
     2:Phi g1 c1 a0.116 t1.   0.9999949       0.0019785      0.1091089E-302   1.0000000                          
     3:Phi g1 c1 a0.136 t1.   0.7672018       0.0172016       0.7318064       0.7992075                          
     4:Phi g1 c1 a8.766 t9.   0.9560072       0.0304229       0.8403648       0.9889753                          
     5:Phi g1 c1 a10.7 t11.   0.9069611       0.0324715       0.8209578       0.9539689                          
     6:Phi g1 c1 a15.743 t1   0.1344449       9.4156305       0.2079646E-69   1.0000000                          
     7:p g1 c1 a0.116 t1.11   0.9776239       0.0098937       0.9473834       0.9906556                          
     8:p g1 c1 a0.136 t1.13   0.9395359       0.0156627       0.9005132       0.9638666                          
     9:p g1 c1 a8.766 t9.76   1.0000000       0.1548014E-04   0.9999697       1.0000303                          
    10:p g1 c1 a10.7 t11.7    1.0000000       0.2425507E-04   0.9999525       1.0000475                          
    11:p g1 c1 a15.743 t16.   0.8181788       0.1162924       0.4929656       0.9541853                          
    12:p g1 c1 a15.834 t16.   0.9820839       6.2573913      0.1042678E-300   1.0000000                          

 Attempted ordering of parameters by estimatibility:
   1  7  3  8  5  4 11  6 12  2  9 10
 Beta number 10 is a singular value.

   CPU Time for the last procedure was 0.01 seconds.     

  Program  MARK  - Survival Rate Estimation with Capture-Recapture Data
   gfortran(dble) Vers. 9.0 Jan 2019  24-Jan-2023 16:31:33    Page  005
 - - - - - - - - - - - - - - - - - - - - - - - - - - - - - - - - - - - - - -
 


  INPUT --- proc stop;

     CPU Time in minutes for this job was 0.00

     Time Start = 16:31:33.137   Time End = 16:31:33.418

     Wall Clock Time in minutes for this job was 0.00


          E X E C U T I O N   S U C C E S S F U L 
