
   Program  MARK  - Survival Rate Estimation with Capture-Recapture Data
   gfortran(dble) Vers. 9.0 Jan 2019  27-Jan-2023 13:26:59    Page  001
    
 - - - - - - - - - - - - - - - - - - - - - - - - - - - - - - - - - - - - - -
 
   Welcome to MARK pgcar on machine DESKTOP-TG0OUVB in subdirectory 
   "C:\Users\pgcar\Documents\github\calfishtrack-shiny\data" running file "mark034.inp".
   This version was compiled by GCC version 11.2.0 using the options: 
     -cpp -iprefix c:\tdm-gcc-64\mingw64\bin\../lib/gcc/x86_64-w64-mingw32/11.2.0/
     -D_MT -D_REENTRANT -U_REENTRANT -D IEEE -D DBLEPRECISION -m64 -mtune=generic
     -march=x86-64 -mthreads -O2 -std=f2018 -fimplicit-none -fbounds-check
     -funroll-loops -ftree-vectorize -ffpe-summary=invalid,zero,overflow,underflow
     -fno-unsafe-math-optimizations -frounding-math -fsignaling-nans -flto
     -fall-intrinsics -fopenmp.

   This problem will use 7 of 8 possible threads.


  INPUT --- proc title ;

   CPU Time for the last procedure was 0.01 seconds.     


  INPUT --- proc chmatrix occasions= 8 groups= 1 etype= Live Nodes= 101 
  INPUT --- ICMeans NoHist hist= 13 ;

  INPUT ---    time interval 1 1 1 1 1 1 1 ;

  INPUT ---    glabel(1)=Group 1;

      Number of unique encounter histories read was 13.

      Number of individual covariates read was 0.
      Time interval lengths are all equal to 1.

      Data type number is 1
      Data type is Live Recaptures (CJS)

   CPU Time for the last procedure was 0.01 seconds.     

  Program  MARK  - Survival Rate Estimation with Capture-Recapture Data
   gfortran(dble) Vers. 9.0 Jan 2019  27-Jan-2023 13:26:59    Page  002
 - - - - - - - - - - - - - - - - - - - - - - - - - - - - - - - - - - - - - -
 


  INPUT --- proc estimate link=Logit NOLOOP varest=2ndPart    ;


  INPUT --- model={ Phi(~time)p(~time) };

  INPUT ---    group=1 Phi    rows=7 cols=7 Triang ;
  INPUT ---        1 2 3 4 5 6 7 ;
  INPUT ---        2 3 4 5 6 7 ;
  INPUT ---        3 4 5 6 7 ;
  INPUT ---        4 5 6 7 ;
  INPUT ---        5 6 7 ;
  INPUT ---        6 7 ;
  INPUT ---        7 ;

  INPUT ---    group=1 p    rows=7 cols=7 Triang ;
  INPUT ---        8 9 10 11 12 13 14 ;
  INPUT ---        9 10 11 12 13 14 ;
  INPUT ---        10 11 12 13 14 ;
  INPUT ---        11 12 13 14 ;
  INPUT ---        12 13 14 ;
  INPUT ---        13 14 ;
  INPUT ---        14 ;

  INPUT ---    design matrix constraints=14 covariates=14;
  INPUT ---        1 0 0 0 0 0 0 0 0 0 0 0 0 0;
  INPUT ---        1 1 0 0 0 0 0 0 0 0 0 0 0 0;
  INPUT ---        1 0 1 0 0 0 0 0 0 0 0 0 0 0;
  INPUT ---        1 0 0 1 0 0 0 0 0 0 0 0 0 0;
  INPUT ---        1 0 0 0 1 0 0 0 0 0 0 0 0 0;
  INPUT ---        1 0 0 0 0 1 0 0 0 0 0 0 0 0;
  INPUT ---        1 0 0 0 0 0 1 0 0 0 0 0 0 0;
  INPUT ---        0 0 0 0 0 0 0 1 0 0 0 0 0 0;
  INPUT ---        0 0 0 0 0 0 0 1 1 0 0 0 0 0;
  INPUT ---        0 0 0 0 0 0 0 1 0 1 0 0 0 0;
  INPUT ---        0 0 0 0 0 0 0 1 0 0 1 0 0 0;
  INPUT ---        0 0 0 0 0 0 0 1 0 0 0 1 0 0;
  INPUT ---        0 0 0 0 0 0 0 1 0 0 0 0 1 0;
  INPUT ---        0 0 0 0 0 0 0 1 0 0 0 0 0 1;
  INPUT ---       blabel(1)=Phi:(Intercept);
  INPUT ---       blabel(2)=Phi:time2;
  INPUT ---       blabel(3)=Phi:time3;
  INPUT ---       blabel(4)=Phi:time4;
  INPUT ---       blabel(5)=Phi:time5;
  INPUT ---       blabel(6)=Phi:time6;

  Program  MARK  - Survival Rate Estimation with Capture-Recapture Data
   gfortran(dble) Vers. 9.0 Jan 2019  27-Jan-2023 13:26:59    Page  003
 - - - - - - - - - - - - - - - - - - - - - - - - - - - - - - - - - - - - - -
 
  INPUT ---       blabel(7)=Phi:time7;
  INPUT ---       blabel(8)=p:(Intercept);
  INPUT ---       blabel(9)=p:time3;
  INPUT ---       blabel(10)=p:time4;
  INPUT ---       blabel(11)=p:time5;
  INPUT ---       blabel(12)=p:time6;
  INPUT ---       blabel(13)=p:time7;
  INPUT ---       blabel(14)=p:time8;
  INPUT ---       rlabel(1)=Phi g1 c1 a0 t1;
  INPUT ---       rlabel(2)=Phi g1 c1 a1 t2;
  INPUT ---       rlabel(3)=Phi g1 c1 a2 t3;
  INPUT ---       rlabel(4)=Phi g1 c1 a3 t4;
  INPUT ---       rlabel(5)=Phi g1 c1 a4 t5;
  INPUT ---       rlabel(6)=Phi g1 c1 a5 t6;
  INPUT ---       rlabel(7)=Phi g1 c1 a6 t7;
  INPUT ---       rlabel(8)=p g1 c1 a1 t2;
  INPUT ---       rlabel(9)=p g1 c1 a2 t3;
  INPUT ---       rlabel(10)=p g1 c1 a3 t4;
  INPUT ---       rlabel(11)=p g1 c1 a4 t5;
  INPUT ---       rlabel(12)=p g1 c1 a5 t6;
  INPUT ---       rlabel(13)=p g1 c1 a6 t7;
  INPUT ---       rlabel(14)=p g1 c1 a7 t8;

 Link Function Used is LOGIT        

 Variance Estimation Procedure Used is 2ndPart 
 -2logL(saturated) = 1791.9886     
 Effective Sample Size = 1710

 Number of function evaluations was 98 for 14 parameters.
 CPU Time for numerical optimization was 0.01 seconds.     
 -2logL { Phi(~time)p(~time) } = 1797.0995     
 Penalty { Phi(~time)p(~time) } = 0.0000000     
 Gradient { Phi(~time)p(~time) }:
  0.45922182E-03 -0.40990408E-03 -0.22112956E-04  0.77648505E-04  0.41298475E-04
 -0.12299309E-04  0.12966316E-03 -0.10993313E-03  0.62761257E-04   0.0000000    
   0.0000000       0.0000000     -0.10855895E-03  0.12792784E-04
 Maximum ABS(G) { Phi(~time)p(~time) } = 0.4592218E-03 
 CPU Time to compute VC matrix was 0.02 seconds.     
 S Vector { Phi(~time)p(~time) }:
   319.3011      63.62740      28.71122      16.02026      13.14925    
   3.057302      2.538626      1.763267      1.697972     0.7994441    
  0.7132382E-05 0.4853628E-06 0.3002252E-07 0.1726291E-08
 CPU Time to invert VC matrix was 0.01 seconds.     
 Ratio Threshold = 50.000000       Max Gap (10/11) = 112086.56       Next Max Gap (13/14) = 17.391341     
 Gap Method for Num. of Estimated Parameters { Phi(~time)p(~time) } = 10          
 Threshold { Phi(~time)p(~time) } = 0.9184436E-03           
 Numerical Threshold Method for Num. of Estimated Parameters { Phi(~time)p(~time) } = 10          
 Number of Estimated Parameters { Phi(~time)p(~time) } = 10          
 DEVIANCE { Phi(~time)p(~time) } = 5.1109042               
 DEVIANCE Degrees of Freedom { Phi(~time)p(~time) } = 2          
 c-hat { Phi(~time)p(~time) } = 2.5554521               
 AIC { Phi(~time)p(~time) } = 1817.0995               
 AICc { Phi(~time)p(~time) } = 1817.2290               
 BIC { Phi(~time)p(~time) } = 1871.5420               
 Pearson Chisquare { Phi(~time)p(~time) } = 12.321605               
 Possible Encounter Histories { Phi(~time)p(~time) } = 128          
 Pearson Chisquare df { Phi(~time)p(~time) } = 117          
 Pearson chat { Phi(~time)p(~time) } = 0.1053129               
 Sum(Observed/Expected) { Phi(~time)p(~time) } = 24.838367               
 s-bar { Phi(~time)p(~time) } = -0.8122963              
 Fletcher chat { Phi(~time)p(~time) } = 0.5610592               

  Program  MARK  - Survival Rate Estimation with Capture-Recapture Data
   gfortran(dble) Vers. 9.0 Jan 2019  27-Jan-2023 13:26:59    Page  004
 - - - - - - - - - - - - - - - - - - - - - - - - - - - - - - - - - - - - - -
 


                 LOGIT Link Function Parameters of { Phi(~time)p(~time) }
                                                              95% Confidence Interval
    Parameter                  Beta         Standard Error     Lower           Upper
 -------------------------  --------------  --------------  --------------  --------------
    1:Phi:(Intercept)        1.2926969       0.1019563       1.0928626       1.4925312    
    2:Phi:time2             -0.4145602       0.1475752      -0.7038076      -0.1253127    
    3:Phi:time3              0.3800768       0.1823074       0.0227542       0.7373994    
    4:Phi:time4             -3.9127762       0.2585691      -4.4195716      -3.4059808    
    5:Phi:time5              0.8473793       0.7544681      -0.6313782       2.3261367    
    6:Phi:time6             -0.2406217       0.8343386      -1.8759254       1.3946820    
    7:Phi:time7             -0.2944824       0.0000000      -0.2944824      -0.2944824    
    8:p:(Intercept)          3.5804213       0.3379447       2.9180496       4.2427930    
    9:p:time3                0.9449947       0.6716797      -0.3714975       2.2614869    
   10:p:time4                13.966450       1435.3795      -2799.3774       2827.3103    
   11:p:time5                26.117724       0.0000000       26.117724       26.117724    
   12:p:time6                17.409225       5771.3336      -11294.405       11329.223    
   13:p:time7               -3.3572867       0.7511334      -4.8295081      -1.8850652    
   14:p:time8                0.1927653       0.0000000       0.1927653       0.1927653    


                    Real Function Parameters of { Phi(~time)p(~time) }
                                                               95% Confidence Interval
     Parameter                Estimate       Standard Error     Lower           Upper
 --------------------------  --------------  --------------  --------------  --------------
     1:Phi g1 c1 a0 t1        0.7846033       0.0172307       0.7489204       0.8164579                          
     2:Phi g1 c1 a1 t2        0.7064360       0.0213524       0.6629199       0.7464826                          
     3:Phi g1 c1 a2 t3        0.8419453       0.0201117       0.7984371       0.8775029                          
     4:Phi g1 c1 a3 t4        0.0678573       0.0150300       0.0436963       0.1039258                          
     5:Phi g1 c1 a4 t5        0.8947378       0.0704056       0.6625958       0.9735391                          
     6:Phi g1 c1 a5 t6        0.7411732       0.1588562       0.3610124       0.9355427                          
     7:Phi g1 c1 a6 t7        0.7307074       0.0000000       0.7307074       0.7307074                          
     8:p g1 c1 a1 t2          0.9728914       0.0089129       0.9487315       0.9858361                          
     9:p g1 c1 a2 t3          0.9892858       0.0061526       0.9673177       0.9965404                          
    10:p g1 c1 a3 t4          1.0000000       0.3439201E-04  0.2321633E-300   1.0000000                          
    11:p g1 c1 a4 t5          1.0000000       0.0000000       1.0000000       1.0000000                          
    12:p g1 c1 a5 t6          1.0000000       0.4421693E-05   0.9999913       1.0000087                          
    13:p g1 c1 a6 t7          0.5555534       0.1656338       0.2513048       0.8231643                          
    14:p g1 c1 a7 t8          0.9775374       0.0000000       0.9775374       0.9775374                          

 Attempted ordering of parameters by estimatibility:
   1  2  3  8  4  9  6 13  5  7 14 10 12 11
 Beta number 11 is a singular value.

   CPU Time for the last procedure was 0.02 seconds.     

  Program  MARK  - Survival Rate Estimation with Capture-Recapture Data
   gfortran(dble) Vers. 9.0 Jan 2019  27-Jan-2023 13:26:59    Page  005
 - - - - - - - - - - - - - - - - - - - - - - - - - - - - - - - - - - - - - -
 


  INPUT --- proc stop;

     CPU Time in minutes for this job was 0.00

     Time Start = 13:26:59.472   Time End = 13:26:59.805

     Wall Clock Time in minutes for this job was 0.01


          E X E C U T I O N   S U C C E S S F U L 
