
   Program  MARK  - Survival Rate Estimation with Capture-Recapture Data
   gfortran(dble) Vers. 9.0 Jan 2019  24-Jan-2023 16:08:13    Page  001
    
 - - - - - - - - - - - - - - - - - - - - - - - - - - - - - - - - - - - - - -
 
   Welcome to MARK pgcar on machine DESKTOP-TG0OUVB in subdirectory 
   "C:\Users\pgcar\Documents\github\calfishtrack-shiny\data" running file "mark010.inp".
   This version was compiled by GCC version 11.2.0 using the options: 
     -cpp -iprefix c:\tdm-gcc-64\mingw64\bin\../lib/gcc/x86_64-w64-mingw32/11.2.0/
     -D_MT -D_REENTRANT -U_REENTRANT -D IEEE -D DBLEPRECISION -m64 -mtune=generic
     -march=x86-64 -mthreads -O2 -std=f2018 -fimplicit-none -fbounds-check
     -funroll-loops -ftree-vectorize -ffpe-summary=invalid,zero,overflow,underflow
     -fno-unsafe-math-optimizations -frounding-math -fsignaling-nans -flto
     -fall-intrinsics -fopenmp.

   This problem will use 7 of 8 possible threads.


  INPUT --- proc title ;

   CPU Time for the last procedure was 0.01 seconds.     


  INPUT --- proc chmatrix occasions= 8 groups= 1 etype= Live Nodes= 101 
  INPUT --- ICMeans NoHist hist= 15 ;

  INPUT ---    time interval 0.178 1.01 0.856 9.166 1.934 5.043 0.091 ;

  INPUT ---    glabel(1)=Group 1;

      Number of unique encounter histories read was 15.

      Number of individual covariates read was 0.
      Time interval lengths vary and/or not equal to 1.

      Data type number is 1
      Data type is Live Recaptures (CJS)

   CPU Time for the last procedure was 0.01 seconds.     

  Program  MARK  - Survival Rate Estimation with Capture-Recapture Data
   gfortran(dble) Vers. 9.0 Jan 2019  24-Jan-2023 16:08:13    Page  002
 - - - - - - - - - - - - - - - - - - - - - - - - - - - - - - - - - - - - - -
 


  INPUT --- proc estimate link=Logit NOLOOP varest=2ndPart    ;


  INPUT --- model={ Phi(~time)p(~time) };

  INPUT ---    group=1 Phi    rows=7 cols=7 Triang ;
  INPUT ---        1 2 3 4 5 6 7 ;
  INPUT ---        2 3 4 5 6 7 ;
  INPUT ---        3 4 5 6 7 ;
  INPUT ---        4 5 6 7 ;
  INPUT ---        5 6 7 ;
  INPUT ---        6 7 ;
  INPUT ---        7 ;

  INPUT ---    group=1 p    rows=7 cols=7 Triang ;
  INPUT ---        8 9 10 11 12 13 14 ;
  INPUT ---        9 10 11 12 13 14 ;
  INPUT ---        10 11 12 13 14 ;
  INPUT ---        11 12 13 14 ;
  INPUT ---        12 13 14 ;
  INPUT ---        13 14 ;
  INPUT ---        14 ;

  INPUT ---    design matrix constraints=14 covariates=14;
  INPUT ---        1 0 0 0 0 0 0 0 0 0 0 0 0 0;
  INPUT ---        1 1 0 0 0 0 0 0 0 0 0 0 0 0;
  INPUT ---        1 0 1 0 0 0 0 0 0 0 0 0 0 0;
  INPUT ---        1 0 0 1 0 0 0 0 0 0 0 0 0 0;
  INPUT ---        1 0 0 0 1 0 0 0 0 0 0 0 0 0;
  INPUT ---        1 0 0 0 0 1 0 0 0 0 0 0 0 0;
  INPUT ---        1 0 0 0 0 0 1 0 0 0 0 0 0 0;
  INPUT ---        0 0 0 0 0 0 0 1 0 0 0 0 0 0;
  INPUT ---        0 0 0 0 0 0 0 1 1 0 0 0 0 0;
  INPUT ---        0 0 0 0 0 0 0 1 0 1 0 0 0 0;
  INPUT ---        0 0 0 0 0 0 0 1 0 0 1 0 0 0;
  INPUT ---        0 0 0 0 0 0 0 1 0 0 0 1 0 0;
  INPUT ---        0 0 0 0 0 0 0 1 0 0 0 0 1 0;
  INPUT ---        0 0 0 0 0 0 0 1 0 0 0 0 0 1;
  INPUT ---       blabel(1)=Phi:(Intercept);
  INPUT ---       blabel(2)=Phi:time1.178;
  INPUT ---       blabel(3)=Phi:time2.188;
  INPUT ---       blabel(4)=Phi:time3.044;
  INPUT ---       blabel(5)=Phi:time12.21;
  INPUT ---       blabel(6)=Phi:time14.144;

  Program  MARK  - Survival Rate Estimation with Capture-Recapture Data
   gfortran(dble) Vers. 9.0 Jan 2019  24-Jan-2023 16:08:13    Page  003
 - - - - - - - - - - - - - - - - - - - - - - - - - - - - - - - - - - - - - -
 
  INPUT ---       blabel(7)=Phi:time19.187;
  INPUT ---       blabel(8)=p:(Intercept);
  INPUT ---       blabel(9)=p:time2.188;
  INPUT ---       blabel(10)=p:time3.044;
  INPUT ---       blabel(11)=p:time12.21;
  INPUT ---       blabel(12)=p:time14.144;
  INPUT ---       blabel(13)=p:time19.187;
  INPUT ---       blabel(14)=p:time19.278;
  INPUT ---       rlabel(1)=Phi g1 c1 a0 t1;
  INPUT ---       rlabel(2)=Phi g1 c1 a0.178 t1.178;
  INPUT ---       rlabel(3)=Phi g1 c1 a1.188 t2.188;
  INPUT ---       rlabel(4)=Phi g1 c1 a2.044 t3.044;
  INPUT ---       rlabel(5)=Phi g1 c1 a11.21 t12.21;
  INPUT ---       rlabel(6)=Phi g1 c1 a13.144 t14.144;
  INPUT ---       rlabel(7)=Phi g1 c1 a18.187 t19.187;
  INPUT ---       rlabel(8)=p g1 c1 a0.178 t1.178;
  INPUT ---       rlabel(9)=p g1 c1 a1.188 t2.188;
  INPUT ---       rlabel(10)=p g1 c1 a2.044 t3.044;
  INPUT ---       rlabel(11)=p g1 c1 a11.21 t12.21;
  INPUT ---       rlabel(12)=p g1 c1 a13.144 t14.144;
  INPUT ---       rlabel(13)=p g1 c1 a18.187 t19.187;
  INPUT ---       rlabel(14)=p g1 c1 a18.278 t19.278;

 Link Function Used is LOGIT        

 Variance Estimation Procedure Used is 2ndPart 
 -2logL(saturated) = 2396.0088     
 Effective Sample Size = 1899

 Number of function evaluations was 59 for 14 parameters.
 CPU Time for numerical optimization was 0.02 seconds.     
 -2logL { Phi(~time)p(~time) } = 2413.5849     
 Penalty { Phi(~time)p(~time) } = 0.0000000     
 Gradient { Phi(~time)p(~time) }:
 -0.15175178E-02  0.20610667E-04  0.30639351E-04 -0.11764132E-02   0.0000000    
 -0.29357228E-03  0.48679631E-04 -0.27317421E-03 -0.10937959E-03 -0.19616608E-04
   0.0000000       0.0000000     -0.24375970E-04   0.0000000    
 Maximum ABS(G) { Phi(~time)p(~time) } = 0.0015175     
 CPU Time to compute VC matrix was 0.02 seconds.     
 S Vector { Phi(~time)p(~time) }:
   335.8175      87.26694      38.58088      30.03733      7.321912    
   7.010398      3.209643      2.497745     0.8599674     0.4702353    
  0.3522274E-06 0.1511342E-06 0.9940440E-08 0.4475483E-08
 CPU Time to invert VC matrix was 0.01 seconds.     
 Ratio Threshold = 50.000000       Max Gap (10/11) = 1335032.9       Next Max Gap (12/13) = 15.203979     
 Gap Method for Num. of Estimated Parameters { Phi(~time)p(~time) } = 10          
 Threshold { Phi(~time)p(~time) } = 0.0030350               
 Numerical Threshold Method for Num. of Estimated Parameters { Phi(~time)p(~time) } = 10          
 Number of Estimated Parameters { Phi(~time)p(~time) } = 10          
 DEVIANCE { Phi(~time)p(~time) } = 17.576084               
 DEVIANCE Degrees of Freedom { Phi(~time)p(~time) } = 4          
 c-hat { Phi(~time)p(~time) } = 4.3940209               
 AIC { Phi(~time)p(~time) } = 2433.5849               
 AICc { Phi(~time)p(~time) } = 2433.7014               
 BIC { Phi(~time)p(~time) } = 2489.0757               
 Pearson Chisquare { Phi(~time)p(~time) } = 90.716673               
 Possible Encounter Histories { Phi(~time)p(~time) } = 128          
 Pearson Chisquare df { Phi(~time)p(~time) } = 117          
 Pearson chat { Phi(~time)p(~time) } = 0.7753562               
 Sum(Observed/Expected) { Phi(~time)p(~time) } = 101.86723               
 s-bar { Phi(~time)p(~time) } = -0.2057699              
 Fletcher chat { Phi(~time)p(~time) } = 0.9762362               

  Program  MARK  - Survival Rate Estimation with Capture-Recapture Data
   gfortran(dble) Vers. 9.0 Jan 2019  24-Jan-2023 16:08:13    Page  004
 - - - - - - - - - - - - - - - - - - - - - - - - - - - - - - - - - - - - - -
 


                 LOGIT Link Function Parameters of { Phi(~time)p(~time) }
                                                              95% Confidence Interval
    Parameter                  Beta         Standard Error     Lower           Upper
 -------------------------  --------------  --------------  --------------  --------------
    1:Phi:(Intercept)       -5.3950419       0.2333299      -5.8523685      -4.9377154    
    2:Phi:time1.178          6.4033454       0.2672958       5.8794456       6.9272453    
    3:Phi:time2.188          6.9682049       0.3507192       6.2807953       7.6556146    
    4:Phi:time3.044          6.8342443       0.2512523       6.3417898       7.3266988    
    5:Phi:time12.21          28.923718       10029.914      -19629.707       19687.555    
    6:Phi:time14.144         8.7715369       0.5789188       7.6368560       9.9062179    
    7:Phi:time19.187         5.2690652       1.4457479       2.4353993       8.1027311    
    8:p:(Intercept)          2.9100150       0.2744436       2.3721055       3.4479245    
    9:p:time2.188            0.3950307       0.4526647      -0.4921921       1.2822535    
   10:p:time3.044            0.5557011       1.0519325      -1.5060867       2.6174889    
   11:p:time12.21            16.880505       2572.2819      -5024.7922       5058.5532    
   12:p:time14.144           15.563976       1684.9554      -3286.9486       3318.0766    
   13:p:time19.187          -2.7558602       0.4796667      -3.6960068      -1.8157135    
   14:p:time19.278           32.711608       14947.896      -29265.165       29330.588    


                    Real Function Parameters of { Phi(~time)p(~time) }
                                                               95% Confidence Interval
     Parameter                Estimate       Standard Error     Lower           Upper
 --------------------------  --------------  --------------  --------------  --------------
     1:Phi g1 c1 a0 t1        0.0045185       0.0010495       0.0028649       0.0071199                          
     2:Phi g1 c1 a0.178 t1.   0.7326880       0.0237476       0.6836622       0.7765986                          
     3:Phi g1 c1 a1.188 t2.   0.8282341       0.0372502       0.7426816       0.8895716                          
     4:Phi g1 c1 a2.044 t3.   0.8083311       0.0144386       0.7784307       0.8350515                          
     5:Phi g1 c1 a11.21 t12   1.0000000       0.6066277E-06   0.9999988       1.0000012                          
     6:Phi g1 c1 a13.144 t1   0.9669618       0.0169258       0.9119803       0.9880492                          
     7:Phi g1 c1 a18.187 t1   0.4685474       0.3552873       0.0510527       0.9352658                          
     8:p g1 c1 a0.178 t1.17   0.9483393       0.0134455       0.9146753       0.9691692                          
     9:p g1 c1 a1.188 t2.18   0.9646015       0.0122917       0.9308283       0.9822002                          
    10:p g1 c1 a2.044 t3.04   0.9696964       0.0298408       0.8138667       0.9957480                          
    11:p g1 c1 a11.21 t12.2   1.0000000       0.6537399E-05   0.9999872       1.0000128                          
    12:p g1 c1 a13.144 t14.   1.0000000       0.1597482E-04   0.9999687       1.0000313                          
    13:p g1 c1 a18.187 t19.   0.5384626       0.0977672       0.3504862       0.7161029                          
    14:p g1 c1 a18.278 t19.   1.0000000       0.6638199E-11   1.0000000       1.0000000                          

 Attempted ordering of parameters by estimatibility:
   1  4  8  2  3  9 13  6 10  7 12 11  5 14
 Beta number 14 is a singular value.

   CPU Time for the last procedure was 0.03 seconds.     

  Program  MARK  - Survival Rate Estimation with Capture-Recapture Data
   gfortran(dble) Vers. 9.0 Jan 2019  24-Jan-2023 16:08:13    Page  005
 - - - - - - - - - - - - - - - - - - - - - - - - - - - - - - - - - - - - - -
 


  INPUT --- proc stop;

     CPU Time in minutes for this job was 0.00

     Time Start = 16:08:13.385   Time End = 16:08:13.663

     Wall Clock Time in minutes for this job was 0.00


          E X E C U T I O N   S U C C E S S F U L 
