
   Program  MARK  - Survival Rate Estimation with Capture-Recapture Data
   gfortran(dble) Vers. 9.0 Jan 2019  27-Jan-2023 09:25:07    Page  001
    
 - - - - - - - - - - - - - - - - - - - - - - - - - - - - - - - - - - - - - -
 
   Welcome to MARK pgcar on machine DESKTOP-TG0OUVB in subdirectory 
   "C:\Users\pgcar\Documents\github\calfishtrack-shiny\data" running file "mark025.inp".
   This version was compiled by GCC version 11.2.0 using the options: 
     -cpp -iprefix c:\tdm-gcc-64\mingw64\bin\../lib/gcc/x86_64-w64-mingw32/11.2.0/
     -D_MT -D_REENTRANT -U_REENTRANT -D IEEE -D DBLEPRECISION -m64 -mtune=generic
     -march=x86-64 -mthreads -O2 -std=f2018 -fimplicit-none -fbounds-check
     -funroll-loops -ftree-vectorize -ffpe-summary=invalid,zero,overflow,underflow
     -fno-unsafe-math-optimizations -frounding-math -fsignaling-nans -flto
     -fall-intrinsics -fopenmp.

   This problem will use 7 of 8 possible threads.


  INPUT --- proc title ;

   CPU Time for the last procedure was 0.01 seconds.     


  INPUT --- proc chmatrix occasions= 8 groups= 1 etype= Live Nodes= 101 
  INPUT --- ICMeans NoHist hist= 15 ;

  INPUT ---    time interval 0.178 1.01 0.856 9.166 1.934 5.043 0.091 ;

  INPUT ---    glabel(1)=Group 1;

      Number of unique encounter histories read was 15.

      Number of individual covariates read was 0.
      Time interval lengths vary and/or not equal to 1.

      Data type number is 1
      Data type is Live Recaptures (CJS)

   CPU Time for the last procedure was 0.01 seconds.     

  Program  MARK  - Survival Rate Estimation with Capture-Recapture Data
   gfortran(dble) Vers. 9.0 Jan 2019  27-Jan-2023 09:25:07    Page  002
 - - - - - - - - - - - - - - - - - - - - - - - - - - - - - - - - - - - - - -
 


  INPUT --- proc estimate link=Logit NOLOOP varest=2ndPart    ;


  INPUT --- model={ Phi(~time)p(~time) };

  INPUT ---    group=1 Phi    rows=7 cols=7 Triang ;
  INPUT ---        1 2 3 4 5 6 7 ;
  INPUT ---        2 3 4 5 6 7 ;
  INPUT ---        3 4 5 6 7 ;
  INPUT ---        4 5 6 7 ;
  INPUT ---        5 6 7 ;
  INPUT ---        6 7 ;
  INPUT ---        7 ;

  INPUT ---    group=1 p    rows=7 cols=7 Triang ;
  INPUT ---        8 9 10 11 12 13 14 ;
  INPUT ---        9 10 11 12 13 14 ;
  INPUT ---        10 11 12 13 14 ;
  INPUT ---        11 12 13 14 ;
  INPUT ---        12 13 14 ;
  INPUT ---        13 14 ;
  INPUT ---        14 ;

  INPUT ---    design matrix constraints=14 covariates=14;
  INPUT ---        1 0 0 0 0 0 0 0 0 0 0 0 0 0;
  INPUT ---        1 1 0 0 0 0 0 0 0 0 0 0 0 0;
  INPUT ---        1 0 1 0 0 0 0 0 0 0 0 0 0 0;
  INPUT ---        1 0 0 1 0 0 0 0 0 0 0 0 0 0;
  INPUT ---        1 0 0 0 1 0 0 0 0 0 0 0 0 0;
  INPUT ---        1 0 0 0 0 1 0 0 0 0 0 0 0 0;
  INPUT ---        1 0 0 0 0 0 1 0 0 0 0 0 0 0;
  INPUT ---        0 0 0 0 0 0 0 1 0 0 0 0 0 0;
  INPUT ---        0 0 0 0 0 0 0 1 1 0 0 0 0 0;
  INPUT ---        0 0 0 0 0 0 0 1 0 1 0 0 0 0;
  INPUT ---        0 0 0 0 0 0 0 1 0 0 1 0 0 0;
  INPUT ---        0 0 0 0 0 0 0 1 0 0 0 1 0 0;
  INPUT ---        0 0 0 0 0 0 0 1 0 0 0 0 1 0;
  INPUT ---        0 0 0 0 0 0 0 1 0 0 0 0 0 1;
  INPUT ---       blabel(1)=Phi:(Intercept);
  INPUT ---       blabel(2)=Phi:time1.178;
  INPUT ---       blabel(3)=Phi:time2.188;
  INPUT ---       blabel(4)=Phi:time3.044;
  INPUT ---       blabel(5)=Phi:time12.21;
  INPUT ---       blabel(6)=Phi:time14.144;

  Program  MARK  - Survival Rate Estimation with Capture-Recapture Data
   gfortran(dble) Vers. 9.0 Jan 2019  27-Jan-2023 09:25:07    Page  003
 - - - - - - - - - - - - - - - - - - - - - - - - - - - - - - - - - - - - - -
 
  INPUT ---       blabel(7)=Phi:time19.187;
  INPUT ---       blabel(8)=p:(Intercept);
  INPUT ---       blabel(9)=p:time2.188;
  INPUT ---       blabel(10)=p:time3.044;
  INPUT ---       blabel(11)=p:time12.21;
  INPUT ---       blabel(12)=p:time14.144;
  INPUT ---       blabel(13)=p:time19.187;
  INPUT ---       blabel(14)=p:time19.278;
  INPUT ---       rlabel(1)=Phi g1 c1 a0 t1;
  INPUT ---       rlabel(2)=Phi g1 c1 a0.178 t1.178;
  INPUT ---       rlabel(3)=Phi g1 c1 a1.188 t2.188;
  INPUT ---       rlabel(4)=Phi g1 c1 a2.044 t3.044;
  INPUT ---       rlabel(5)=Phi g1 c1 a11.21 t12.21;
  INPUT ---       rlabel(6)=Phi g1 c1 a13.144 t14.144;
  INPUT ---       rlabel(7)=Phi g1 c1 a18.187 t19.187;
  INPUT ---       rlabel(8)=p g1 c1 a0.178 t1.178;
  INPUT ---       rlabel(9)=p g1 c1 a1.188 t2.188;
  INPUT ---       rlabel(10)=p g1 c1 a2.044 t3.044;
  INPUT ---       rlabel(11)=p g1 c1 a11.21 t12.21;
  INPUT ---       rlabel(12)=p g1 c1 a13.144 t14.144;
  INPUT ---       rlabel(13)=p g1 c1 a18.187 t19.187;
  INPUT ---       rlabel(14)=p g1 c1 a18.278 t19.278;

 Link Function Used is LOGIT        

 Variance Estimation Procedure Used is 2ndPart 
 -2logL(saturated) = 1644.2003     
 Effective Sample Size = 1410

 Number of function evaluations was 58 for 14 parameters.
 CPU Time for numerical optimization was 0.02 seconds.     
 -2logL { Phi(~time)p(~time) } = 1661.7764     
 Penalty { Phi(~time)p(~time) } = 0.0000000     
 Gradient { Phi(~time)p(~time) }:
  0.74940712E-03 -0.22079950E-03 -0.75636219E-03  0.76315981E-03   0.0000000    
  0.52163608E-03   0.0000000      0.28097815E-03  0.87503855E-04 -0.13731521E-03
   0.0000000       0.0000000      0.16250537E-04 -0.24011283E-04
 Maximum ABS(G) { Phi(~time)p(~time) } = 0.7631598E-03 
 CPU Time to compute VC matrix was 0.01 seconds.     
 S Vector { Phi(~time)p(~time) }:
   344.1242      87.94260      39.35545      29.89441      8.083501    
   7.114839      3.459384      3.323108     0.9188092     0.7679556    
  0.1558093E-06 0.1378851E-06 0.1135561E-06 0.2386031E-08
 CPU Time to invert VC matrix was 0.01 seconds.     
 Ratio Threshold = 50.000000       Max Gap (10/11) = 4928818.1       Next Max Gap (13/14) = 47.592044     
 Gap Method for Num. of Estimated Parameters { Phi(~time)p(~time) } = 10          
 Threshold { Phi(~time)p(~time) } = 0.0015263               
 Numerical Threshold Method for Num. of Estimated Parameters { Phi(~time)p(~time) } = 10          
 Number of Estimated Parameters { Phi(~time)p(~time) } = 10          
 DEVIANCE { Phi(~time)p(~time) } = 17.576083               
 DEVIANCE Degrees of Freedom { Phi(~time)p(~time) } = 4          
 c-hat { Phi(~time)p(~time) } = 4.3940208               
 AIC { Phi(~time)p(~time) } = 1681.7764               
 AICc { Phi(~time)p(~time) } = 1681.9337               
 BIC { Phi(~time)p(~time) } = 1734.2899               
 Pearson Chisquare { Phi(~time)p(~time) } = 90.716981               
 Possible Encounter Histories { Phi(~time)p(~time) } = 128          
 Pearson Chisquare df { Phi(~time)p(~time) } = 117          
 Pearson chat { Phi(~time)p(~time) } = 0.7753588               
 Sum(Observed/Expected) { Phi(~time)p(~time) } = 101.86740               
 s-bar { Phi(~time)p(~time) } = -0.2057685              
 Fletcher chat { Phi(~time)p(~time) } = 0.9762378               

  Program  MARK  - Survival Rate Estimation with Capture-Recapture Data
   gfortran(dble) Vers. 9.0 Jan 2019  27-Jan-2023 09:25:07    Page  004
 - - - - - - - - - - - - - - - - - - - - - - - - - - - - - - - - - - - - - -
 


                 LOGIT Link Function Parameters of { Phi(~time)p(~time) }
                                                              95% Confidence Interval
    Parameter                  Beta         Standard Error     Lower           Upper
 -------------------------  --------------  --------------  --------------  --------------
    1:Phi:(Intercept)       -1.2397263       0.1889901      -1.6101468      -0.8693057    
    2:Phi:time1.178          2.2480285       0.2310293       1.7952110       2.7008460    
    3:Phi:time2.188          2.8128706       0.3229110       2.1799650       3.4457762    
    4:Phi:time3.044          2.6789374       0.2107182       2.2659298       3.0919450    
    5:Phi:time12.21          21.372298       2564.2588      -5004.5751       5047.3196    
    6:Phi:time14.144         4.6163437       0.5625719       3.5137028       5.7189846    
    7:Phi:time19.187         11.159738       2663.6622      -5209.6183       5231.9378    
    8:p:(Intercept)          2.9100293       0.2744454       2.3721163       3.4479424    
    9:p:time2.188            0.3950278       0.4526672      -0.4921999       1.2822556    
   10:p:time3.044            0.5557130       1.0518953      -1.5060019       2.6174278    
   11:p:time12.21            42.188227       20472.079      -40083.087       40167.464    
   12:p:time14.144           16.864325       2967.5276      -5799.4899       5833.2185    
   13:p:time19.187          -2.7558856       0.4796699      -3.6960386      -1.8157325    
   14:p:time19.278          -0.2709683       1.0857707      -2.3990789       1.8571423    


                    Real Function Parameters of { Phi(~time)p(~time) }
                                                               95% Confidence Interval
     Parameter                Estimate       Standard Error     Lower           Upper
 --------------------------  --------------  --------------  --------------  --------------
     1:Phi g1 c1 a0 t1        0.2244836       0.0329014       0.1665682       0.2953988                          
     2:Phi g1 c1 a0.178 t1.   0.7326878       0.0237476       0.6836620       0.7765984                          
     3:Phi g1 c1 a1.188 t2.   0.8282314       0.0372488       0.7426829       0.8895673                          
     4:Phi g1 c1 a2.044 t3.   0.8083325       0.0144385       0.7784322       0.8350527                          
     5:Phi g1 c1 a11.21 t12   1.0000000       0.4629106E-05   0.9999909       1.0000091                          
     6:Phi g1 c1 a13.144 t1   0.9669657       0.0169259       0.9119803       0.9880521                          
     7:Phi g1 c1 a18.187 t1   0.9999508       0.1309875      0.1131074E-303   1.0000000                          
     8:p g1 c1 a0.178 t1.17   0.9483400       0.0134454       0.9146762       0.9691697                          
     9:p g1 c1 a1.188 t2.18   0.9646019       0.0122916       0.9308288       0.9822005                          
    10:p g1 c1 a2.044 t3.04   0.9696972       0.0298389       0.8138821       0.9957478                          
    11:p g1 c1 a11.21 t12.2   1.0000000       0.0000000       1.0000000       1.0000000                          
    12:p g1 c1 a13.144 t14.   1.0000000       0.7664819E-05   0.9999850       1.0000150                          
    13:p g1 c1 a18.187 t19.   0.5384598       0.0977680       0.3504825       0.7161018                          
    14:p g1 c1 a18.278 t19.   0.9333336       0.0653647       0.6410824       0.9909693                          

 Attempted ordering of parameters by estimatibility:
   1  4  8  2  3  9 13  6 10 14  5  7 12 11
 Beta number 11 is a singular value.

   CPU Time for the last procedure was 0.02 seconds.     

  Program  MARK  - Survival Rate Estimation with Capture-Recapture Data
   gfortran(dble) Vers. 9.0 Jan 2019  27-Jan-2023 09:25:07    Page  005
 - - - - - - - - - - - - - - - - - - - - - - - - - - - - - - - - - - - - - -
 


  INPUT --- proc stop;

     CPU Time in minutes for this job was 0.00

     Time Start = 09:25:07.059   Time End = 09:25:07.357

     Wall Clock Time in minutes for this job was 0.00


          E X E C U T I O N   S U C C E S S F U L 
