
   Program  MARK  - Survival Rate Estimation with Capture-Recapture Data
   gfortran(dble) Vers. 9.0 Jan 2019  26-Jan-2023 09:38:47    Page  001
    
 - - - - - - - - - - - - - - - - - - - - - - - - - - - - - - - - - - - - - -
 
   Welcome to MARK pgcar on machine DESKTOP-TG0OUVB in subdirectory 
   "C:\Users\pgcar\Documents\github\calfishtrack-shiny\data" running file "mark018.inp".
   This version was compiled by GCC version 11.2.0 using the options: 
     -cpp -iprefix c:\tdm-gcc-64\mingw64\bin\../lib/gcc/x86_64-w64-mingw32/11.2.0/
     -D_MT -D_REENTRANT -U_REENTRANT -D IEEE -D DBLEPRECISION -m64 -mtune=generic
     -march=x86-64 -mthreads -O2 -std=f2018 -fimplicit-none -fbounds-check
     -funroll-loops -ftree-vectorize -ffpe-summary=invalid,zero,overflow,underflow
     -fno-unsafe-math-optimizations -frounding-math -fsignaling-nans -flto
     -fall-intrinsics -fopenmp.

   This problem will use 7 of 8 possible threads.


  INPUT --- proc title ;

   CPU Time for the last procedure was 0.01 seconds.     


  INPUT --- proc chmatrix occasions= 12 groups= 1 etype= Live Nodes= 
  INPUT --- 101 ICMeans NoHist hist= 23  ;

  INPUT ---    time interval 1 1 1 1 1 1 1 1 1 1 1 ;

  INPUT ---    glabel(1)=Group 1;

      Number of unique encounter histories read was 23.

      Number of individual covariates read was 0.
      Time interval lengths are all equal to 1.

      Data type number is 1
      Data type is Live Recaptures (CJS)

   CPU Time for the last procedure was 0.01 seconds.     

  Program  MARK  - Survival Rate Estimation with Capture-Recapture Data
   gfortran(dble) Vers. 9.0 Jan 2019  26-Jan-2023 09:38:47    Page  002
 - - - - - - - - - - - - - - - - - - - - - - - - - - - - - - - - - - - - - -
 


  INPUT --- proc estimate link=Logit NOLOOP varest=2ndPart    ;


  INPUT --- model={ Phi(~time)p(~time) };

  INPUT ---    group=1 Phi    rows=11 cols=11 Triang ;
  INPUT ---        1 2 3 4 5 6 7 8 9 10 11 ;
  INPUT ---        2 3 4 5 6 7 8 9 10 11 ;
  INPUT ---        3 4 5 6 7 8 9 10 11 ;
  INPUT ---        4 5 6 7 8 9 10 11 ;
  INPUT ---        5 6 7 8 9 10 11 ;
  INPUT ---        6 7 8 9 10 11 ;
  INPUT ---        7 8 9 10 11 ;
  INPUT ---        8 9 10 11 ;
  INPUT ---        9 10 11 ;
  INPUT ---        10 11 ;
  INPUT ---        11 ;

  INPUT ---    group=1 p    rows=11 cols=11 Triang ;
  INPUT ---        12 13 14 15 16 17 18 19 20 21 22 ;
  INPUT ---        13 14 15 16 17 18 19 20 21 22 ;
  INPUT ---        14 15 16 17 18 19 20 21 22 ;
  INPUT ---        15 16 17 18 19 20 21 22 ;
  INPUT ---        16 17 18 19 20 21 22 ;
  INPUT ---        17 18 19 20 21 22 ;
  INPUT ---        18 19 20 21 22 ;
  INPUT ---        19 20 21 22 ;
  INPUT ---        20 21 22 ;
  INPUT ---        21 22 ;
  INPUT ---        22 ;

  INPUT ---    design matrix constraints=22 covariates=22;
  INPUT ---        1 0 0 0 0 0 0 0 0 0 0 0 0 0 0 0 0 0 0 0 0 0;
  INPUT ---        1 1 0 0 0 0 0 0 0 0 0 0 0 0 0 0 0 0 0 0 0 0;
  INPUT ---        1 0 1 0 0 0 0 0 0 0 0 0 0 0 0 0 0 0 0 0 0 0;
  INPUT ---        1 0 0 1 0 0 0 0 0 0 0 0 0 0 0 0 0 0 0 0 0 0;
  INPUT ---        1 0 0 0 1 0 0 0 0 0 0 0 0 0 0 0 0 0 0 0 0 0;
  INPUT ---        1 0 0 0 0 1 0 0 0 0 0 0 0 0 0 0 0 0 0 0 0 0;
  INPUT ---        1 0 0 0 0 0 1 0 0 0 0 0 0 0 0 0 0 0 0 0 0 0;
  INPUT ---        1 0 0 0 0 0 0 1 0 0 0 0 0 0 0 0 0 0 0 0 0 0;
  INPUT ---        1 0 0 0 0 0 0 0 1 0 0 0 0 0 0 0 0 0 0 0 0 0;
  INPUT ---        1 0 0 0 0 0 0 0 0 1 0 0 0 0 0 0 0 0 0 0 0 0;
  INPUT ---        1 0 0 0 0 0 0 0 0 0 1 0 0 0 0 0 0 0 0 0 0 0;
  INPUT ---        0 0 0 0 0 0 0 0 0 0 0 1 0 0 0 0 0 0 0 0 0 0;

  Program  MARK  - Survival Rate Estimation with Capture-Recapture Data
   gfortran(dble) Vers. 9.0 Jan 2019  26-Jan-2023 09:38:47    Page  003
 - - - - - - - - - - - - - - - - - - - - - - - - - - - - - - - - - - - - - -
 
  INPUT ---        0 0 0 0 0 0 0 0 0 0 0 1 1 0 0 0 0 0 0 0 0 0;
  INPUT ---        0 0 0 0 0 0 0 0 0 0 0 1 0 1 0 0 0 0 0 0 0 0;
  INPUT ---        0 0 0 0 0 0 0 0 0 0 0 1 0 0 1 0 0 0 0 0 0 0;
  INPUT ---        0 0 0 0 0 0 0 0 0 0 0 1 0 0 0 1 0 0 0 0 0 0;
  INPUT ---        0 0 0 0 0 0 0 0 0 0 0 1 0 0 0 0 1 0 0 0 0 0;
  INPUT ---        0 0 0 0 0 0 0 0 0 0 0 1 0 0 0 0 0 1 0 0 0 0;
  INPUT ---        0 0 0 0 0 0 0 0 0 0 0 1 0 0 0 0 0 0 1 0 0 0;
  INPUT ---        0 0 0 0 0 0 0 0 0 0 0 1 0 0 0 0 0 0 0 1 0 0;
  INPUT ---        0 0 0 0 0 0 0 0 0 0 0 1 0 0 0 0 0 0 0 0 1 0;
  INPUT ---        0 0 0 0 0 0 0 0 0 0 0 1 0 0 0 0 0 0 0 0 0 1;
  INPUT ---       blabel(1)=Phi:(Intercept);
  INPUT ---       blabel(2)=Phi:time2;
  INPUT ---       blabel(3)=Phi:time3;
  INPUT ---       blabel(4)=Phi:time4;
  INPUT ---       blabel(5)=Phi:time5;
  INPUT ---       blabel(6)=Phi:time6;
  INPUT ---       blabel(7)=Phi:time7;
  INPUT ---       blabel(8)=Phi:time8;
  INPUT ---       blabel(9)=Phi:time9;
  INPUT ---       blabel(10)=Phi:time10;
  INPUT ---       blabel(11)=Phi:time11;
  INPUT ---       blabel(12)=p:(Intercept);
  INPUT ---       blabel(13)=p:time3;
  INPUT ---       blabel(14)=p:time4;
  INPUT ---       blabel(15)=p:time5;
  INPUT ---       blabel(16)=p:time6;
  INPUT ---       blabel(17)=p:time7;
  INPUT ---       blabel(18)=p:time8;
  INPUT ---       blabel(19)=p:time9;
  INPUT ---       blabel(20)=p:time10;
  INPUT ---       blabel(21)=p:time11;
  INPUT ---       blabel(22)=p:time12;
  INPUT ---       rlabel(1)=Phi g1 c1 a0 t1;
  INPUT ---       rlabel(2)=Phi g1 c1 a1 t2;
  INPUT ---       rlabel(3)=Phi g1 c1 a2 t3;
  INPUT ---       rlabel(4)=Phi g1 c1 a3 t4;
  INPUT ---       rlabel(5)=Phi g1 c1 a4 t5;
  INPUT ---       rlabel(6)=Phi g1 c1 a5 t6;
  INPUT ---       rlabel(7)=Phi g1 c1 a6 t7;
  INPUT ---       rlabel(8)=Phi g1 c1 a7 t8;
  INPUT ---       rlabel(9)=Phi g1 c1 a8 t9;
  INPUT ---       rlabel(10)=Phi g1 c1 a9 t10;
  INPUT ---       rlabel(11)=Phi g1 c1 a10 t11;
  INPUT ---       rlabel(12)=p g1 c1 a1 t2;
  INPUT ---       rlabel(13)=p g1 c1 a2 t3;
  INPUT ---       rlabel(14)=p g1 c1 a3 t4;

  Program  MARK  - Survival Rate Estimation with Capture-Recapture Data
   gfortran(dble) Vers. 9.0 Jan 2019  26-Jan-2023 09:38:47    Page  004
 - - - - - - - - - - - - - - - - - - - - - - - - - - - - - - - - - - - - - -
 
  INPUT ---       rlabel(15)=p g1 c1 a4 t5;
  INPUT ---       rlabel(16)=p g1 c1 a5 t6;
  INPUT ---       rlabel(17)=p g1 c1 a6 t7;
  INPUT ---       rlabel(18)=p g1 c1 a7 t8;
  INPUT ---       rlabel(19)=p g1 c1 a8 t9;
  INPUT ---       rlabel(20)=p g1 c1 a9 t10;
  INPUT ---       rlabel(21)=p g1 c1 a10 t11;
  INPUT ---       rlabel(22)=p g1 c1 a11 t12;

 Link Function Used is LOGIT        

 Variance Estimation Procedure Used is 2ndPart 
 -2logL(saturated) = 2620.8155     
 Effective Sample Size = 2310

 Number of function evaluations was 67 for 22 parameters.
 CPU Time for numerical optimization was 0.05 seconds.     
 -2logL { Phi(~time)p(~time) } = 2725.6793     
 Penalty { Phi(~time)p(~time) } = 0.0000000     
 Gradient { Phi(~time)p(~time) }:
 -0.17807463E-02 -0.57268084E-03  0.38302500E-03   0.0000000     -0.13021753E-02
   0.0000000       0.0000000     -0.27590823E-04   0.0000000     -0.19294687E-04
 -0.96416695E-04  0.80877216E-03 -0.26399420E-04  0.17627699E-03   0.0000000    
  0.16541726E-03  0.14691500E-03   0.0000000       0.0000000       0.0000000    
   0.0000000       0.0000000    
 Maximum ABS(G) { Phi(~time)p(~time) } = 0.0017807     
 CPU Time to compute VC matrix was 0.01 seconds.     
 S Vector { Phi(~time)p(~time) }:
   415.0683      56.57771      53.90905      31.15126      24.02564    
   16.93417      9.387908      7.240774      6.183578      5.259132    
   3.658776      1.787250     0.8776263     0.4834658E-06 0.3303633E-06
  0.1804514E-06 0.2859211E-07 0.1860827E-07 0.7680055E-08 0.5801593E-09
  0.4506800E-09 0.6953259E-10
 CPU Time to invert VC matrix was 0.01 seconds.     
 Ratio Threshold = 50.000000       Max Gap (13/14) = 1815281.2       Next Max Gap (19/20) = 13.237839     
 Gap Method for Num. of Estimated Parameters { Phi(~time)p(~time) } = 13          
 Threshold { Phi(~time)p(~time) } = 0.0035615               
 Numerical Threshold Method for Num. of Estimated Parameters { Phi(~time)p(~time) } = 13          
 Number of Estimated Parameters { Phi(~time)p(~time) } = 13          
 DEVIANCE { Phi(~time)p(~time) } = 104.86378               
 DEVIANCE Degrees of Freedom { Phi(~time)p(~time) } = 9          
 c-hat { Phi(~time)p(~time) } = 11.651532               
 AIC { Phi(~time)p(~time) } = 2751.6793               
 AICc { Phi(~time)p(~time) } = 2751.8378               
 BIC { Phi(~time)p(~time) } = 2826.3643               
 Pearson Chisquare { Phi(~time)p(~time) } = 75163.273               
 Possible Encounter Histories { Phi(~time)p(~time) } = 2048          
 Pearson Chisquare df { Phi(~time)p(~time) } = 2034          
 Pearson chat { Phi(~time)p(~time) } = 36.953428               
 Sum(Observed/Expected) { Phi(~time)p(~time) } = 75169.150               
 s-bar { Phi(~time)p(~time) } = 35.721128               
 Fletcher chat { Phi(~time)p(~time) } = 1.0063261               


                 LOGIT Link Function Parameters of { Phi(~time)p(~time) }
                                                              95% Confidence Interval
    Parameter                  Beta         Standard Error     Lower           Upper
 -------------------------  --------------  --------------  --------------  --------------
    1:Phi:(Intercept)       -0.4738268       0.0669484      -0.6050456      -0.3426081    
    2:Phi:time2              1.5045821       0.1423387       1.2255982       1.7835660    
    3:Phi:time3              2.1870064       0.1862210       1.8220133       2.5519995    
    4:Phi:time4              9.9228693       2102.8945      -4111.7504       4131.5962    
    5:Phi:time5              2.7028636       1.7206069      -0.6695259       6.0752531    
    6:Phi:time6              30.413159       0.0000000       30.413159       30.413159    
    7:Phi:time7              17.332584       105970.75      -207685.35       207720.01    

  Program  MARK  - Survival Rate Estimation with Capture-Recapture Data
   gfortran(dble) Vers. 9.0 Jan 2019  26-Jan-2023 09:38:47    Page  005
 - - - - - - - - - - - - - - - - - - - - - - - - - - - - - - - - - - - - - -
 
    8:Phi:time8             -1.2121542       0.2010865      -1.6062837      -0.8180247    
    9:Phi:time9              24.768164       50232.593      -98431.117       98480.653    
   10:Phi:time10             2.1633141       0.5703703       1.0453884       3.2812399    
   11:Phi:time11             3.1147284       0.0000000       3.1147284       3.1147284    
   12:p:(Intercept)          2.8487885       0.2655736       2.3282642       3.3693128    
   13:p:time3                0.1559943       0.4073610      -0.6424332       0.9544218    
   14:p:time4                0.3849829       0.4477248      -0.4925577       1.2625236    
   15:p:time5               -30.261714       20560.287      -40328.425       40267.901    
   16:p:time6                0.8448848       0.5248718      -0.1838639       1.8736335    
   17:p:time7                0.6617814       0.4920998      -0.3027342       1.6262971    
   18:p:time8               -23.490458       2468.7925      -4862.3239       4815.3430    
   19:p:time9                52.117214       0.0000000       52.117214       52.117214    
   20:p:time10               45.816161       0.0000000       45.816161       45.816161    
   21:p:time11              -2.6946404       0.4746501      -3.6249545      -1.7643263    
   22:p:time12               6.1300541       0.0000000       6.1300541       6.1300541    


                    Real Function Parameters of { Phi(~time)p(~time) }
                                                               95% Confidence Interval
     Parameter                Estimate       Standard Error     Lower           Upper
 --------------------------  --------------  --------------  --------------  --------------
     1:Phi g1 c1 a0 t1        0.3837109       0.0158317       0.3531902       0.4151761                          
     2:Phi g1 c1 a1 t2        0.7370623       0.0237975       0.6878487       0.7809873                          
     3:Phi g1 c1 a2 t3        0.8472482       0.0224891       0.7977982       0.8863280                          
     4:Phi g1 c1 a3 t4        0.9999212       0.1656083      0.7062386E-304   1.0000000                          
     5:Phi g1 c1 a4 t5        0.9028269       0.1508294       0.2421981       0.9963111                          
     6:Phi g1 c1 a5 t6        1.0000000       0.0000000       1.0000000       1.0000000                          
     7:Phi g1 c1 a6 t7        1.0000000       0.0050527      0.1166674E-300   1.0000000                          
     8:Phi g1 c1 a7 t8        0.1563051       0.0250056       0.1132836       0.2117630                          
     9:Phi g1 c1 a8 t9        1.0000000       0.1412828E-05   0.9999972       1.0000028                          
    10:Phi g1 c1 a9 t10       0.8441567       0.0745170       0.6409039       0.9426588                          
    11:Phi g1 c1 a10 t11      0.9334480       0.0000000       0.9334480       0.9334480                          
    12:p g1 c1 a1 t2          0.9452560       0.0137427       0.9111910       0.9667316                          
    13:p g1 c1 a2 t3          0.9527897       0.0138944       0.9167783       0.9736660                          
    14:p g1 c1 a3 t4          0.9620856       0.0131483       0.9260323       0.9809277                          
    15:p g1 c1 a4 t5          0.1243706E-11   0.2557095E-07  -0.5011781E-07   0.5012030E-07                      
    16:p g1 c1 a5 t6          0.9757236       0.0107238       0.9430170       0.9898594                          
    17:p g1 c1 a6 t7          0.9709870       0.0116709       0.9369422       0.9869079                          
    18:p g1 c1 a7 t8          0.1085018E-08   0.2678684E-05  -0.5249136E-05   0.5251306E-05                      
    19:p g1 c1 a8 t9          1.0000000       0.0000000       1.0000000       1.0000000                          
    20:p g1 c1 a9 t10         1.0000000       0.0000000       1.0000000       1.0000000                          
    21:p g1 c1 a10 t11        0.5384609       0.0977677       0.3504839       0.7161023                          
    22:p g1 c1 a11 t12        0.9998740       0.0000000       0.9998740       0.9998740                          

 Attempted ordering of parameters by estimatibility:
   1  2 12  3  8  5 13 14 21 17 10 16 11  4 22 18  6  9 15 20 19  7
 Beta number 7 is a singular value.

   CPU Time for the last procedure was 0.05 seconds.     

  Program  MARK  - Survival Rate Estimation with Capture-Recapture Data
   gfortran(dble) Vers. 9.0 Jan 2019  26-Jan-2023 09:38:47    Page  006
 - - - - - - - - - - - - - - - - - - - - - - - - - - - - - - - - - - - - - -
 


  INPUT --- proc stop;

     CPU Time in minutes for this job was 0.00

     Time Start = 09:38:47.106   Time End = 09:38:47.439

     Wall Clock Time in minutes for this job was 0.01


          E X E C U T I O N   S U C C E S S F U L 
