
   Program  MARK  - Survival Rate Estimation with Capture-Recapture Data
   gfortran(dble) Vers. 9.0 Jan 2019  24-Jan-2023 13:41:01    Page  001
    
 - - - - - - - - - - - - - - - - - - - - - - - - - - - - - - - - - - - - - -
 
   Welcome to MARK pgcar on machine DESKTOP-TG0OUVB in subdirectory 
   "C:\Users\pgcar\Documents\github\calfishtrack-shiny\data" running file "mark003.inp".
   This version was compiled by GCC version 11.2.0 using the options: 
     -cpp -iprefix c:\tdm-gcc-64\mingw64\bin\../lib/gcc/x86_64-w64-mingw32/11.2.0/
     -D_MT -D_REENTRANT -U_REENTRANT -D IEEE -D DBLEPRECISION -m64 -mtune=generic
     -march=x86-64 -mthreads -O2 -std=f2018 -fimplicit-none -fbounds-check
     -funroll-loops -ftree-vectorize -ffpe-summary=invalid,zero,overflow,underflow
     -fno-unsafe-math-optimizations -frounding-math -fsignaling-nans -flto
     -fall-intrinsics -fopenmp.

   This problem will use 7 of 8 possible threads.


  INPUT --- proc title ;

   CPU Time for the last procedure was 0.01 seconds.     


  INPUT --- proc chmatrix occasions= 13 groups= 1 etype= Live Nodes= 
  INPUT --- 101 ICMeans NoHist hist= 27  ;

  INPUT ---    time interval 0.178 1.01 0.856 0.41 0.092 2.262 6.377 0.048 
  INPUT ---    1.9 0.019 5.034 0.091 ;

  INPUT ---    glabel(1)=Group 1;

      Number of unique encounter histories read was 27.

      Number of individual covariates read was 0.
      Time interval lengths vary and/or not equal to 1.

      Data type number is 1
      Data type is Live Recaptures (CJS)

   CPU Time for the last procedure was 0.01 seconds.     

  Program  MARK  - Survival Rate Estimation with Capture-Recapture Data
   gfortran(dble) Vers. 9.0 Jan 2019  24-Jan-2023 13:41:01    Page  002
 - - - - - - - - - - - - - - - - - - - - - - - - - - - - - - - - - - - - - -
 


  INPUT --- proc estimate link=Logit NOLOOP varest=2ndPart    ;


  INPUT --- model={ Phi(~time)p(~time) };

  INPUT ---    group=1 Phi    rows=12 cols=12 Triang ;
  INPUT ---        1 2 3 4 5 6 7 8 9 10 11 12 ;
  INPUT ---        2 3 4 5 6 7 8 9 10 11 12 ;
  INPUT ---        3 4 5 6 7 8 9 10 11 12 ;
  INPUT ---        4 5 6 7 8 9 10 11 12 ;
  INPUT ---        5 6 7 8 9 10 11 12 ;
  INPUT ---        6 7 8 9 10 11 12 ;
  INPUT ---        7 8 9 10 11 12 ;
  INPUT ---        8 9 10 11 12 ;
  INPUT ---        9 10 11 12 ;
  INPUT ---        10 11 12 ;
  INPUT ---        11 12 ;
  INPUT ---        12 ;

  INPUT ---    group=1 p    rows=12 cols=12 Triang ;
  INPUT ---        13 14 15 16 17 18 19 20 21 22 23 24 ;
  INPUT ---        14 15 16 17 18 19 20 21 22 23 24 ;
  INPUT ---        15 16 17 18 19 20 21 22 23 24 ;
  INPUT ---        16 17 18 19 20 21 22 23 24 ;
  INPUT ---        17 18 19 20 21 22 23 24 ;
  INPUT ---        18 19 20 21 22 23 24 ;
  INPUT ---        19 20 21 22 23 24 ;
  INPUT ---        20 21 22 23 24 ;
  INPUT ---        21 22 23 24 ;
  INPUT ---        22 23 24 ;
  INPUT ---        23 24 ;
  INPUT ---        24 ;

  INPUT ---    design matrix constraints=24 covariates=24;
  INPUT ---        1 0 0 0 0 0 0 0 0 0 0 0 0 0 0 0 0 0 0 0 0 0 0 0;
  INPUT ---        1 1 0 0 0 0 0 0 0 0 0 0 0 0 0 0 0 0 0 0 0 0 0 0;
  INPUT ---        1 0 1 0 0 0 0 0 0 0 0 0 0 0 0 0 0 0 0 0 0 0 0 0;
  INPUT ---        1 0 0 1 0 0 0 0 0 0 0 0 0 0 0 0 0 0 0 0 0 0 0 0;
  INPUT ---        1 0 0 0 1 0 0 0 0 0 0 0 0 0 0 0 0 0 0 0 0 0 0 0;
  INPUT ---        1 0 0 0 0 1 0 0 0 0 0 0 0 0 0 0 0 0 0 0 0 0 0 0;
  INPUT ---        1 0 0 0 0 0 1 0 0 0 0 0 0 0 0 0 0 0 0 0 0 0 0 0;
  INPUT ---        1 0 0 0 0 0 0 1 0 0 0 0 0 0 0 0 0 0 0 0 0 0 0 0;
  INPUT ---        1 0 0 0 0 0 0 0 1 0 0 0 0 0 0 0 0 0 0 0 0 0 0 0;
  INPUT ---        1 0 0 0 0 0 0 0 0 1 0 0 0 0 0 0 0 0 0 0 0 0 0 0;

  Program  MARK  - Survival Rate Estimation with Capture-Recapture Data
   gfortran(dble) Vers. 9.0 Jan 2019  24-Jan-2023 13:41:01    Page  003
 - - - - - - - - - - - - - - - - - - - - - - - - - - - - - - - - - - - - - -
 
  INPUT ---        1 0 0 0 0 0 0 0 0 0 1 0 0 0 0 0 0 0 0 0 0 0 0 0;
  INPUT ---        1 0 0 0 0 0 0 0 0 0 0 1 0 0 0 0 0 0 0 0 0 0 0 0;
  INPUT ---        0 0 0 0 0 0 0 0 0 0 0 0 1 0 0 0 0 0 0 0 0 0 0 0;
  INPUT ---        0 0 0 0 0 0 0 0 0 0 0 0 1 1 0 0 0 0 0 0 0 0 0 0;
  INPUT ---        0 0 0 0 0 0 0 0 0 0 0 0 1 0 1 0 0 0 0 0 0 0 0 0;
  INPUT ---        0 0 0 0 0 0 0 0 0 0 0 0 1 0 0 1 0 0 0 0 0 0 0 0;
  INPUT ---        0 0 0 0 0 0 0 0 0 0 0 0 1 0 0 0 1 0 0 0 0 0 0 0;
  INPUT ---        0 0 0 0 0 0 0 0 0 0 0 0 1 0 0 0 0 1 0 0 0 0 0 0;
  INPUT ---        0 0 0 0 0 0 0 0 0 0 0 0 1 0 0 0 0 0 1 0 0 0 0 0;
  INPUT ---        0 0 0 0 0 0 0 0 0 0 0 0 1 0 0 0 0 0 0 1 0 0 0 0;
  INPUT ---        0 0 0 0 0 0 0 0 0 0 0 0 1 0 0 0 0 0 0 0 1 0 0 0;
  INPUT ---        0 0 0 0 0 0 0 0 0 0 0 0 1 0 0 0 0 0 0 0 0 1 0 0;
  INPUT ---        0 0 0 0 0 0 0 0 0 0 0 0 1 0 0 0 0 0 0 0 0 0 1 0;
  INPUT ---        0 0 0 0 0 0 0 0 0 0 0 0 1 0 0 0 0 0 0 0 0 0 0 1;
  INPUT ---       blabel(1)=Phi:(Intercept);
  INPUT ---       blabel(2)=Phi:time1.178;
  INPUT ---       blabel(3)=Phi:time2.188;
  INPUT ---       blabel(4)=Phi:time3.044;
  INPUT ---       blabel(5)=Phi:time3.454;
  INPUT ---       blabel(6)=Phi:time3.546;
  INPUT ---       blabel(7)=Phi:time5.808;
  INPUT ---       blabel(8)=Phi:time12.185;
  INPUT ---       blabel(9)=Phi:time12.233;
  INPUT ---       blabel(10)=Phi:time14.133;
  INPUT ---       blabel(11)=Phi:time14.152;
  INPUT ---       blabel(12)=Phi:time19.186;
  INPUT ---       blabel(13)=p:(Intercept);
  INPUT ---       blabel(14)=p:time2.188;
  INPUT ---       blabel(15)=p:time3.044;
  INPUT ---       blabel(16)=p:time3.454;
  INPUT ---       blabel(17)=p:time3.546;
  INPUT ---       blabel(18)=p:time5.808;
  INPUT ---       blabel(19)=p:time12.185;
  INPUT ---       blabel(20)=p:time12.233;
  INPUT ---       blabel(21)=p:time14.133;
  INPUT ---       blabel(22)=p:time14.152;
  INPUT ---       blabel(23)=p:time19.186;
  INPUT ---       blabel(24)=p:time19.277;
  INPUT ---       rlabel(1)=Phi g1 c1 a0 t1;
  INPUT ---       rlabel(2)=Phi g1 c1 a0.178 t1.178;
  INPUT ---       rlabel(3)=Phi g1 c1 a1.188 t2.188;
  INPUT ---       rlabel(4)=Phi g1 c1 a2.044 t3.044;
  INPUT ---       rlabel(5)=Phi g1 c1 a2.454 t3.454;
  INPUT ---       rlabel(6)=Phi g1 c1 a2.546 t3.546;
  INPUT ---       rlabel(7)=Phi g1 c1 a4.808 t5.808;
  INPUT ---       rlabel(8)=Phi g1 c1 a11.185 t12.185;

  Program  MARK  - Survival Rate Estimation with Capture-Recapture Data
   gfortran(dble) Vers. 9.0 Jan 2019  24-Jan-2023 13:41:02    Page  004
 - - - - - - - - - - - - - - - - - - - - - - - - - - - - - - - - - - - - - -
 
  INPUT ---       rlabel(9)=Phi g1 c1 a11.233 t12.233;
  INPUT ---       rlabel(10)=Phi g1 c1 a13.133 t14.133;
  INPUT ---       rlabel(11)=Phi g1 c1 a13.152 t14.152;
  INPUT ---       rlabel(12)=Phi g1 c1 a18.186 t19.186;
  INPUT ---       rlabel(13)=p g1 c1 a0.178 t1.178;
  INPUT ---       rlabel(14)=p g1 c1 a1.188 t2.188;
  INPUT ---       rlabel(15)=p g1 c1 a2.044 t3.044;
  INPUT ---       rlabel(16)=p g1 c1 a2.454 t3.454;
  INPUT ---       rlabel(17)=p g1 c1 a2.546 t3.546;
  INPUT ---       rlabel(18)=p g1 c1 a4.808 t5.808;
  INPUT ---       rlabel(19)=p g1 c1 a11.185 t12.185;
  INPUT ---       rlabel(20)=p g1 c1 a11.233 t12.233;
  INPUT ---       rlabel(21)=p g1 c1 a13.133 t14.133;
  INPUT ---       rlabel(22)=p g1 c1 a13.152 t14.152;
  INPUT ---       rlabel(23)=p g1 c1 a18.186 t19.186;
  INPUT ---       rlabel(24)=p g1 c1 a18.277 t19.277;

 Link Function Used is LOGIT        

 Variance Estimation Procedure Used is 2ndPart 
 -2logL(saturated) = 2655.1292     
 Effective Sample Size = 2368

 Number of function evaluations was 249 for 24 parameters.
 CPU Time for numerical optimization was 0.14 seconds.     
 -2logL { Phi(~time)p(~time) } = 2768.1548     
 Penalty { Phi(~time)p(~time) } = 0.0000000     
 Gradient { Phi(~time)p(~time) }:
 -0.19143314E-04  0.41134626E-05 -0.38532377E-05   0.0000000       0.0000000    
 -0.14580105E-04 -0.30648977E-05   0.0000000       0.0000000       0.0000000    
   0.0000000       0.0000000       0.0000000       0.0000000       0.0000000    
   0.0000000       0.0000000       0.0000000       0.0000000       0.0000000    
   0.0000000       0.0000000       0.0000000       0.0000000    
 Maximum ABS(G) { Phi(~time)p(~time) } = 0.1914331E-04 
 CPU Time to compute VC matrix was 0.02 seconds.     
 S Vector { Phi(~time)p(~time) }:
   269.3025      62.64154      60.35076      37.95837      19.76837    
   9.443178      7.235873      6.272169      5.386521      4.788892    
   4.506510      2.143748      1.827594     0.9239891     0.7318621    
  0.1053053     0.4798530E-05 0.4130393E-06 0.5489009E-07 0.1010454E-07
  0.1308965E-08 0.1014236E-08 0.5559384E-09 0.1501828E-09
 CPU Time to invert VC matrix was 0.01 seconds.     
 Ratio Threshold = 50.000000       Max Gap (16/17) = 21945.315       Next Max Gap (17/18) = 11.617611     
 Gap Method for Num. of Estimated Parameters { Phi(~time)p(~time) } = 16          
 Threshold { Phi(~time)p(~time) } = 0.3828663E-04           
 Numerical Threshold Method for Num. of Estimated Parameters { Phi(~time)p(~time) } = 16          
 Number of Estimated Parameters { Phi(~time)p(~time) } = 16          
 DEVIANCE { Phi(~time)p(~time) } = 113.02554               
 DEVIANCE Degrees of Freedom { Phi(~time)p(~time) } = 10          
 c-hat { Phi(~time)p(~time) } = 11.302554               
 AIC { Phi(~time)p(~time) } = 2800.1548               
 AICc { Phi(~time)p(~time) } = 2800.3862               
 BIC { Phi(~time)p(~time) } = 2892.4716               
 Pearson Chisquare { Phi(~time)p(~time) } = 94553.336               
 Possible Encounter Histories { Phi(~time)p(~time) } = 4096          
 Pearson Chisquare df { Phi(~time)p(~time) } = 4079          
 Pearson chat { Phi(~time)p(~time) } = 23.180519               
 Sum(Observed/Expected) { Phi(~time)p(~time) } = 94560.616               
 s-bar { Phi(~time)p(~time) } = 22.091481               
 Fletcher chat { Phi(~time)p(~time) } = 1.0038559               

  Program  MARK  - Survival Rate Estimation with Capture-Recapture Data
   gfortran(dble) Vers. 9.0 Jan 2019  24-Jan-2023 13:41:02    Page  005
 - - - - - - - - - - - - - - - - - - - - - - - - - - - - - - - - - - - - - -
 


                 LOGIT Link Function Parameters of { Phi(~time)p(~time) }
                                                              95% Confidence Interval
    Parameter                  Beta         Standard Error     Lower           Upper
 -------------------------  --------------  --------------  --------------  --------------
    1:Phi:(Intercept)       -5.3766549       0.2328666      -5.8330734      -4.9202363    
    2:Phi:time1.178          6.4189504       0.2677562       5.8941482       6.9437526    
    3:Phi:time2.188          6.9199834       0.2919775       6.3477075       7.4922593    
    4:Phi:time3.044          6.6375538       0.3361629       5.9786745       7.2964332    
    5:Phi:time3.454          46.825436       0.0000000       46.825436       46.825436    
    6:Phi:time3.546          5.2792871       0.0000000       5.2792871       5.2792871    
    7:Phi:time5.808          8.9571632       0.0000000       8.9571632       8.9571632    
    8:Phi:time12.185         34.407875       0.0000000       34.407875       34.407875    
    9:Phi:time12.233         35.287620       60287.162      -118127.55       118198.13    
   10:Phi:time14.133         3.7942527       3.0720663      -2.2269973       9.8155027    
   11:Phi:time14.152         8.9759078       0.7090228       7.5862230       10.365593    
   12:Phi:time19.186         18.519663       12254.182      -23999.678       24036.717    
   13:p:(Intercept)          2.8487747       0.2655703       2.3282570       3.3692925    
   14:p:time2.188            0.1560088       0.4073597      -0.6424163       0.9544339    
   15:p:time3.044            0.3849886       0.4477207      -0.4925440       1.2625212    
   16:p:time3.454            0.6617807       0.4920975      -0.3027304       1.6262918    
   17:p:time3.546            0.8448814       0.5248680      -0.1838600       1.8736228    
   18:p:time5.808           -21.161009       1555.7602      -3070.4511       3028.1290    
   19:p:time12.185           0.6169642       1.0496613      -1.4403721       2.6743004    
   20:p:time12.233           18.429937       9948.1353      -19479.916       19516.776    
   21:p:time14.133           26.528315       45734.718      -89613.520       89666.576    
   22:p:time14.152          -1.3671672       0.5621240      -2.4689302      -0.2654042    
   23:p:time19.186          -2.6946220       0.4746479      -3.6249320      -1.7643121    
   24:p:time19.277          -0.2097031       1.0696656      -2.3062476       1.8868415    


                    Real Function Parameters of { Phi(~time)p(~time) }
                                                               95% Confidence Interval
     Parameter                Estimate       Standard Error     Lower           Upper
 --------------------------  --------------  --------------  --------------  --------------
     1:Phi g1 c1 a0 t1        0.0046020       0.0010667       0.0029205       0.0072445                          
     2:Phi g1 c1 a0.178 t1.   0.7392927       0.0236331       0.6903949       0.7828962                          
     3:Phi g1 c1 a1.188 t2.   0.8239481       0.0255499       0.7681869       0.8685908                          
     4:Phi g1 c1 a2.044 t3.   0.7791808       0.0417143       0.6869096       0.8501894                          
     5:Phi g1 c1 a2.454 t3.   1.0000000       0.0000000       1.0000000       1.0000000                          
     6:Phi g1 c1 a2.546 t3.   0.4756773       0.0000000       0.4756773       0.4756773                          
     7:Phi g1 c1 a4.808 t5.   0.9728937       0.0000000       0.9728937       0.9728937                          
     8:Phi g1 c1 a11.185 t1   1.0000000       0.0000000       1.0000000       1.0000000                          
     9:Phi g1 c1 a11.233 t1   1.0000000       0.6171148E-08   1.0000000       1.0000000                          
    10:Phi g1 c1 a13.133 t1   0.1704555       0.4331418       0.5070831E-03   0.9881268                          

  Program  MARK  - Survival Rate Estimation with Capture-Recapture Data
   gfortran(dble) Vers. 9.0 Jan 2019  24-Jan-2023 13:41:02    Page  006
 - - - - - - - - - - - - - - - - - - - - - - - - - - - - - - - - - - - - - -
 
    11:Phi g1 c1 a13.152 t1   0.9733837       0.0173503       0.9077661       0.9926949                          
    12:Phi g1 c1 a18.186 t1   0.9999980       0.0240075      0.2839359E-302   1.0000000                          
    13:p g1 c1 a0.178 t1.17   0.9452553       0.0137427       0.9111904       0.9667309                          
    14:p g1 c1 a1.188 t2.18   0.9527898       0.0138944       0.9167780       0.9736662                          
    15:p g1 c1 a2.044 t3.04   0.9620853       0.0131483       0.9260320       0.9809275                          
    16:p g1 c1 a2.454 t3.45   0.9709866       0.0116711       0.9369414       0.9869077                          
    17:p g1 c1 a2.546 t3.54   0.9757232       0.0107239       0.9430163       0.9898592                          
    18:p g1 c1 a4.808 t5.80   0.1114546E-07   0.1733966E-04  -0.3397458E-04   0.3399687E-04                      
    19:p g1 c1 a11.185 t12.   0.9696971       0.0298404       0.8138676       0.9957481                          
    20:p g1 c1 a11.233 t12.   1.0000000       0.5708405E-05   0.9999888       1.0000112                          
    21:p g1 c1 a13.133 t14.   1.0000000       0.7981946E-08   1.0000000       1.0000000                          
    22:p g1 c1 a13.152 t14.   0.8148153       0.0747568       0.6249366       0.9207558                          
    23:p g1 c1 a18.186 t19.   0.5384620       0.0977678       0.3504847       0.7161035                          
    24:p g1 c1 a18.277 t19.   0.9333342       0.0644719       0.6475257       0.9907144                          

 Attempted ordering of parameters by estimatibility:
   1 13  2  6  3 14  4 15 23 16 17 22 11 19 24 10  7 18 12 20 21  8  5  9
 Beta number 9 is a singular value.

   CPU Time for the last procedure was 0.16 seconds.     


  INPUT --- proc stop;

     CPU Time in minutes for this job was 0.00

     Time Start = 13:41:01.908   Time End = 13:41:02.658

     Wall Clock Time in minutes for this job was 0.01


          E X E C U T I O N   S U C C E S S F U L 
