
   Program  MARK  - Survival Rate Estimation with Capture-Recapture Data
   gfortran(dble) Vers. 9.0 Jan 2019  27-Jan-2023 10:22:53    Page  001
    
 - - - - - - - - - - - - - - - - - - - - - - - - - - - - - - - - - - - - - -
 
   Welcome to MARK pgcar on machine DESKTOP-TG0OUVB in subdirectory 
   "C:\Users\pgcar\Documents\github\calfishtrack-shiny\data" running file "mark030.inp".
   This version was compiled by GCC version 11.2.0 using the options: 
     -cpp -iprefix c:\tdm-gcc-64\mingw64\bin\../lib/gcc/x86_64-w64-mingw32/11.2.0/
     -D_MT -D_REENTRANT -U_REENTRANT -D IEEE -D DBLEPRECISION -m64 -mtune=generic
     -march=x86-64 -mthreads -O2 -std=f2018 -fimplicit-none -fbounds-check
     -funroll-loops -ftree-vectorize -ffpe-summary=invalid,zero,overflow,underflow
     -fno-unsafe-math-optimizations -frounding-math -fsignaling-nans -flto
     -fall-intrinsics -fopenmp.

   This problem will use 7 of 8 possible threads.


  INPUT --- proc title ;

   CPU Time for the last procedure was 0.01 seconds.     


  INPUT --- proc chmatrix occasions= 5 groups= 1 etype= Live Nodes= 101 
  INPUT --- ICMeans NoHist hist= 6 ;

  INPUT ---    time interval 1 1 1 1 ;

  INPUT ---    glabel(1)=Group 1;

      Number of unique encounter histories read was 6.

      Number of individual covariates read was 0.
      Time interval lengths are all equal to 1.

      Data type number is 1
      Data type is Live Recaptures (CJS)

   CPU Time for the last procedure was 0.01 seconds.     

  Program  MARK  - Survival Rate Estimation with Capture-Recapture Data
   gfortran(dble) Vers. 9.0 Jan 2019  27-Jan-2023 10:22:53    Page  002
 - - - - - - - - - - - - - - - - - - - - - - - - - - - - - - - - - - - - - -
 


  INPUT --- proc estimate link=Logit NOLOOP varest=2ndPart    ;


  INPUT --- model={ Phi(~time)p(~time) };

  INPUT ---    group=1 Phi    rows=4 cols=4 Triang ;
  INPUT ---        1 2 3 4 ;
  INPUT ---        2 3 4 ;
  INPUT ---        3 4 ;
  INPUT ---        4 ;

  INPUT ---    group=1 p    rows=4 cols=4 Triang ;
  INPUT ---        5 6 7 8 ;
  INPUT ---        6 7 8 ;
  INPUT ---        7 8 ;
  INPUT ---        8 ;

  INPUT ---    design matrix constraints=8 covariates=8;
  INPUT ---        1 0 0 0 0 0 0 0;
  INPUT ---        1 1 0 0 0 0 0 0;
  INPUT ---        1 0 1 0 0 0 0 0;
  INPUT ---        1 0 0 1 0 0 0 0;
  INPUT ---        0 0 0 0 1 0 0 0;
  INPUT ---        0 0 0 0 1 1 0 0;
  INPUT ---        0 0 0 0 1 0 1 0;
  INPUT ---        0 0 0 0 1 0 0 1;
  INPUT ---       blabel(1)=Phi:(Intercept);
  INPUT ---       blabel(2)=Phi:time2;
  INPUT ---       blabel(3)=Phi:time3;
  INPUT ---       blabel(4)=Phi:time4;
  INPUT ---       blabel(5)=p:(Intercept);
  INPUT ---       blabel(6)=p:time3;
  INPUT ---       blabel(7)=p:time4;
  INPUT ---       blabel(8)=p:time5;
  INPUT ---       rlabel(1)=Phi g1 c1 a0 t1;
  INPUT ---       rlabel(2)=Phi g1 c1 a1 t2;
  INPUT ---       rlabel(3)=Phi g1 c1 a2 t3;
  INPUT ---       rlabel(4)=Phi g1 c1 a3 t4;
  INPUT ---       rlabel(5)=p g1 c1 a1 t2;
  INPUT ---       rlabel(6)=p g1 c1 a2 t3;
  INPUT ---       rlabel(7)=p g1 c1 a3 t4;
  INPUT ---       rlabel(8)=p g1 c1 a4 t5;

 Link Function Used is LOGIT        

  Program  MARK  - Survival Rate Estimation with Capture-Recapture Data
   gfortran(dble) Vers. 9.0 Jan 2019  27-Jan-2023 10:22:53    Page  003
 - - - - - - - - - - - - - - - - - - - - - - - - - - - - - - - - - - - - - -
 

 Variance Estimation Procedure Used is 2ndPart 
 -2logL(saturated) = 270.86647     
 Effective Sample Size = 280

 Number of function evaluations was 71 for 8 parameters.
 CPU Time for numerical optimization was 0.01 seconds.     
 -2logL { Phi(~time)p(~time) } = 273.54990     
 Penalty { Phi(~time)p(~time) } = 0.0000000     
 Gradient { Phi(~time)p(~time) }:
  0.11641327E-04   0.0000000      0.57513631E-05   0.0000000      0.10250576E-04
   0.0000000      0.10956387E-04   0.0000000    
 Maximum ABS(G) { Phi(~time)p(~time) } = 0.1164133E-04 
 CPU Time to compute VC matrix was 0.01 seconds.     
 S Vector { Phi(~time)p(~time) }:
   33.48855      12.04223      3.561708      1.923679     0.3027128    
  0.1154850E-06 0.5540913E-07 0.8374411E-08
 CPU Time to invert VC matrix was 0.01 seconds.     
 Ratio Threshold = 50.000000       Max Gap (5/6) = 2621231.0       Next Max Gap (7/8) = 6.6164809     
 Gap Method for Num. of Estimated Parameters { Phi(~time)p(~time) } = 5          
 Threshold { Phi(~time)p(~time) } = 0.2328265E-04           
 Numerical Threshold Method for Num. of Estimated Parameters { Phi(~time)p(~time) } = 5          
 Number of Estimated Parameters { Phi(~time)p(~time) } = 5          
 DEVIANCE { Phi(~time)p(~time) } = 2.6834237               
 DEVIANCE Degrees of Freedom { Phi(~time)p(~time) } = 0          
 c-hat { Phi(~time)p(~time) } = 1.0000000               
 AIC { Phi(~time)p(~time) } = 283.54990               
 AICc { Phi(~time)p(~time) } = 283.76887               
 BIC { Phi(~time)p(~time) } = 301.72384               
 Pearson Chisquare { Phi(~time)p(~time) } = 2.7500007               
 Possible Encounter Histories { Phi(~time)p(~time) } = 16          
 Pearson Chisquare df { Phi(~time)p(~time) } = 10          
 Pearson chat { Phi(~time)p(~time) } = 0.2750001               
 Sum(Observed/Expected) { Phi(~time)p(~time) } = 8.6770841               
 s-bar { Phi(~time)p(~time) } = -0.4881944              
 Fletcher chat { Phi(~time)p(~time) } = 0.5373135               


                 LOGIT Link Function Parameters of { Phi(~time)p(~time) }
                                                              95% Confidence Interval
    Parameter                  Beta         Standard Error     Lower           Upper
 -------------------------  --------------  --------------  --------------  --------------
    1:Phi:(Intercept)       -1.6214862       0.1905021      -1.9948703      -1.2481020    
    2:Phi:time2              23.644629       10927.552      -21394.357       21441.647    
    3:Phi:time3              2.9796102       0.6271028       1.7504888       4.2087317    
    4:Phi:time4              4.3022217       2691.9767      -5271.9723       5280.5767    
    5:p:(Intercept)          3.4657359       1.0155051       1.4753460       5.4561259    
    6:p:time3                16.600353       4248.1291      -8309.7328       8342.9335    
    7:p:time4               -3.1780531       1.1071111      -5.3479910      -1.0081152    
    8:p:time5               -1.6928987       1188.8499      -2331.8387       2328.4529    


                    Real Function Parameters of { Phi(~time)p(~time) }
                                                               95% Confidence Interval
     Parameter                Estimate       Standard Error     Lower           Upper
 --------------------------  --------------  --------------  --------------  --------------
     1:Phi g1 c1 a0 t1        0.1650000       0.0262464       0.1197426       0.2230289                          
     2:Phi g1 c1 a1 t2        1.0000000       0.2978471E-05   0.9999942       1.0000058                          
     3:Phi g1 c1 a2 t3        0.7954546       0.0972118       0.5466362       0.9261609                          
     4:Phi g1 c1 a3 t4        0.9358803       161.54117      0.8119197E-307   1.0000000                          
     5:p g1 c1 a1 t2          0.9696970       0.0298404       0.8138686       0.9957481                          
     6:p g1 c1 a2 t3          1.0000000       0.8196079E-05   0.9999839       1.0000161                          
     7:p g1 c1 a3 t4          0.5714288       0.1079899       0.3597162       0.7598691                          
     8:p g1 c1 a4 t5          0.8548102       147.54777      0.3275050E-307   1.0000000                          

 Attempted ordering of parameters by estimatibility:
  1 5 3 7 8 4 6 2
 Beta number 2 is a singular value.

  Program  MARK  - Survival Rate Estimation with Capture-Recapture Data
   gfortran(dble) Vers. 9.0 Jan 2019  27-Jan-2023 10:22:53    Page  004
 - - - - - - - - - - - - - - - - - - - - - - - - - - - - - - - - - - - - - -
 

   CPU Time for the last procedure was 0.01 seconds.     


  INPUT --- proc stop;

     CPU Time in minutes for this job was 0.00

     Time Start = 10:22:53.258   Time End = 10:22:53.470

     Wall Clock Time in minutes for this job was 0.00


          E X E C U T I O N   S U C C E S S F U L 
