
   Program  MARK  - Survival Rate Estimation with Capture-Recapture Data
   gfortran(dble) Vers. 9.0 Jan 2019  26-Jan-2023 09:45:03    Page  001
    
 - - - - - - - - - - - - - - - - - - - - - - - - - - - - - - - - - - - - - -
 
   Welcome to MARK pgcar on machine DESKTOP-TG0OUVB in subdirectory 
   "C:\Users\pgcar\Documents\github\calfishtrack-shiny\data" running file "mark019.inp".
   This version was compiled by GCC version 11.2.0 using the options: 
     -cpp -iprefix c:\tdm-gcc-64\mingw64\bin\../lib/gcc/x86_64-w64-mingw32/11.2.0/
     -D_MT -D_REENTRANT -U_REENTRANT -D IEEE -D DBLEPRECISION -m64 -mtune=generic
     -march=x86-64 -mthreads -O2 -std=f2018 -fimplicit-none -fbounds-check
     -funroll-loops -ftree-vectorize -ffpe-summary=invalid,zero,overflow,underflow
     -fno-unsafe-math-optimizations -frounding-math -fsignaling-nans -flto
     -fall-intrinsics -fopenmp.

   This problem will use 7 of 8 possible threads.


  INPUT --- proc title ;

   CPU Time for the last procedure was 0.01 seconds.     


  INPUT --- proc chmatrix occasions= 8 groups= 1 etype= Live Nodes= 101 
  INPUT --- ICMeans NoHist hist= 15 ;

  INPUT ---    time interval 1 1 1 1 1 1 1 ;

  INPUT ---    glabel(1)=Group 1;

      Number of unique encounter histories read was 15.

      Number of individual covariates read was 0.
      Time interval lengths are all equal to 1.

      Data type number is 1
      Data type is Live Recaptures (CJS)

   CPU Time for the last procedure was 0.01 seconds.     

  Program  MARK  - Survival Rate Estimation with Capture-Recapture Data
   gfortran(dble) Vers. 9.0 Jan 2019  26-Jan-2023 09:45:03    Page  002
 - - - - - - - - - - - - - - - - - - - - - - - - - - - - - - - - - - - - - -
 


  INPUT --- proc estimate link=Logit NOLOOP varest=2ndPart    ;


  INPUT --- model={ Phi(~time)p(~time) };

  INPUT ---    group=1 Phi    rows=7 cols=7 Triang ;
  INPUT ---        1 2 3 4 5 6 7 ;
  INPUT ---        2 3 4 5 6 7 ;
  INPUT ---        3 4 5 6 7 ;
  INPUT ---        4 5 6 7 ;
  INPUT ---        5 6 7 ;
  INPUT ---        6 7 ;
  INPUT ---        7 ;

  INPUT ---    group=1 p    rows=7 cols=7 Triang ;
  INPUT ---        8 9 10 11 12 13 14 ;
  INPUT ---        9 10 11 12 13 14 ;
  INPUT ---        10 11 12 13 14 ;
  INPUT ---        11 12 13 14 ;
  INPUT ---        12 13 14 ;
  INPUT ---        13 14 ;
  INPUT ---        14 ;

  INPUT ---    design matrix constraints=14 covariates=14;
  INPUT ---        1 0 0 0 0 0 0 0 0 0 0 0 0 0;
  INPUT ---        1 1 0 0 0 0 0 0 0 0 0 0 0 0;
  INPUT ---        1 0 1 0 0 0 0 0 0 0 0 0 0 0;
  INPUT ---        1 0 0 1 0 0 0 0 0 0 0 0 0 0;
  INPUT ---        1 0 0 0 1 0 0 0 0 0 0 0 0 0;
  INPUT ---        1 0 0 0 0 1 0 0 0 0 0 0 0 0;
  INPUT ---        1 0 0 0 0 0 1 0 0 0 0 0 0 0;
  INPUT ---        0 0 0 0 0 0 0 1 0 0 0 0 0 0;
  INPUT ---        0 0 0 0 0 0 0 1 1 0 0 0 0 0;
  INPUT ---        0 0 0 0 0 0 0 1 0 1 0 0 0 0;
  INPUT ---        0 0 0 0 0 0 0 1 0 0 1 0 0 0;
  INPUT ---        0 0 0 0 0 0 0 1 0 0 0 1 0 0;
  INPUT ---        0 0 0 0 0 0 0 1 0 0 0 0 1 0;
  INPUT ---        0 0 0 0 0 0 0 1 0 0 0 0 0 1;
  INPUT ---       blabel(1)=Phi:(Intercept);
  INPUT ---       blabel(2)=Phi:time2;
  INPUT ---       blabel(3)=Phi:time3;
  INPUT ---       blabel(4)=Phi:time4;
  INPUT ---       blabel(5)=Phi:time5;
  INPUT ---       blabel(6)=Phi:time6;

  Program  MARK  - Survival Rate Estimation with Capture-Recapture Data
   gfortran(dble) Vers. 9.0 Jan 2019  26-Jan-2023 09:45:03    Page  003
 - - - - - - - - - - - - - - - - - - - - - - - - - - - - - - - - - - - - - -
 
  INPUT ---       blabel(7)=Phi:time7;
  INPUT ---       blabel(8)=p:(Intercept);
  INPUT ---       blabel(9)=p:time3;
  INPUT ---       blabel(10)=p:time4;
  INPUT ---       blabel(11)=p:time5;
  INPUT ---       blabel(12)=p:time6;
  INPUT ---       blabel(13)=p:time7;
  INPUT ---       blabel(14)=p:time8;
  INPUT ---       rlabel(1)=Phi g1 c1 a0 t1;
  INPUT ---       rlabel(2)=Phi g1 c1 a1 t2;
  INPUT ---       rlabel(3)=Phi g1 c1 a2 t3;
  INPUT ---       rlabel(4)=Phi g1 c1 a3 t4;
  INPUT ---       rlabel(5)=Phi g1 c1 a4 t5;
  INPUT ---       rlabel(6)=Phi g1 c1 a5 t6;
  INPUT ---       rlabel(7)=Phi g1 c1 a6 t7;
  INPUT ---       rlabel(8)=p g1 c1 a1 t2;
  INPUT ---       rlabel(9)=p g1 c1 a2 t3;
  INPUT ---       rlabel(10)=p g1 c1 a3 t4;
  INPUT ---       rlabel(11)=p g1 c1 a4 t5;
  INPUT ---       rlabel(12)=p g1 c1 a5 t6;
  INPUT ---       rlabel(13)=p g1 c1 a6 t7;
  INPUT ---       rlabel(14)=p g1 c1 a7 t8;

 Link Function Used is LOGIT        

 Variance Estimation Procedure Used is 2ndPart 
 -2logL(saturated) = 2396.0088     
 Effective Sample Size = 1899

 Number of function evaluations was 55 for 14 parameters.
 CPU Time for numerical optimization was 0.05 seconds.     
 -2logL { Phi(~time)p(~time) } = 2413.5849     
 Penalty { Phi(~time)p(~time) } = 0.0000000     
 Gradient { Phi(~time)p(~time) }:
 -0.37138410E-03 -0.41909245E-03 -0.51151364E-03  0.65831703E-04   0.0000000    
  0.11557503E-03  0.81504078E-04 -0.19512386E-03 -0.10938046E-03 -0.15693565E-03
   0.0000000       0.0000000     -0.16250530E-03   0.0000000    
 Maximum ABS(G) { Phi(~time)p(~time) } = 0.5115136E-03 
 CPU Time to compute VC matrix was 0.03 seconds.     
 S Vector { Phi(~time)p(~time) }:
   390.8096      54.95710      34.30897      26.95397      22.09328    
   7.211261      3.698207      3.129213     0.8806876     0.8625969    
  0.6130818E-06 0.4139270E-06 0.1562888E-06 0.6601831E-07
 CPU Time to invert VC matrix was 0.01 seconds.     
 Ratio Threshold = 50.000000       Max Gap (10/11) = 1406984.9       Next Max Gap (1/2) = 7.1111768     
 Gap Method for Num. of Estimated Parameters { Phi(~time)p(~time) } = 10          
 Threshold { Phi(~time)p(~time) } = 0.0010230               
 Numerical Threshold Method for Num. of Estimated Parameters { Phi(~time)p(~time) } = 10          
 Number of Estimated Parameters { Phi(~time)p(~time) } = 10          
 DEVIANCE { Phi(~time)p(~time) } = 17.576084               
 DEVIANCE Degrees of Freedom { Phi(~time)p(~time) } = 4          
 c-hat { Phi(~time)p(~time) } = 4.3940210               
 AIC { Phi(~time)p(~time) } = 2433.5849               
 AICc { Phi(~time)p(~time) } = 2433.7014               
 BIC { Phi(~time)p(~time) } = 2489.0757               
 Pearson Chisquare { Phi(~time)p(~time) } = 90.713371               
 Possible Encounter Histories { Phi(~time)p(~time) } = 128          
 Pearson Chisquare df { Phi(~time)p(~time) } = 117          
 Pearson chat { Phi(~time)p(~time) } = 0.7753280               
 Sum(Observed/Expected) { Phi(~time)p(~time) } = 101.86383               
 s-bar { Phi(~time)p(~time) } = -0.2057966              
 Fletcher chat { Phi(~time)p(~time) } = 0.9762335               

  Program  MARK  - Survival Rate Estimation with Capture-Recapture Data
   gfortran(dble) Vers. 9.0 Jan 2019  26-Jan-2023 09:45:03    Page  004
 - - - - - - - - - - - - - - - - - - - - - - - - - - - - - - - - - - - - - -
 


                 LOGIT Link Function Parameters of { Phi(~time)p(~time) }
                                                              95% Confidence Interval
    Parameter                  Beta         Standard Error     Lower           Upper
 -------------------------  --------------  --------------  --------------  --------------
    1:Phi:(Intercept)       -0.4791059       0.0669516      -0.6103309      -0.3478808    
    2:Phi:time2              1.4758204       0.1410289       1.1994037       1.7522371    
    3:Phi:time3              2.2217112       0.2669413       1.6985063       2.7449161    
    4:Phi:time4             -1.3178481       0.2022716      -1.7143004      -0.9213959    
    5:Phi:time5              19.995029       2544.1972      -4966.6316       5006.6216    
    6:Phi:time6              2.1685991       0.5703690       1.0506759       3.2865224    
    7:Phi:time7              3.1187308       1.3369339       0.4983404       5.7391213    
    8:p:(Intercept)          2.9100264       0.2744450       2.3721142       3.4479385    
    9:p:time3                0.3950196       0.4526652      -0.4922042       1.2822435    
   10:p:time4                0.5556734       1.0518863      -1.5060239       2.6173707    
   11:p:time5                15.108326       1280.3484      -2494.3747       2524.5913    
   12:p:time6                19.884322       3881.3139      -7587.4911       7627.2597    
   13:p:time7               -2.7558872       0.4796684      -3.6960374      -1.8157371    
   14:p:time8                7.3184073       1554.3114      -3039.1321       3053.7689    


                    Real Function Parameters of { Phi(~time)p(~time) }
                                                               95% Confidence Interval
     Parameter                Estimate       Standard Error     Lower           Upper
 --------------------------  --------------  --------------  --------------  --------------
     1:Phi g1 c1 a0 t1        0.3824633       0.0158130       0.3519837       0.4138964                          
     2:Phi g1 c1 a1 t2        0.7304121       0.0239106       0.6810745       0.7746427                          
     3:Phi g1 c1 a2 t3        0.8510177       0.0327628       0.7748886       0.9045717                          
     4:Phi g1 c1 a3 t4        0.1422223       0.0232852       0.1023797       0.1942153                          
     5:Phi g1 c1 a4 t5        1.0000000       0.8509287E-05   0.9999833       1.0000167                          
     6:Phi g1 c1 a5 t6        0.8441575       0.0745165       0.6409060       0.9426590                          
     7:Phi g1 c1 a6 t7        0.9333686       0.0830418       0.5056298       0.9948147                          
     8:p g1 c1 a1 t2          0.9483399       0.0134454       0.9146760       0.9691696                          
     9:p g1 c1 a2 t3          0.9646015       0.0122917       0.9308284       0.9822002                          
    10:p g1 c1 a3 t4          0.9696959       0.0298399       0.8138783       0.9957475                          
    11:p g1 c1 a4 t5          1.0000000       0.1914507E-04  0.3720108E-300   1.0000000                          
    12:p g1 c1 a5 t6          1.0000000       0.4892364E-06   0.9999990       1.0000010                          
    13:p g1 c1 a6 t7          0.5384587       0.0977676       0.3504822       0.7161002                          
    14:p g1 c1 a7 t8          0.9999639       0.0561506      0.1539702E-303   1.0000000                          

 Attempted ordering of parameters by estimatibility:
   1  2  8  3  4  9 13  6  7 10 11 14  5 12
 Beta number 12 is a singular value.

   CPU Time for the last procedure was 0.08 seconds.     

  Program  MARK  - Survival Rate Estimation with Capture-Recapture Data
   gfortran(dble) Vers. 9.0 Jan 2019  26-Jan-2023 09:45:03    Page  005
 - - - - - - - - - - - - - - - - - - - - - - - - - - - - - - - - - - - - - -
 


  INPUT --- proc stop;

     CPU Time in minutes for this job was 0.00

     Time Start = 09:45:03.281   Time End = 09:45:03.613

     Wall Clock Time in minutes for this job was 0.01


          E X E C U T I O N   S U C C E S S F U L 
