
   Program  MARK  - Survival Rate Estimation with Capture-Recapture Data
   gfortran(dble) Vers. 9.0 Jan 2019  27-Jan-2023 13:16:52    Page  001
    
 - - - - - - - - - - - - - - - - - - - - - - - - - - - - - - - - - - - - - -
 
   Welcome to MARK pgcar on machine DESKTOP-TG0OUVB in subdirectory 
   "C:\Users\pgcar\Documents\github\calfishtrack-shiny\data" running file "mark033.inp".
   This version was compiled by GCC version 11.2.0 using the options: 
     -cpp -iprefix c:\tdm-gcc-64\mingw64\bin\../lib/gcc/x86_64-w64-mingw32/11.2.0/
     -D_MT -D_REENTRANT -U_REENTRANT -D IEEE -D DBLEPRECISION -m64 -mtune=generic
     -march=x86-64 -mthreads -O2 -std=f2018 -fimplicit-none -fbounds-check
     -funroll-loops -ftree-vectorize -ffpe-summary=invalid,zero,overflow,underflow
     -fno-unsafe-math-optimizations -frounding-math -fsignaling-nans -flto
     -fall-intrinsics -fopenmp.

   This problem will use 7 of 8 possible threads.


  INPUT --- proc title ;

   CPU Time for the last procedure was 0.01 seconds.     


  INPUT --- proc chmatrix occasions= 5 groups= 1 etype= Live Nodes= 101 
  INPUT --- ICMeans NoHist hist= 6 ;

  INPUT ---    time interval 6.401 1.934 5.043 0.091 ;

  INPUT ---    glabel(1)=Group 1;

      Number of unique encounter histories read was 6.

      Number of individual covariates read was 0.
      Time interval lengths vary and/or not equal to 1.

      Data type number is 1
      Data type is Live Recaptures (CJS)

   CPU Time for the last procedure was 0.01 seconds.     

  Program  MARK  - Survival Rate Estimation with Capture-Recapture Data
   gfortran(dble) Vers. 9.0 Jan 2019  27-Jan-2023 13:16:52    Page  002
 - - - - - - - - - - - - - - - - - - - - - - - - - - - - - - - - - - - - - -
 


  INPUT --- proc estimate link=Logit NOLOOP varest=2ndPart    ;


  INPUT --- model={ Phi(~time)p(~time) };

  INPUT ---    group=1 Phi    rows=4 cols=4 Triang ;
  INPUT ---        1 2 3 4 ;
  INPUT ---        2 3 4 ;
  INPUT ---        3 4 ;
  INPUT ---        4 ;

  INPUT ---    group=1 p    rows=4 cols=4 Triang ;
  INPUT ---        5 6 7 8 ;
  INPUT ---        6 7 8 ;
  INPUT ---        7 8 ;
  INPUT ---        8 ;

  INPUT ---    design matrix constraints=8 covariates=8;
  INPUT ---        1 0 0 0 0 0 0 0;
  INPUT ---        1 1 0 0 0 0 0 0;
  INPUT ---        1 0 1 0 0 0 0 0;
  INPUT ---        1 0 0 1 0 0 0 0;
  INPUT ---        0 0 0 0 1 0 0 0;
  INPUT ---        0 0 0 0 1 1 0 0;
  INPUT ---        0 0 0 0 1 0 1 0;
  INPUT ---        0 0 0 0 1 0 0 1;
  INPUT ---       blabel(1)=Phi:(Intercept);
  INPUT ---       blabel(2)=Phi:time7.401;
  INPUT ---       blabel(3)=Phi:time9.335;
  INPUT ---       blabel(4)=Phi:time14.378;
  INPUT ---       blabel(5)=p:(Intercept);
  INPUT ---       blabel(6)=p:time9.335;
  INPUT ---       blabel(7)=p:time14.378;
  INPUT ---       blabel(8)=p:time14.469;
  INPUT ---       rlabel(1)=Phi g1 c1 a0 t1;
  INPUT ---       rlabel(2)=Phi g1 c1 a6.401 t7.401;
  INPUT ---       rlabel(3)=Phi g1 c1 a8.335 t9.335;
  INPUT ---       rlabel(4)=Phi g1 c1 a13.378 t14.378;
  INPUT ---       rlabel(5)=p g1 c1 a6.401 t7.401;
  INPUT ---       rlabel(6)=p g1 c1 a8.335 t9.335;
  INPUT ---       rlabel(7)=p g1 c1 a13.378 t14.378;
  INPUT ---       rlabel(8)=p g1 c1 a13.469 t14.469;

 Link Function Used is LOGIT        

  Program  MARK  - Survival Rate Estimation with Capture-Recapture Data
   gfortran(dble) Vers. 9.0 Jan 2019  27-Jan-2023 13:16:52    Page  003
 - - - - - - - - - - - - - - - - - - - - - - - - - - - - - - - - - - - - - -
 

 Variance Estimation Procedure Used is 2ndPart 
 -2logL(saturated) = 229.72116     
 Effective Sample Size = 367

 Number of function evaluations was 49 for 8 parameters.
 CPU Time for numerical optimization was 0.03 seconds.     
 -2logL { Phi(~time)p(~time) } = 229.72116     
 Penalty { Phi(~time)p(~time) } = 0.0000000     
 Gradient { Phi(~time)p(~time) }:
 -0.81975812E-04 -0.18053317E-04 -0.20856777E-04   0.0000000      0.46434910E-04
   0.0000000     -0.30918224E-05  0.49383327E-04
 Maximum ABS(G) { Phi(~time)p(~time) } = 0.8197581E-04 
 CPU Time to compute VC matrix was 0.01 seconds.     
 S Vector { Phi(~time)p(~time) }:
   121.8176      4.122821      2.748139      1.705210      1.255679    
  0.2279825E-05 0.2127251E-06 0.1375013E-07
 CPU Time to invert VC matrix was 0.01 seconds.     
 Ratio Threshold = 50.000000       Max Gap (5/6) = 550778.51       Next Max Gap (1/2) = 29.547135     
 Gap Method for Num. of Estimated Parameters { Phi(~time)p(~time) } = 5          
 Threshold { Phi(~time)p(~time) } = 0.1639516E-03           
 Numerical Threshold Method for Num. of Estimated Parameters { Phi(~time)p(~time) } = 5          
 Number of Estimated Parameters { Phi(~time)p(~time) } = 5          
 DEVIANCE { Phi(~time)p(~time) } = 0.7979821E-08           
 DEVIANCE Degrees of Freedom { Phi(~time)p(~time) } = 0          
 c-hat { Phi(~time)p(~time) } = 1.0000000               
 AIC { Phi(~time)p(~time) } = 239.72116               
 AICc { Phi(~time)p(~time) } = 239.88736               
 BIC { Phi(~time)p(~time) } = 259.24797               
 Pearson Chisquare { Phi(~time)p(~time) } = 0.4211186E-08           
 Possible Encounter Histories { Phi(~time)p(~time) } = 16          
 Pearson Chisquare df { Phi(~time)p(~time) } = 10          
 Pearson chat { Phi(~time)p(~time) } = 0.4211186E-09           
 Sum(Observed/Expected) { Phi(~time)p(~time) } = 6.0000068               
 s-bar { Phi(~time)p(~time) } = -0.6666662              
 Fletcher chat { Phi(~time)p(~time) } = 0.1263354E-08           


                 LOGIT Link Function Parameters of { Phi(~time)p(~time) }
                                                              95% Confidence Interval
    Parameter                  Beta         Standard Error     Lower           Upper
 -------------------------  --------------  --------------  --------------  --------------
    1:Phi:(Intercept)        0.7683082       0.0923836       0.5872363       0.9493800    
    2:Phi:time7.401          1.9582243       0.6033310       0.7756956       3.1407531    
    3:Phi:time9.335          3.2981418       0.7667004       1.7954091       4.8008746    
    4:Phi:time14.378         8.5516046       0.0000000       8.5516046       8.5516046    
    5:p:(Intercept)          22.865009       0.0000000       22.865009       22.865009    
    6:p:time9.335            0.8376022       0.0000000       0.8376022       0.8376022    
    7:p:time14.378          -19.974637       0.0000000      -19.974637      -19.974637    
    8:p:time14.469          -20.667689       0.0000000      -20.667689      -20.667689    


                    Real Function Parameters of { Phi(~time)p(~time) }
                                                               95% Confidence Interval
     Parameter                Estimate       Standard Error     Lower           Upper
 --------------------------  --------------  --------------  --------------  --------------
     1:Phi g1 c1 a0 t1        0.6831548       0.0199968       0.6427308       0.7209905                          
     2:Phi g1 c1 a6.401 t7.   0.9385742       0.0343734       0.8260589       0.9800645                          
     3:Phi g1 c1 a8.335 t9.   0.9831506       0.0126082       0.9292132       0.9961592                          
     4:Phi g1 c1 a13.378 t1   0.9999104       0.0000000       0.9999104       0.9999104                          
     5:p g1 c1 a6.401 t7.40   1.0000000       0.0000000       1.0000000       1.0000000                          
     6:p g1 c1 a8.335 t9.33   1.0000000       0.0000000       1.0000000       1.0000000                          
     7:p g1 c1 a13.378 t14.   0.9473684       0.0512278       0.7061308       0.9926383                          
     8:p g1 c1 a13.469 t14.   0.9000086       0.0244845       0.8407824       0.9388071                          

 Attempted ordering of parameters by estimatibility:
  1 5 2 3 7 8 6 4
 Beta number 4 is a singular value.

  Program  MARK  - Survival Rate Estimation with Capture-Recapture Data
   gfortran(dble) Vers. 9.0 Jan 2019  27-Jan-2023 13:16:52    Page  004
 - - - - - - - - - - - - - - - - - - - - - - - - - - - - - - - - - - - - - -
 

   CPU Time for the last procedure was 0.03 seconds.     


  INPUT --- proc stop;

     CPU Time in minutes for this job was 0.00

     Time Start = 13:16:52.067   Time End = 13:16:52.203

     Wall Clock Time in minutes for this job was 0.00


          E X E C U T I O N   S U C C E S S F U L 
