
   Program  MARK  - Survival Rate Estimation with Capture-Recapture Data
   gfortran(dble) Vers. 9.0 Jan 2019  27-Jan-2023 10:20:56    Page  001
    
 - - - - - - - - - - - - - - - - - - - - - - - - - - - - - - - - - - - - - -
 
   Welcome to MARK pgcar on machine DESKTOP-TG0OUVB in subdirectory 
   "C:\Users\pgcar\Documents\github\calfishtrack-shiny\data" running file "mark029.inp".
   This version was compiled by GCC version 11.2.0 using the options: 
     -cpp -iprefix c:\tdm-gcc-64\mingw64\bin\../lib/gcc/x86_64-w64-mingw32/11.2.0/
     -D_MT -D_REENTRANT -U_REENTRANT -D IEEE -D DBLEPRECISION -m64 -mtune=generic
     -march=x86-64 -mthreads -O2 -std=f2018 -fimplicit-none -fbounds-check
     -funroll-loops -ftree-vectorize -ffpe-summary=invalid,zero,overflow,underflow
     -fno-unsafe-math-optimizations -frounding-math -fsignaling-nans -flto
     -fall-intrinsics -fopenmp.

   This problem will use 7 of 8 possible threads.


  INPUT --- proc title ;

   CPU Time for the last procedure was 0.01 seconds.     


  INPUT --- proc chmatrix occasions= 5 groups= 1 etype= Live Nodes= 101 
  INPUT --- ICMeans NoHist hist= 6 ;

  INPUT ---    time interval 1 1 1 1 ;

  INPUT ---    glabel(1)=Group 1;

      Number of unique encounter histories read was 6.

      Number of individual covariates read was 0.
      Time interval lengths are all equal to 1.

      Data type number is 1
      Data type is Live Recaptures (CJS)

   CPU Time for the last procedure was 0.01 seconds.     

  Program  MARK  - Survival Rate Estimation with Capture-Recapture Data
   gfortran(dble) Vers. 9.0 Jan 2019  27-Jan-2023 10:20:56    Page  002
 - - - - - - - - - - - - - - - - - - - - - - - - - - - - - - - - - - - - - -
 


  INPUT --- proc estimate link=Logit NOLOOP varest=2ndPart    ;


  INPUT --- model={ Phi(~time)p(~time) };

  INPUT ---    group=1 Phi    rows=4 cols=4 Triang ;
  INPUT ---        1 2 3 4 ;
  INPUT ---        2 3 4 ;
  INPUT ---        3 4 ;
  INPUT ---        4 ;

  INPUT ---    group=1 p    rows=4 cols=4 Triang ;
  INPUT ---        5 6 7 8 ;
  INPUT ---        6 7 8 ;
  INPUT ---        7 8 ;
  INPUT ---        8 ;

  INPUT ---    design matrix constraints=8 covariates=8;
  INPUT ---        1 0 0 0 0 0 0 0;
  INPUT ---        1 1 0 0 0 0 0 0;
  INPUT ---        1 0 1 0 0 0 0 0;
  INPUT ---        1 0 0 1 0 0 0 0;
  INPUT ---        0 0 0 0 1 0 0 0;
  INPUT ---        0 0 0 0 1 1 0 0;
  INPUT ---        0 0 0 0 1 0 1 0;
  INPUT ---        0 0 0 0 1 0 0 1;
  INPUT ---       blabel(1)=Phi:(Intercept);
  INPUT ---       blabel(2)=Phi:time2;
  INPUT ---       blabel(3)=Phi:time3;
  INPUT ---       blabel(4)=Phi:time4;
  INPUT ---       blabel(5)=p:(Intercept);
  INPUT ---       blabel(6)=p:time3;
  INPUT ---       blabel(7)=p:time4;
  INPUT ---       blabel(8)=p:time5;
  INPUT ---       rlabel(1)=Phi g1 c1 a0 t1;
  INPUT ---       rlabel(2)=Phi g1 c1 a1 t2;
  INPUT ---       rlabel(3)=Phi g1 c1 a2 t3;
  INPUT ---       rlabel(4)=Phi g1 c1 a3 t4;
  INPUT ---       rlabel(5)=p g1 c1 a1 t2;
  INPUT ---       rlabel(6)=p g1 c1 a2 t3;
  INPUT ---       rlabel(7)=p g1 c1 a3 t4;
  INPUT ---       rlabel(8)=p g1 c1 a4 t5;

 Link Function Used is LOGIT        

  Program  MARK  - Survival Rate Estimation with Capture-Recapture Data
   gfortran(dble) Vers. 9.0 Jan 2019  27-Jan-2023 10:20:56    Page  003
 - - - - - - - - - - - - - - - - - - - - - - - - - - - - - - - - - - - - - -
 

 Variance Estimation Procedure Used is 2ndPart 
 -2logL(saturated) = 230.51997     
 Effective Sample Size = 346

 Number of function evaluations was 45 for 8 parameters.
 CPU Time for numerical optimization was 0.03 seconds.     
 -2logL { Phi(~time)p(~time) } = 230.51997     
 Penalty { Phi(~time)p(~time) } = 0.0000000     
 Gradient { Phi(~time)p(~time) }:
 -0.28035425E-05  0.32887752E-06 -0.14848337E-05 -0.11663950E-05 -0.33489991E-06
   0.0000000     -0.35857403E-06   0.0000000    
 Maximum ABS(G) { Phi(~time)p(~time) } = 0.2803542E-05 
 CPU Time to compute VC matrix was 0.01 seconds.     
 S Vector { Phi(~time)p(~time) }:
   32.27999      4.194535      3.217407      1.721683      1.431820    
  0.9793322E-06 0.4776977E-06 0.1952496E-06
 CPU Time to invert VC matrix was 0.01 seconds.     
 Ratio Threshold = 50.000000       Max Gap (5/6) = 1462037.2       Next Max Gap (1/2) = 7.6957237     
 Gap Method for Num. of Estimated Parameters { Phi(~time)p(~time) } = 5          
 Threshold { Phi(~time)p(~time) } = 0.5607085E-05           
 Numerical Threshold Method for Num. of Estimated Parameters { Phi(~time)p(~time) } = 5          
 Number of Estimated Parameters { Phi(~time)p(~time) } = 5          
 DEVIANCE { Phi(~time)p(~time) } = 0.1585329E-07           
 DEVIANCE Degrees of Freedom { Phi(~time)p(~time) } = 0          
 c-hat { Phi(~time)p(~time) } = 1.0000000               
 AIC { Phi(~time)p(~time) } = 240.51997               
 AICc { Phi(~time)p(~time) } = 240.69644               
 BIC { Phi(~time)p(~time) } = 259.75216               
 Pearson Chisquare { Phi(~time)p(~time) } = 0.7927026E-08           
 Possible Encounter Histories { Phi(~time)p(~time) } = 16          
 Pearson Chisquare df { Phi(~time)p(~time) } = 10          
 Pearson chat { Phi(~time)p(~time) } = 0.7927026E-09           
 Sum(Observed/Expected) { Phi(~time)p(~time) } = 5.9999998               
 s-bar { Phi(~time)p(~time) } = -0.6666667              
 Fletcher chat { Phi(~time)p(~time) } = 0.2378108E-08           


                 LOGIT Link Function Parameters of { Phi(~time)p(~time) }
                                                              95% Confidence Interval
    Parameter                  Beta         Standard Error     Lower           Upper
 -------------------------  --------------  --------------  --------------  --------------
    1:Phi:(Intercept)       -2.4016760       0.2131672      -2.8194837      -1.9838683    
    2:Phi:time2              4.7995713       0.7686968       3.2929255       6.3062171    
    3:Phi:time3              2.8536610       0.5108727       1.8523505       3.8549716    
    4:Phi:time4              3.9057530       0.8102784       2.3176072       5.4938988    
    5:p:(Intercept)          21.781119       0.0000000       21.781119       21.781119    
    6:p:time3                2.7520805       2257.5798      -4422.1044       4427.6085    
    7:p:time4               -20.277041       0.0000000      -20.277041      -20.277041    
    8:p:time5               -1.4871133       1455.4581      -2854.1850       2851.2107    


                    Real Function Parameters of { Phi(~time)p(~time) }
                                                               95% Confidence Interval
     Parameter                Estimate       Standard Error     Lower           Upper
 --------------------------  --------------  --------------  --------------  --------------
     1:Phi g1 c1 a0 t1        0.0830450       0.0162324       0.0562803       0.1209071                          
     2:Phi g1 c1 a1 t2        0.9166667       0.0564169       0.7211834       0.9790706                          
     3:Phi g1 c1 a2 t3        0.6111111       0.1103368       0.3874621       0.7960785                          
     4:Phi g1 c1 a3 t4        0.8181818       0.1162913       0.4929691       0.9541865                          
     5:p g1 c1 a1 t2          1.0000000       0.0000000       1.0000000       1.0000000                          
     6:p g1 c1 a2 t3          1.0000000       0.4743388E-07   0.9999999       1.0000001                          
     7:p g1 c1 a3 t4          0.8181818       0.1162913       0.4929692       0.9541865                          
     8:p g1 c1 a4 t5          1.0000000       0.1947791E-05   0.9999962       1.0000038                          

 Attempted ordering of parameters by estimatibility:
  1 3 5 2 4 7 8 6
 Beta number 6 is a singular value.

  Program  MARK  - Survival Rate Estimation with Capture-Recapture Data
   gfortran(dble) Vers. 9.0 Jan 2019  27-Jan-2023 10:20:56    Page  004
 - - - - - - - - - - - - - - - - - - - - - - - - - - - - - - - - - - - - - -
 

   CPU Time for the last procedure was 0.03 seconds.     


  INPUT --- proc stop;

     CPU Time in minutes for this job was 0.00

     Time Start = 10:20:56.786   Time End = 10:20:56.928

     Wall Clock Time in minutes for this job was 0.00


          E X E C U T I O N   S U C C E S S F U L 
