
   Program  MARK  - Survival Rate Estimation with Capture-Recapture Data
   gfortran(dble) Vers. 9.0 Jan 2019  25-Jan-2023 11:59:45    Page  001
    
 - - - - - - - - - - - - - - - - - - - - - - - - - - - - - - - - - - - - - -
 
   Welcome to MARK pgcar on machine DESKTOP-TG0OUVB in subdirectory 
   "C:\Users\pgcar\Documents\github\calfishtrack-shiny\data" running file "mark017.inp".
   This version was compiled by GCC version 11.2.0 using the options: 
     -cpp -iprefix c:\tdm-gcc-64\mingw64\bin\../lib/gcc/x86_64-w64-mingw32/11.2.0/
     -D_MT -D_REENTRANT -U_REENTRANT -D IEEE -D DBLEPRECISION -m64 -mtune=generic
     -march=x86-64 -mthreads -O2 -std=f2018 -fimplicit-none -fbounds-check
     -funroll-loops -ftree-vectorize -ffpe-summary=invalid,zero,overflow,underflow
     -fno-unsafe-math-optimizations -frounding-math -fsignaling-nans -flto
     -fall-intrinsics -fopenmp.

   This problem will use 7 of 8 possible threads.


  INPUT --- proc title ;

   CPU Time for the last procedure was 0.01 seconds.     


  INPUT --- proc chmatrix occasions= 5 groups= 1 etype= Live Nodes= 101 
  INPUT --- ICMeans NoHist hist= 6 ;

  INPUT ---    time interval 6.401 1.934 5.043 0.091 ;

  INPUT ---    glabel(1)=Group 1;

      Number of unique encounter histories read was 6.

      Number of individual covariates read was 0.
      Time interval lengths vary and/or not equal to 1.

      Data type number is 1
      Data type is Live Recaptures (CJS)

   CPU Time for the last procedure was 0.01 seconds.     

  Program  MARK  - Survival Rate Estimation with Capture-Recapture Data
   gfortran(dble) Vers. 9.0 Jan 2019  25-Jan-2023 11:59:45    Page  002
 - - - - - - - - - - - - - - - - - - - - - - - - - - - - - - - - - - - - - -
 


  INPUT --- proc estimate link=Logit NOLOOP varest=2ndPart    ;


  INPUT --- model={ Phi(~time)p(~time) };

  INPUT ---    group=1 Phi    rows=4 cols=4 Triang ;
  INPUT ---        1 2 3 4 ;
  INPUT ---        2 3 4 ;
  INPUT ---        3 4 ;
  INPUT ---        4 ;

  INPUT ---    group=1 p    rows=4 cols=4 Triang ;
  INPUT ---        5 6 7 8 ;
  INPUT ---        6 7 8 ;
  INPUT ---        7 8 ;
  INPUT ---        8 ;

  INPUT ---    design matrix constraints=8 covariates=8;
  INPUT ---        1 0 0 0 0 0 0 0;
  INPUT ---        1 1 0 0 0 0 0 0;
  INPUT ---        1 0 1 0 0 0 0 0;
  INPUT ---        1 0 0 1 0 0 0 0;
  INPUT ---        0 0 0 0 1 0 0 0;
  INPUT ---        0 0 0 0 1 1 0 0;
  INPUT ---        0 0 0 0 1 0 1 0;
  INPUT ---        0 0 0 0 1 0 0 1;
  INPUT ---       blabel(1)=Phi:(Intercept);
  INPUT ---       blabel(2)=Phi:time7.401;
  INPUT ---       blabel(3)=Phi:time9.335;
  INPUT ---       blabel(4)=Phi:time14.378;
  INPUT ---       blabel(5)=p:(Intercept);
  INPUT ---       blabel(6)=p:time9.335;
  INPUT ---       blabel(7)=p:time14.378;
  INPUT ---       blabel(8)=p:time14.469;
  INPUT ---       rlabel(1)=Phi g1 c1 a0 t1;
  INPUT ---       rlabel(2)=Phi g1 c1 a6.401 t7.401;
  INPUT ---       rlabel(3)=Phi g1 c1 a8.335 t9.335;
  INPUT ---       rlabel(4)=Phi g1 c1 a13.378 t14.378;
  INPUT ---       rlabel(5)=p g1 c1 a6.401 t7.401;
  INPUT ---       rlabel(6)=p g1 c1 a8.335 t9.335;
  INPUT ---       rlabel(7)=p g1 c1 a13.378 t14.378;
  INPUT ---       rlabel(8)=p g1 c1 a13.469 t14.469;

 Link Function Used is LOGIT        

  Program  MARK  - Survival Rate Estimation with Capture-Recapture Data
   gfortran(dble) Vers. 9.0 Jan 2019  25-Jan-2023 11:59:45    Page  003
 - - - - - - - - - - - - - - - - - - - - - - - - - - - - - - - - - - - - - -
 

 Variance Estimation Procedure Used is 2ndPart 
 -2logL(saturated) = 315.57394     
 Effective Sample Size = 1567

 Number of function evaluations was 42 for 8 parameters.
 CPU Time for numerical optimization was 0.02 seconds.     
 -2logL { Phi(~time)p(~time) } = 315.57394     
 Penalty { Phi(~time)p(~time) } = 0.0000000     
 Gradient { Phi(~time)p(~time) }:
 -0.84884753E-04 -0.95286940E-05 -0.10032664E-04   0.0000000     -0.90513051E-05
   0.0000000      0.34617560E-04 -0.43671226E-04
 Maximum ABS(G) { Phi(~time)p(~time) } = 0.8488475E-04 
 CPU Time to compute VC matrix was 0.01 seconds.     
 S Vector { Phi(~time)p(~time) }:
   243.2346      4.078840      2.780584      1.717918      1.252670    
  0.1721925E-05 0.1553497E-06 0.1255093E-07
 CPU Time to invert VC matrix was 0.01 seconds.     
 Ratio Threshold = 50.000000       Max Gap (5/6) = 727482.36       Next Max Gap (1/2) = 59.633275     
 Gap Method for Num. of Estimated Parameters { Phi(~time)p(~time) } = 1          
 Threshold { Phi(~time)p(~time) } = 0.1697695E-03           
 Numerical Threshold Method for Num. of Estimated Parameters { Phi(~time)p(~time) } = 5          
 Number of Estimated Parameters { Phi(~time)p(~time) } = 5          

   * *  WARNING  * *   Number of parameters estimated from gap method (=1) and threshold method (=5) differ.  Inspect full output. 
 Ratios of S Vector { Phi(~time)p(~time) }:
   1/2    59.63328       2/3    1.466900       3/4    1.618578       4/5    1.371405       5/6    727482.4    
   6/7    11.08419       7/8    12.37754    
 DEVIANCE { Phi(~time)p(~time) } = 0.8875838E-07           
 DEVIANCE Degrees of Freedom { Phi(~time)p(~time) } = 0          
 c-hat { Phi(~time)p(~time) } = 1.0000000               
 AIC { Phi(~time)p(~time) } = 325.57394               
 AICc { Phi(~time)p(~time) } = 325.61238               
 BIC { Phi(~time)p(~time) } = 352.35854               
 Pearson Chisquare { Phi(~time)p(~time) } = 0.4466864E-07           
 Possible Encounter Histories { Phi(~time)p(~time) } = 16          
 Pearson Chisquare df { Phi(~time)p(~time) } = 10          
 Pearson chat { Phi(~time)p(~time) } = 0.4466864E-08           
 Sum(Observed/Expected) { Phi(~time)p(~time) } = 6.0000070               
 s-bar { Phi(~time)p(~time) } = -0.6666662              
 Fletcher chat { Phi(~time)p(~time) } = 0.1340057E-07           


                 LOGIT Link Function Parameters of { Phi(~time)p(~time) }
                                                              95% Confidence Interval
    Parameter                  Beta         Standard Error     Lower           Upper
 -------------------------  --------------  --------------  --------------  --------------
    1:Phi:(Intercept)        0.1234931       0.0647347      -0.0033870       0.2503731    
    2:Phi:time7.401          2.6030410       0.5997205       1.4275888       3.7784932    
    3:Phi:time9.335          3.9429606       0.7638639       2.4457874       5.4401338    
    4:Phi:time14.378         4.6420422       2537.0882      -4968.0508       4977.3349    
    5:p:(Intercept)          20.072637       0.0000000       20.072637       20.072637    
    6:p:time9.335            9.0650154       0.0000000       9.0650154       9.0650154    
    7:p:time14.378          -17.182248       0.0000000      -17.182248      -17.182248    
    8:p:time14.469          -17.867678       0.0000000      -17.867678      -17.867678    


                    Real Function Parameters of { Phi(~time)p(~time) }
                                                               95% Confidence Interval
     Parameter                Estimate       Standard Error     Lower           Upper
 --------------------------  --------------  --------------  --------------  --------------
     1:Phi g1 c1 a0 t1        0.5308341       0.0161221       0.4991533       0.5622683                          
     2:Phi g1 c1 a6.401 t7.   0.9385743       0.0343734       0.8260590       0.9800645                          
     3:Phi g1 c1 a8.335 t9.   0.9831507       0.0126082       0.9292133       0.9961593                          
     4:Phi g1 c1 a13.378 t1   0.9915536       21.248207      0.6530255E-306   1.0000000                          

  Program  MARK  - Survival Rate Estimation with Capture-Recapture Data
   gfortran(dble) Vers. 9.0 Jan 2019  25-Jan-2023 11:59:46    Page  004
 - - - - - - - - - - - - - - - - - - - - - - - - - - - - - - - - - - - - - -
 
     5:p g1 c1 a6.401 t7.40   1.0000000       0.0000000       1.0000000       1.0000000                          
     6:p g1 c1 a8.335 t9.33   1.0000000       0.0000000       1.0000000       1.0000000                          
     7:p g1 c1 a13.378 t14.   0.9473693       0.0512274       0.7061305       0.9926386                          
     8:p g1 c1 a13.469 t14.   0.9006940       1.7576689       0.1699624E-15   1.0000000                          

 Attempted ordering of parameters by estimatibility:
  1 5 2 3 7 8 4 6
 Beta number 6 is a singular value.

   CPU Time for the last procedure was 0.02 seconds.     


  INPUT --- proc stop;

     CPU Time in minutes for this job was 0.00

     Time Start = 11:59:45.931   Time End = 11:59:46.083

     Wall Clock Time in minutes for this job was 0.00


          E X E C U T I O N   S U C C E S S F U L 
