
   Program  MARK  - Survival Rate Estimation with Capture-Recapture Data
   gfortran(dble) Vers. 9.0 Jan 2019  25-Jan-2023 11:54:52    Page  001
    
 - - - - - - - - - - - - - - - - - - - - - - - - - - - - - - - - - - - - - -
 
   Welcome to MARK pgcar on machine DESKTOP-TG0OUVB in subdirectory 
   "C:\Users\pgcar\Documents\github\calfishtrack-shiny\data" running file "mark015.inp".
   This version was compiled by GCC version 11.2.0 using the options: 
     -cpp -iprefix c:\tdm-gcc-64\mingw64\bin\../lib/gcc/x86_64-w64-mingw32/11.2.0/
     -D_MT -D_REENTRANT -U_REENTRANT -D IEEE -D DBLEPRECISION -m64 -mtune=generic
     -march=x86-64 -mthreads -O2 -std=f2018 -fimplicit-none -fbounds-check
     -funroll-loops -ftree-vectorize -ffpe-summary=invalid,zero,overflow,underflow
     -fno-unsafe-math-optimizations -frounding-math -fsignaling-nans -flto
     -fall-intrinsics -fopenmp.

   This problem will use 7 of 8 possible threads.


  INPUT --- proc title ;

   CPU Time for the last procedure was 0.01 seconds.     


  INPUT --- proc chmatrix occasions= 8 groups= 1 etype= Live Nodes= 101 
  INPUT --- ICMeans NoHist hist= 13 ;

  INPUT ---    time interval 0.178 1.01 0.856 9.166 1.934 5.043 0.091 ;

  INPUT ---    glabel(1)=Group 1;

      Number of unique encounter histories read was 13.

      Number of individual covariates read was 0.
      Time interval lengths vary and/or not equal to 1.

      Data type number is 1
      Data type is Live Recaptures (CJS)

   CPU Time for the last procedure was 0.01 seconds.     

  Program  MARK  - Survival Rate Estimation with Capture-Recapture Data
   gfortran(dble) Vers. 9.0 Jan 2019  25-Jan-2023 11:54:52    Page  002
 - - - - - - - - - - - - - - - - - - - - - - - - - - - - - - - - - - - - - -
 


  INPUT --- proc estimate link=Logit NOLOOP varest=2ndPart    ;


  INPUT --- model={ Phi(~time)p(~time) };

  INPUT ---    group=1 Phi    rows=7 cols=7 Triang ;
  INPUT ---        1 2 3 4 5 6 7 ;
  INPUT ---        2 3 4 5 6 7 ;
  INPUT ---        3 4 5 6 7 ;
  INPUT ---        4 5 6 7 ;
  INPUT ---        5 6 7 ;
  INPUT ---        6 7 ;
  INPUT ---        7 ;

  INPUT ---    group=1 p    rows=7 cols=7 Triang ;
  INPUT ---        8 9 10 11 12 13 14 ;
  INPUT ---        9 10 11 12 13 14 ;
  INPUT ---        10 11 12 13 14 ;
  INPUT ---        11 12 13 14 ;
  INPUT ---        12 13 14 ;
  INPUT ---        13 14 ;
  INPUT ---        14 ;

  INPUT ---    design matrix constraints=14 covariates=14;
  INPUT ---        1 0 0 0 0 0 0 0 0 0 0 0 0 0;
  INPUT ---        1 1 0 0 0 0 0 0 0 0 0 0 0 0;
  INPUT ---        1 0 1 0 0 0 0 0 0 0 0 0 0 0;
  INPUT ---        1 0 0 1 0 0 0 0 0 0 0 0 0 0;
  INPUT ---        1 0 0 0 1 0 0 0 0 0 0 0 0 0;
  INPUT ---        1 0 0 0 0 1 0 0 0 0 0 0 0 0;
  INPUT ---        1 0 0 0 0 0 1 0 0 0 0 0 0 0;
  INPUT ---        0 0 0 0 0 0 0 1 0 0 0 0 0 0;
  INPUT ---        0 0 0 0 0 0 0 1 1 0 0 0 0 0;
  INPUT ---        0 0 0 0 0 0 0 1 0 1 0 0 0 0;
  INPUT ---        0 0 0 0 0 0 0 1 0 0 1 0 0 0;
  INPUT ---        0 0 0 0 0 0 0 1 0 0 0 1 0 0;
  INPUT ---        0 0 0 0 0 0 0 1 0 0 0 0 1 0;
  INPUT ---        0 0 0 0 0 0 0 1 0 0 0 0 0 1;
  INPUT ---       blabel(1)=Phi:(Intercept);
  INPUT ---       blabel(2)=Phi:time1.178;
  INPUT ---       blabel(3)=Phi:time2.188;
  INPUT ---       blabel(4)=Phi:time3.044;
  INPUT ---       blabel(5)=Phi:time12.21;
  INPUT ---       blabel(6)=Phi:time14.144;

  Program  MARK  - Survival Rate Estimation with Capture-Recapture Data
   gfortran(dble) Vers. 9.0 Jan 2019  25-Jan-2023 11:54:52    Page  003
 - - - - - - - - - - - - - - - - - - - - - - - - - - - - - - - - - - - - - -
 
  INPUT ---       blabel(7)=Phi:time19.187;
  INPUT ---       blabel(8)=p:(Intercept);
  INPUT ---       blabel(9)=p:time2.188;
  INPUT ---       blabel(10)=p:time3.044;
  INPUT ---       blabel(11)=p:time12.21;
  INPUT ---       blabel(12)=p:time14.144;
  INPUT ---       blabel(13)=p:time19.187;
  INPUT ---       blabel(14)=p:time19.278;
  INPUT ---       rlabel(1)=Phi g1 c1 a0 t1;
  INPUT ---       rlabel(2)=Phi g1 c1 a0.178 t1.178;
  INPUT ---       rlabel(3)=Phi g1 c1 a1.188 t2.188;
  INPUT ---       rlabel(4)=Phi g1 c1 a2.044 t3.044;
  INPUT ---       rlabel(5)=Phi g1 c1 a11.21 t12.21;
  INPUT ---       rlabel(6)=Phi g1 c1 a13.144 t14.144;
  INPUT ---       rlabel(7)=Phi g1 c1 a18.187 t19.187;
  INPUT ---       rlabel(8)=p g1 c1 a0.178 t1.178;
  INPUT ---       rlabel(9)=p g1 c1 a1.188 t2.188;
  INPUT ---       rlabel(10)=p g1 c1 a2.044 t3.044;
  INPUT ---       rlabel(11)=p g1 c1 a11.21 t12.21;
  INPUT ---       rlabel(12)=p g1 c1 a13.144 t14.144;
  INPUT ---       rlabel(13)=p g1 c1 a18.187 t19.187;
  INPUT ---       rlabel(14)=p g1 c1 a18.278 t19.278;

 Link Function Used is LOGIT        

 Variance Estimation Procedure Used is 2ndPart 
 -2logL(saturated) = 3016.1742     
 Effective Sample Size = 2608

 Number of function evaluations was 98 for 14 parameters.
 CPU Time for numerical optimization was 0.05 seconds.     
 -2logL { Phi(~time)p(~time) } = 3021.2851     
 Penalty { Phi(~time)p(~time) } = 0.0000000     
 Gradient { Phi(~time)p(~time) }:
  0.30918283E-03  0.25457342E-04  0.49484976E-03 -0.20636844E-03  0.17728349E-04
  0.88927201E-05  0.24334147E-04 -0.13325202E-03 -0.12552508E-03   0.0000000    
   0.0000000       0.0000000     -0.63034106E-04  0.25864727E-04
 Maximum ABS(G) { Phi(~time)p(~time) } = 0.4948498E-03 
 CPU Time to compute VC matrix was 0.01 seconds.     
 S Vector { Phi(~time)p(~time) }:
   366.3176      102.7327      51.74716      15.91296      6.635706    
   3.068560      2.136158      1.708130      1.511597     0.2662472    
  0.3406311E-05 0.7973315E-06 0.1956292E-06 0.5474544E-07
 CPU Time to invert VC matrix was 0.01 seconds.     
 Ratio Threshold = 50.000000       Max Gap (10/11) = 78162.905       Next Max Gap (9/10) = 5.6774209     
 Gap Method for Num. of Estimated Parameters { Phi(~time)p(~time) } = 10          
 Threshold { Phi(~time)p(~time) } = 0.9896995E-03           
 Numerical Threshold Method for Num. of Estimated Parameters { Phi(~time)p(~time) } = 10          
 Number of Estimated Parameters { Phi(~time)p(~time) } = 10          
 DEVIANCE { Phi(~time)p(~time) } = 5.1109050               
 DEVIANCE Degrees of Freedom { Phi(~time)p(~time) } = 2          
 c-hat { Phi(~time)p(~time) } = 2.5554525               
 AIC { Phi(~time)p(~time) } = 3041.2851               
 AICc { Phi(~time)p(~time) } = 3041.3698               
 BIC { Phi(~time)p(~time) } = 3099.9485               
 Pearson Chisquare { Phi(~time)p(~time) } = 12.321338               
 Possible Encounter Histories { Phi(~time)p(~time) } = 128          
 Pearson Chisquare df { Phi(~time)p(~time) } = 117          
 Pearson chat { Phi(~time)p(~time) } = 0.1053106               
 Sum(Observed/Expected) { Phi(~time)p(~time) } = 24.838059               
 s-bar { Phi(~time)p(~time) } = -0.8122987              
 Fletcher chat { Phi(~time)p(~time) } = 0.5610542               

  Program  MARK  - Survival Rate Estimation with Capture-Recapture Data
   gfortran(dble) Vers. 9.0 Jan 2019  25-Jan-2023 11:54:52    Page  004
 - - - - - - - - - - - - - - - - - - - - - - - - - - - - - - - - - - - - - -
 


                 LOGIT Link Function Parameters of { Phi(~time)p(~time) }
                                                              95% Confidence Interval
    Parameter                  Beta         Standard Error     Lower           Upper
 -------------------------  --------------  --------------  --------------  --------------
    1:Phi:(Intercept)       -6.5015030       0.2165543      -6.9259494      -6.0770565    
    2:Phi:time1.178          7.3914121       0.2416797       6.9177199       7.8651044    
    3:Phi:time2.188          8.0038771       0.2653042       7.4838809       8.5238734    
    4:Phi:time3.044          7.5769874       0.2364766       7.1134933       8.0404814    
    5:Phi:time12.21          9.3283994       0.7595371       7.8397067       10.817092    
    6:Phi:time14.144         9.2952453       0.7682074       7.7895587       10.800932    
    7:Phi:time19.187         4.0164205       0.0000000       4.0164205       4.0164205    
    8:p:(Intercept)          3.5804300       0.3379457       2.9180565       4.2428035    
    9:p:time2.188            0.9449549       0.6716724      -0.3715230       2.2614328    
   10:p:time3.044            20.998944       4263.6409      -8335.7374       8377.7353    
   11:p:time12.21            14.955945       2278.2490      -4450.4122       4480.3241    
   12:p:time14.144           12.907716       1122.1743      -2186.5540       2212.3694    
   13:p:time19.187          -3.3572952       0.7511357      -4.8295212      -1.8850692    
   14:p:time19.278          -1.3597835       0.0000000      -1.3597835      -1.3597835    


                    Real Function Parameters of { Phi(~time)p(~time) }
                                                               95% Confidence Interval
     Parameter                Estimate       Standard Error     Lower           Upper
 --------------------------  --------------  --------------  --------------  --------------
     1:Phi g1 c1 a0 t1        0.0014989       0.3241135E-03   0.9810070E-03   0.0022897                          
     2:Phi g1 c1 a0.178 t1.   0.7088714       0.0212139       0.6656183       0.7486425                          
     3:Phi g1 c1 a1.188 t2.   0.8179283       0.0228247       0.7688755       0.8584865                          
     4:Phi g1 c1 a2.044 t3.   0.7456385       0.0180183       0.7087416       0.7793167                          
     5:Phi g1 c1 a11.21 t12   0.9441121       0.0384131       0.8021829       0.9859890                          
     6:Phi g1 c1 a13.144 t1   0.9423367       0.0400501       0.7939856       0.9857741                          
     7:Phi g1 c1 a18.187 t1   0.0769106       0.0000000       0.0769106       0.0769106                          
     8:p g1 c1 a0.178 t1.17   0.9728916       0.0089128       0.9487318       0.9858362                          
     9:p g1 c1 a1.188 t2.18   0.9892855       0.0061527       0.9673172       0.9965402                          
    10:p g1 c1 a2.044 t3.04   1.0000000       0.9017683E-07   0.9999998       1.0000002                          
    11:p g1 c1 a11.21 t12.2   1.0000000       0.2029345E-04   0.9999602       1.0000398                          
    12:p g1 c1 a13.144 t14.   0.9999999       0.7750855E-04  0.8053693E-301   1.0000000                          
    13:p g1 c1 a18.187 t19.   0.5555534       0.1656344       0.2513040       0.8231649                          
    14:p g1 c1 a18.278 t19.   0.9020883       0.0000000       0.9020883       0.9020883                          

 Attempted ordering of parameters by estimatibility:
   1  4  2  8  3 13  6  9  5 14  7 12 11 10
 Beta number 10 is a singular value.

   CPU Time for the last procedure was 0.05 seconds.     

  Program  MARK  - Survival Rate Estimation with Capture-Recapture Data
   gfortran(dble) Vers. 9.0 Jan 2019  25-Jan-2023 11:54:52    Page  005
 - - - - - - - - - - - - - - - - - - - - - - - - - - - - - - - - - - - - - -
 


  INPUT --- proc stop;

     CPU Time in minutes for this job was 0.00

     Time Start = 11:54:52.230   Time End = 11:54:52.549

     Wall Clock Time in minutes for this job was 0.01


          E X E C U T I O N   S U C C E S S F U L 
