
   Program  MARK  - Survival Rate Estimation with Capture-Recapture Data
   gfortran(dble) Vers. 9.0 Jan 2019  26-Jan-2023 09:47:37    Page  001
    
 - - - - - - - - - - - - - - - - - - - - - - - - - - - - - - - - - - - - - -
 
   Welcome to MARK pgcar on machine DESKTOP-TG0OUVB in subdirectory 
   "C:\Users\pgcar\Documents\github\calfishtrack-shiny\data" running file "mark020.inp".
   This version was compiled by GCC version 11.2.0 using the options: 
     -cpp -iprefix c:\tdm-gcc-64\mingw64\bin\../lib/gcc/x86_64-w64-mingw32/11.2.0/
     -D_MT -D_REENTRANT -U_REENTRANT -D IEEE -D DBLEPRECISION -m64 -mtune=generic
     -march=x86-64 -mthreads -O2 -std=f2018 -fimplicit-none -fbounds-check
     -funroll-loops -ftree-vectorize -ffpe-summary=invalid,zero,overflow,underflow
     -fno-unsafe-math-optimizations -frounding-math -fsignaling-nans -flto
     -fall-intrinsics -fopenmp.

   This problem will use 7 of 8 possible threads.


  INPUT --- proc title ;

   CPU Time for the last procedure was 0.01 seconds.     


  INPUT --- proc chmatrix occasions= 7 groups= 1 etype= Live Nodes= 101 
  INPUT --- ICMeans NoHist hist= 10 ;

  INPUT ---    time interval 1 1 1 1 1 1 ;

  INPUT ---    glabel(1)=Group 1;

      Number of unique encounter histories read was 10.

      Number of individual covariates read was 0.
      Time interval lengths are all equal to 1.

      Data type number is 1
      Data type is Live Recaptures (CJS)

   CPU Time for the last procedure was 0.01 seconds.     

  Program  MARK  - Survival Rate Estimation with Capture-Recapture Data
   gfortran(dble) Vers. 9.0 Jan 2019  26-Jan-2023 09:47:37    Page  002
 - - - - - - - - - - - - - - - - - - - - - - - - - - - - - - - - - - - - - -
 


  INPUT --- proc estimate link=Logit NOLOOP varest=2ndPart    ;


  INPUT --- model={ Phi(~time)p(~time) };

  INPUT ---    group=1 Phi    rows=6 cols=6 Triang ;
  INPUT ---        1 2 3 4 5 6 ;
  INPUT ---        2 3 4 5 6 ;
  INPUT ---        3 4 5 6 ;
  INPUT ---        4 5 6 ;
  INPUT ---        5 6 ;
  INPUT ---        6 ;

  INPUT ---    group=1 p    rows=6 cols=6 Triang ;
  INPUT ---        7 8 9 10 11 12 ;
  INPUT ---        8 9 10 11 12 ;
  INPUT ---        9 10 11 12 ;
  INPUT ---        10 11 12 ;
  INPUT ---        11 12 ;
  INPUT ---        12 ;

  INPUT ---    design matrix constraints=12 covariates=12;
  INPUT ---        1 0 0 0 0 0 0 0 0 0 0 0;
  INPUT ---        1 1 0 0 0 0 0 0 0 0 0 0;
  INPUT ---        1 0 1 0 0 0 0 0 0 0 0 0;
  INPUT ---        1 0 0 1 0 0 0 0 0 0 0 0;
  INPUT ---        1 0 0 0 1 0 0 0 0 0 0 0;
  INPUT ---        1 0 0 0 0 1 0 0 0 0 0 0;
  INPUT ---        0 0 0 0 0 0 1 0 0 0 0 0;
  INPUT ---        0 0 0 0 0 0 1 1 0 0 0 0;
  INPUT ---        0 0 0 0 0 0 1 0 1 0 0 0;
  INPUT ---        0 0 0 0 0 0 1 0 0 1 0 0;
  INPUT ---        0 0 0 0 0 0 1 0 0 0 1 0;
  INPUT ---        0 0 0 0 0 0 1 0 0 0 0 1;
  INPUT ---       blabel(1)=Phi:(Intercept);
  INPUT ---       blabel(2)=Phi:time2;
  INPUT ---       blabel(3)=Phi:time3;
  INPUT ---       blabel(4)=Phi:time4;
  INPUT ---       blabel(5)=Phi:time5;
  INPUT ---       blabel(6)=Phi:time6;
  INPUT ---       blabel(7)=p:(Intercept);
  INPUT ---       blabel(8)=p:time3;
  INPUT ---       blabel(9)=p:time4;
  INPUT ---       blabel(10)=p:time5;

  Program  MARK  - Survival Rate Estimation with Capture-Recapture Data
   gfortran(dble) Vers. 9.0 Jan 2019  26-Jan-2023 09:47:37    Page  003
 - - - - - - - - - - - - - - - - - - - - - - - - - - - - - - - - - - - - - -
 
  INPUT ---       blabel(11)=p:time6;
  INPUT ---       blabel(12)=p:time7;
  INPUT ---       rlabel(1)=Phi g1 c1 a0 t1;
  INPUT ---       rlabel(2)=Phi g1 c1 a1 t2;
  INPUT ---       rlabel(3)=Phi g1 c1 a2 t3;
  INPUT ---       rlabel(4)=Phi g1 c1 a3 t4;
  INPUT ---       rlabel(5)=Phi g1 c1 a4 t5;
  INPUT ---       rlabel(6)=Phi g1 c1 a5 t6;
  INPUT ---       rlabel(7)=p g1 c1 a1 t2;
  INPUT ---       rlabel(8)=p g1 c1 a2 t3;
  INPUT ---       rlabel(9)=p g1 c1 a3 t4;
  INPUT ---       rlabel(10)=p g1 c1 a4 t5;
  INPUT ---       rlabel(11)=p g1 c1 a5 t6;
  INPUT ---       rlabel(12)=p g1 c1 a6 t7;

 Link Function Used is LOGIT        

 Variance Estimation Procedure Used is 2ndPart 
 -2logL(saturated) = 1395.5391     
 Effective Sample Size = 1486

 Number of function evaluations was 48 for 12 parameters.
 CPU Time for numerical optimization was 0.02 seconds.     
 -2logL { Phi(~time)p(~time) } = 1454.1967     
 Penalty { Phi(~time)p(~time) } = 0.0000000     
 Gradient { Phi(~time)p(~time) }:
 -0.11401972E-03   0.0000000      0.14969342E-04 -0.33616273E-05 -0.41189121E-04
   0.0000000     -0.14373620E-03 -0.30010218E-04   0.0000000       0.0000000    
  0.27971736E-04 -0.12587161E-03
 Maximum ABS(G) { Phi(~time)p(~time) } = 0.1437362E-03 
 CPU Time to compute VC matrix was 0.01 seconds.     
 S Vector { Phi(~time)p(~time) }:
   209.6683      30.29079      19.10010      4.974550      3.656828    
   2.000013      1.814011     0.7563561     0.7555057E-07 0.1160265E-08
  0.4866630E-09 0.7234418E-10
 CPU Time to invert VC matrix was 0.01 seconds.     
 Ratio Threshold = 50.000000       Max Gap (8/9) = 10011257.       Next Max Gap (9/10) = 65.114902     
 Gap Method for Num. of Estimated Parameters { Phi(~time)p(~time) } = 8          
 Threshold { Phi(~time)p(~time) } = 0.2874724E-03           
 Numerical Threshold Method for Num. of Estimated Parameters { Phi(~time)p(~time) } = 8          
 Number of Estimated Parameters { Phi(~time)p(~time) } = 8          
 DEVIANCE { Phi(~time)p(~time) } = 58.657574               
 DEVIANCE Degrees of Freedom { Phi(~time)p(~time) } = 1          
 c-hat { Phi(~time)p(~time) } = 58.657574               
 AIC { Phi(~time)p(~time) } = 1470.1967               
 AICc { Phi(~time)p(~time) } = 1470.2942               
 BIC { Phi(~time)p(~time) } = 1512.6275               
 Pearson Chisquare { Phi(~time)p(~time) } = 1066.2057               
 Possible Encounter Histories { Phi(~time)p(~time) } = 64          
 Pearson Chisquare df { Phi(~time)p(~time) } = 55          
 Pearson chat { Phi(~time)p(~time) } = 19.385558               
 Sum(Observed/Expected) { Phi(~time)p(~time) } = 418.21022               
 s-bar { Phi(~time)p(~time) } = 5.6223844               
 Fletcher chat { Phi(~time)p(~time) } = 2.9272776               


                 LOGIT Link Function Parameters of { Phi(~time)p(~time) }
                                                              95% Confidence Interval
    Parameter                  Beta         Standard Error     Lower           Upper
 -------------------------  --------------  --------------  --------------  --------------
    1:Phi:(Intercept)       -1.1412141       0.0747909      -1.2878042      -0.9946239    
    2:Phi:time2              32.104793       0.0000000       32.104793       32.104793    
    3:Phi:time3             -1.0386720       0.2280222      -1.4855955      -0.5917486    
    4:Phi:time4              3.5391080       0.7423258       2.0841494       4.9940665    
    5:Phi:time5              1.5931974       0.4702605       0.6714868       2.5149080    

  Program  MARK  - Survival Rate Estimation with Capture-Recapture Data
   gfortran(dble) Vers. 9.0 Jan 2019  26-Jan-2023 09:47:37    Page  004
 - - - - - - - - - - - - - - - - - - - - - - - - - - - - - - - - - - - - - -
 
    6:Phi:time6              14.789528       0.0000000       14.789528       14.789528    
    7:p:(Intercept)          3.7771231       0.4522739       2.8906663       4.6635799    
    8:p:time3               -1.0338125       0.5218818      -2.0567008      -0.0109242    
    9:p:time4                50.115812       0.0000000       50.115812       50.115812    
   10:p:time5                15.151631       3638.1544      -7115.6311       7145.9344    
   11:p:time6               -2.2730444       0.9031422      -4.0432032      -0.5028856    
   12:p:time7               -2.2730756       0.4833373      -3.2204167      -1.3257346    


                    Real Function Parameters of { Phi(~time)p(~time) }
                                                               95% Confidence Interval
     Parameter                Estimate       Standard Error     Lower           Upper
 --------------------------  --------------  --------------  --------------  --------------
     1:Phi g1 c1 a0 t1        0.2420975       0.0137231       0.2162247       0.2699997                          
     2:Phi g1 c1 a1 t2        1.0000000       0.0000000       1.0000000       1.0000000                          
     3:Phi g1 c1 a2 t3        0.1015713       0.0196535       0.0690091       0.1470709                          
     4:Phi g1 c1 a3 t4        0.9166666       0.0564170       0.7211833       0.9790706                          
     5:Phi g1 c1 a4 t5        0.6111107       0.1103370       0.3874614       0.7960784                          
     6:Phi g1 c1 a5 t6        0.9999988       0.0000000       0.9999988       0.9999988                          
     7:p g1 c1 a1 t2          0.9776237       0.0098938       0.9473831       0.9906555                          
     8:p g1 c1 a2 t3          0.9395344       0.0156629       0.9005115       0.9638654                          
     9:p g1 c1 a3 t4          1.0000000       0.0000000       1.0000000       1.0000000                          
    10:p g1 c1 a4 t5          1.0000000       0.2188909E-04   0.9999571       1.0000429                          
    11:p g1 c1 a5 t6          0.8181820       0.1162915       0.4929685       0.9541867                          
    12:p g1 c1 a6 t7          0.8181774       0.0252799       0.7633215       0.8626075                          

 Attempted ordering of parameters by estimatibility:
   1  7  3  5  8  4 12 11 10  2  9  6
 Beta number 6 is a singular value.

   CPU Time for the last procedure was 0.02 seconds.     

  Program  MARK  - Survival Rate Estimation with Capture-Recapture Data
   gfortran(dble) Vers. 9.0 Jan 2019  26-Jan-2023 09:47:37    Page  005
 - - - - - - - - - - - - - - - - - - - - - - - - - - - - - - - - - - - - - -
 


  INPUT --- proc stop;

     CPU Time in minutes for this job was 0.00

     Time Start = 09:47:37.105   Time End = 09:47:37.294

     Wall Clock Time in minutes for this job was 0.00


          E X E C U T I O N   S U C C E S S F U L 
