
   Program  MARK  - Survival Rate Estimation with Capture-Recapture Data
   gfortran(dble) Vers. 9.0 Jan 2019  25-Jan-2023 09:31:11    Page  001
    
 - - - - - - - - - - - - - - - - - - - - - - - - - - - - - - - - - - - - - -
 
   Welcome to MARK pgcar on machine DESKTOP-TG0OUVB in subdirectory 
   "C:\Users\pgcar\Documents\github\calfishtrack-shiny\data" running file "mark014.inp".
   This version was compiled by GCC version 11.2.0 using the options: 
     -cpp -iprefix c:\tdm-gcc-64\mingw64\bin\../lib/gcc/x86_64-w64-mingw32/11.2.0/
     -D_MT -D_REENTRANT -U_REENTRANT -D IEEE -D DBLEPRECISION -m64 -mtune=generic
     -march=x86-64 -mthreads -O2 -std=f2018 -fimplicit-none -fbounds-check
     -funroll-loops -ftree-vectorize -ffpe-summary=invalid,zero,overflow,underflow
     -fno-unsafe-math-optimizations -frounding-math -fsignaling-nans -flto
     -fall-intrinsics -fopenmp.

   This problem will use 7 of 8 possible threads.


  INPUT --- proc title ;

   CPU Time for the last procedure was 0.01 seconds.     


  INPUT --- proc chmatrix occasions= 5 groups= 1 etype= Live Nodes= 101 
  INPUT --- ICMeans NoHist hist= 6 ;

  INPUT ---    time interval 6.401 1.934 5.043 0.091 ;

  INPUT ---    glabel(1)=Group 1;

      Number of unique encounter histories read was 6.

      Number of individual covariates read was 0.
      Time interval lengths vary and/or not equal to 1.

      Data type number is 1
      Data type is Live Recaptures (CJS)

   CPU Time for the last procedure was 0.01 seconds.     

  Program  MARK  - Survival Rate Estimation with Capture-Recapture Data
   gfortran(dble) Vers. 9.0 Jan 2019  25-Jan-2023 09:31:11    Page  002
 - - - - - - - - - - - - - - - - - - - - - - - - - - - - - - - - - - - - - -
 


  INPUT --- proc estimate link=Logit NOLOOP varest=2ndPart    ;


  INPUT --- model={ Phi(~time)p(~time) };

  INPUT ---    group=1 Phi    rows=4 cols=4 Triang ;
  INPUT ---        1 2 3 4 ;
  INPUT ---        2 3 4 ;
  INPUT ---        3 4 ;
  INPUT ---        4 ;

  INPUT ---    group=1 p    rows=4 cols=4 Triang ;
  INPUT ---        5 6 7 8 ;
  INPUT ---        6 7 8 ;
  INPUT ---        7 8 ;
  INPUT ---        8 ;

  INPUT ---    design matrix constraints=8 covariates=8;
  INPUT ---        1 0 0 0 0 0 0 0;
  INPUT ---        1 1 0 0 0 0 0 0;
  INPUT ---        1 0 1 0 0 0 0 0;
  INPUT ---        1 0 0 1 0 0 0 0;
  INPUT ---        0 0 0 0 1 0 0 0;
  INPUT ---        0 0 0 0 1 1 0 0;
  INPUT ---        0 0 0 0 1 0 1 0;
  INPUT ---        0 0 0 0 1 0 0 1;
  INPUT ---       blabel(1)=Phi:(Intercept);
  INPUT ---       blabel(2)=Phi:time7.401;
  INPUT ---       blabel(3)=Phi:time9.335;
  INPUT ---       blabel(4)=Phi:time14.378;
  INPUT ---       blabel(5)=p:(Intercept);
  INPUT ---       blabel(6)=p:time9.335;
  INPUT ---       blabel(7)=p:time14.378;
  INPUT ---       blabel(8)=p:time14.469;
  INPUT ---       rlabel(1)=Phi g1 c1 a0 t1;
  INPUT ---       rlabel(2)=Phi g1 c1 a6.401 t7.401;
  INPUT ---       rlabel(3)=Phi g1 c1 a8.335 t9.335;
  INPUT ---       rlabel(4)=Phi g1 c1 a13.378 t14.378;
  INPUT ---       rlabel(5)=p g1 c1 a6.401 t7.401;
  INPUT ---       rlabel(6)=p g1 c1 a8.335 t9.335;
  INPUT ---       rlabel(7)=p g1 c1 a13.378 t14.378;
  INPUT ---       rlabel(8)=p g1 c1 a13.469 t14.469;

 Link Function Used is LOGIT        

  Program  MARK  - Survival Rate Estimation with Capture-Recapture Data
   gfortran(dble) Vers. 9.0 Jan 2019  25-Jan-2023 09:31:11    Page  003
 - - - - - - - - - - - - - - - - - - - - - - - - - - - - - - - - - - - - - -
 

 Variance Estimation Procedure Used is 2ndPart 
 -2logL(saturated) = 380.12942     
 Effective Sample Size = 1056

 Number of function evaluations was 48 for 8 parameters.
 CPU Time for numerical optimization was 0.01 seconds.     
 -2logL { Phi(~time)p(~time) } = 382.81284     
 Penalty { Phi(~time)p(~time) } = 0.0000000     
 Gradient { Phi(~time)p(~time) }:
  0.56085302E-05 -0.17244338E-06   0.0000000       0.0000000       0.0000000    
   0.0000000     -0.91303193E-06 -0.12387720E-05
 Maximum ABS(G) { Phi(~time)p(~time) } = 0.5608530E-05 
 CPU Time to compute VC matrix was 0.02 seconds.     
 S Vector { Phi(~time)p(~time) }:
   240.7865      13.45737      5.241384      2.705269     0.2964876    
  0.5047639E-07 0.1829407E-07 0.3825372E-08
 CPU Time to invert VC matrix was 0.01 seconds.     
 Ratio Threshold = 50.000000       Max Gap (5/6) = 5873787.0       Next Max Gap (1/2) = 17.892537     
 Gap Method for Num. of Estimated Parameters { Phi(~time)p(~time) } = 5          
 Threshold { Phi(~time)p(~time) } = 0.1121706E-04           
 Numerical Threshold Method for Num. of Estimated Parameters { Phi(~time)p(~time) } = 5          
 Number of Estimated Parameters { Phi(~time)p(~time) } = 5          
 DEVIANCE { Phi(~time)p(~time) } = 2.6834236               
 DEVIANCE Degrees of Freedom { Phi(~time)p(~time) } = 0          
 c-hat { Phi(~time)p(~time) } = 1.0000000               
 AIC { Phi(~time)p(~time) } = 392.81284               
 AICc { Phi(~time)p(~time) } = 392.86999               
 BIC { Phi(~time)p(~time) } = 417.62406               
 Pearson Chisquare { Phi(~time)p(~time) } = 2.7500018               
 Possible Encounter Histories { Phi(~time)p(~time) } = 16          
 Pearson Chisquare df { Phi(~time)p(~time) } = 10          
 Pearson chat { Phi(~time)p(~time) } = 0.2750002               
 Sum(Observed/Expected) { Phi(~time)p(~time) } = 8.6770857               
 s-bar { Phi(~time)p(~time) } = -0.4881943              
 Fletcher chat { Phi(~time)p(~time) } = 0.5373136               


                 LOGIT Link Function Parameters of { Phi(~time)p(~time) }
                                                              95% Confidence Interval
    Parameter                  Beta         Standard Error     Lower           Upper
 -------------------------  --------------  --------------  --------------  --------------
    1:Phi:(Intercept)        0.3603198       0.0650592       0.2328037       0.4878358    
    2:Phi:time7.401          21.121448       4466.9785      -8734.1566       8776.3995    
    3:Phi:time9.335          2.7096320       0.5501028       1.6314305       3.7878334    
    4:Phi:time14.378         9.4904904       7383.7573      -14462.674       14481.655    
    5:p:(Intercept)          3.4657366       1.0155048       1.4753471       5.4561261    
    6:p:time9.335            26.347889       0.0000000       26.347889       26.347889    
    7:p:time14.378          -3.1780546       1.1071108      -5.3479919      -1.0081174    
    8:p:time14.469          -2.0794184       1.2162596      -4.4632873       0.3044505    


                    Real Function Parameters of { Phi(~time)p(~time) }
                                                               95% Confidence Interval
     Parameter                Estimate       Standard Error     Lower           Upper
 --------------------------  --------------  --------------  --------------  --------------
     1:Phi g1 c1 a0 t1        0.5891178       0.0157481       0.5579395       0.6195965                          
     2:Phi g1 c1 a6.401 t7.   1.0000000       0.2092187E-05   0.9999959       1.0000041                          
     3:Phi g1 c1 a8.335 t9.   0.9556361       0.0231583       0.8807254       0.9843358                          
     4:Phi g1 c1 a13.378 t1   0.9999473       0.3891160      0.1055448E-303   1.0000000                          
     5:p g1 c1 a6.401 t7.40   0.9696970       0.0298403       0.8138688       0.9957481                          
     6:p g1 c1 a8.335 t9.33   1.0000000       0.0000000       1.0000000       1.0000000                          
     7:p g1 c1 a13.378 t14.   0.5714285       0.1079898       0.3597160       0.7598689                          
     8:p g1 c1 a13.469 t14.   0.8000038       0.1070956       0.5185861       0.9369237                          

 Attempted ordering of parameters by estimatibility:
  1 5 3 7 8 2 4 6
 Beta number 6 is a singular value.

  Program  MARK  - Survival Rate Estimation with Capture-Recapture Data
   gfortran(dble) Vers. 9.0 Jan 2019  25-Jan-2023 09:31:11    Page  004
 - - - - - - - - - - - - - - - - - - - - - - - - - - - - - - - - - - - - - -
 

   CPU Time for the last procedure was 0.02 seconds.     


  INPUT --- proc stop;

     CPU Time in minutes for this job was 0.00

     Time Start = 09:31:11.078   Time End = 09:31:11.194

     Wall Clock Time in minutes for this job was 0.00


          E X E C U T I O N   S U C C E S S F U L 
