
   Program  MARK  - Survival Rate Estimation with Capture-Recapture Data
   gfortran(dble) Vers. 9.0 Jan 2019  27-Jan-2023 13:28:01    Page  001
    
 - - - - - - - - - - - - - - - - - - - - - - - - - - - - - - - - - - - - - -
 
   Welcome to MARK pgcar on machine DESKTOP-TG0OUVB in subdirectory 
   "C:\Users\pgcar\Documents\github\calfishtrack-shiny\data" running file "mark035.inp".
   This version was compiled by GCC version 11.2.0 using the options: 
     -cpp -iprefix c:\tdm-gcc-64\mingw64\bin\../lib/gcc/x86_64-w64-mingw32/11.2.0/
     -D_MT -D_REENTRANT -U_REENTRANT -D IEEE -D DBLEPRECISION -m64 -mtune=generic
     -march=x86-64 -mthreads -O2 -std=f2018 -fimplicit-none -fbounds-check
     -funroll-loops -ftree-vectorize -ffpe-summary=invalid,zero,overflow,underflow
     -fno-unsafe-math-optimizations -frounding-math -fsignaling-nans -flto
     -fall-intrinsics -fopenmp.

   This problem will use 7 of 8 possible threads.


  INPUT --- proc title ;

   CPU Time for the last procedure was 0.01 seconds.     


  INPUT --- proc chmatrix occasions= 5 groups= 1 etype= Live Nodes= 101 
  INPUT --- ICMeans NoHist hist= 7 ;

  INPUT ---    time interval 1 1 1 1 ;

  INPUT ---    glabel(1)=Group 1;

      Number of unique encounter histories read was 7.

      Number of individual covariates read was 0.
      Time interval lengths are all equal to 1.

      Data type number is 1
      Data type is Live Recaptures (CJS)

   CPU Time for the last procedure was 0.01 seconds.     

  Program  MARK  - Survival Rate Estimation with Capture-Recapture Data
   gfortran(dble) Vers. 9.0 Jan 2019  27-Jan-2023 13:28:01    Page  002
 - - - - - - - - - - - - - - - - - - - - - - - - - - - - - - - - - - - - - -
 


  INPUT --- proc estimate link=Logit NOLOOP varest=2ndPart    ;


  INPUT --- model={ Phi(~time)p(~time) };

  INPUT ---    group=1 Phi    rows=4 cols=4 Triang ;
  INPUT ---        1 2 3 4 ;
  INPUT ---        2 3 4 ;
  INPUT ---        3 4 ;
  INPUT ---        4 ;

  INPUT ---    group=1 p    rows=4 cols=4 Triang ;
  INPUT ---        5 6 7 8 ;
  INPUT ---        6 7 8 ;
  INPUT ---        7 8 ;
  INPUT ---        8 ;

  INPUT ---    design matrix constraints=8 covariates=8;
  INPUT ---        1 0 0 0 0 0 0 0;
  INPUT ---        1 1 0 0 0 0 0 0;
  INPUT ---        1 0 1 0 0 0 0 0;
  INPUT ---        1 0 0 1 0 0 0 0;
  INPUT ---        0 0 0 0 1 0 0 0;
  INPUT ---        0 0 0 0 1 1 0 0;
  INPUT ---        0 0 0 0 1 0 1 0;
  INPUT ---        0 0 0 0 1 0 0 1;
  INPUT ---       blabel(1)=Phi:(Intercept);
  INPUT ---       blabel(2)=Phi:time2;
  INPUT ---       blabel(3)=Phi:time3;
  INPUT ---       blabel(4)=Phi:time4;
  INPUT ---       blabel(5)=p:(Intercept);
  INPUT ---       blabel(6)=p:time3;
  INPUT ---       blabel(7)=p:time4;
  INPUT ---       blabel(8)=p:time5;
  INPUT ---       rlabel(1)=Phi g1 c1 a0 t1;
  INPUT ---       rlabel(2)=Phi g1 c1 a1 t2;
  INPUT ---       rlabel(3)=Phi g1 c1 a2 t3;
  INPUT ---       rlabel(4)=Phi g1 c1 a3 t4;
  INPUT ---       rlabel(5)=p g1 c1 a1 t2;
  INPUT ---       rlabel(6)=p g1 c1 a2 t3;
  INPUT ---       rlabel(7)=p g1 c1 a3 t4;
  INPUT ---       rlabel(8)=p g1 c1 a4 t5;

 Link Function Used is LOGIT        

  Program  MARK  - Survival Rate Estimation with Capture-Recapture Data
   gfortran(dble) Vers. 9.0 Jan 2019  27-Jan-2023 13:28:01    Page  003
 - - - - - - - - - - - - - - - - - - - - - - - - - - - - - - - - - - - - - -
 

 Variance Estimation Procedure Used is 2ndPart 
 -2logL(saturated) = 233.51545     
 Effective Sample Size = 642

 Number of function evaluations was 67 for 8 parameters.
 CPU Time for numerical optimization was 0.02 seconds.     
 -2logL { Phi(~time)p(~time) } = 235.45662     
 Penalty { Phi(~time)p(~time) } = 0.0000000     
 Gradient { Phi(~time)p(~time) }:
  0.17320267E-05  0.10113808E-05  0.28889947E-06   0.0000000      0.20965308E-05
   0.0000000     -0.64745660E-06  0.12949133E-05
 Maximum ABS(G) { Phi(~time)p(~time) } = 0.2096531E-05 
 CPU Time to compute VC matrix was 0.01 seconds.     
 S Vector { Phi(~time)p(~time) }:
   23.27465      7.786569      3.000000      2.563115     0.4263339    
  0.2461970     0.2839286E-07 0.1201288E-09
 CPU Time to invert VC matrix was 0.01 seconds.     
 Ratio Threshold = 50.000000       Max Gap (6/7) = 8671087.5       Next Max Gap (7/8) = 236.35349     
 Gap Method for Num. of Estimated Parameters { Phi(~time)p(~time) } = 6          
 Threshold { Phi(~time)p(~time) } = 0.4193062E-05           
 Numerical Threshold Method for Num. of Estimated Parameters { Phi(~time)p(~time) } = 6          
 Number of Estimated Parameters { Phi(~time)p(~time) } = 6          
 DEVIANCE { Phi(~time)p(~time) } = 1.9411663               
 DEVIANCE Degrees of Freedom { Phi(~time)p(~time) } = 0          
 c-hat { Phi(~time)p(~time) } = 1.0000000               
 AIC { Phi(~time)p(~time) } = 247.45662               
 AICc { Phi(~time)p(~time) } = 247.58890               
 BIC { Phi(~time)p(~time) } = 274.24415               
 Pearson Chisquare { Phi(~time)p(~time) } = 1.6071421               
 Possible Encounter Histories { Phi(~time)p(~time) } = 16          
 Pearson Chisquare df { Phi(~time)p(~time) } = 9          
 Pearson chat { Phi(~time)p(~time) } = 0.1785713               
 Sum(Observed/Expected) { Phi(~time)p(~time) } = 8.6071418               
 s-bar { Phi(~time)p(~time) } = -0.4928572              
 Fletcher chat { Phi(~time)p(~time) } = 0.3521125               


                 LOGIT Link Function Parameters of { Phi(~time)p(~time) }
                                                              95% Confidence Interval
    Parameter                  Beta         Standard Error     Lower           Upper
 -------------------------  --------------  --------------  --------------  --------------
    1:Phi:(Intercept)       -3.4048943       0.2338878      -3.8633145      -2.9464741    
    2:Phi:time2              4.6576572       0.6212666       3.4399747       5.8753397    
    3:Phi:time3              5.6021188       1.6270507       2.4130993       8.7911383    
    4:Phi:time4              43.549870       0.0000000       43.549870       43.549870    
    5:p:(Intercept)          2.6390567       1.0350967       0.6102671       4.6678464    
    6:p:time3                20.029714       5934.6541      -11611.893       11651.952    
    7:p:time4               -1.9459096       1.2535644      -4.4028959       0.5110767    
    8:p:time5               -1.9459093       1.2535645      -4.4028957       0.5110770    


                    Real Function Parameters of { Phi(~time)p(~time) }
                                                               95% Confidence Interval
     Parameter                Estimate       Standard Error     Lower           Upper
 --------------------------  --------------  --------------  --------------  --------------
     1:Phi g1 c1 a0 t1        0.0321429       0.0072762       0.0205664       0.0499034                          
     2:Phi g1 c1 a1 t2        0.7777778       0.0979908       0.5353279       0.9140389                          
     3:Phi g1 c1 a2 t3        0.9000000       0.1449137       0.2771437       0.9952890                          
     4:Phi g1 c1 a3 t4        1.0000000       0.0000000       1.0000000       1.0000000                          
     5:p g1 c1 a1 t2          0.9333333       0.0644061       0.6480017       0.9906949                          
     6:p g1 c1 a2 t3          1.0000000       0.8481512E-06   0.9999983       1.0000017                          
     7:p g1 c1 a3 t4          0.6666667       0.1571348       0.3334145       0.8888528                          
     8:p g1 c1 a4 t5          0.6666667       0.1571348       0.3334146       0.8888528                          

 Attempted ordering of parameters by estimatibility:
  1 5 2 7 8 3 6 4
 Beta number 4 is a singular value.

  Program  MARK  - Survival Rate Estimation with Capture-Recapture Data
   gfortran(dble) Vers. 9.0 Jan 2019  27-Jan-2023 13:28:01    Page  004
 - - - - - - - - - - - - - - - - - - - - - - - - - - - - - - - - - - - - - -
 

   CPU Time for the last procedure was 0.02 seconds.     


  INPUT --- proc stop;

     CPU Time in minutes for this job was 0.00

     Time Start = 13:28:01.822   Time End = 13:28:01.980

     Wall Clock Time in minutes for this job was 0.00


          E X E C U T I O N   S U C C E S S F U L 
