
   Program  MARK  - Survival Rate Estimation with Capture-Recapture Data
   gfortran(dble) Vers. 9.0 Jan 2019  26-Jan-2023 09:52:21    Page  001
    
 - - - - - - - - - - - - - - - - - - - - - - - - - - - - - - - - - - - - - -
 
   Welcome to MARK pgcar on machine DESKTOP-TG0OUVB in subdirectory 
   "C:\Users\pgcar\Documents\github\calfishtrack-shiny\data" running file "mark021.inp".
   This version was compiled by GCC version 11.2.0 using the options: 
     -cpp -iprefix c:\tdm-gcc-64\mingw64\bin\../lib/gcc/x86_64-w64-mingw32/11.2.0/
     -D_MT -D_REENTRANT -U_REENTRANT -D IEEE -D DBLEPRECISION -m64 -mtune=generic
     -march=x86-64 -mthreads -O2 -std=f2018 -fimplicit-none -fbounds-check
     -funroll-loops -ftree-vectorize -ffpe-summary=invalid,zero,overflow,underflow
     -fno-unsafe-math-optimizations -frounding-math -fsignaling-nans -flto
     -fall-intrinsics -fopenmp.

   This problem will use 7 of 8 possible threads.


  INPUT --- proc title ;

   CPU Time for the last procedure was 0.01 seconds.     


  INPUT --- proc chmatrix occasions= 5 groups= 1 etype= Live Nodes= 101 
  INPUT --- ICMeans NoHist hist= 6 ;

  INPUT ---    time interval 1 1 1 1 ;

  INPUT ---    glabel(1)=Group 1;

      Number of unique encounter histories read was 6.

      Number of individual covariates read was 0.
      Time interval lengths are all equal to 1.

      Data type number is 1
      Data type is Live Recaptures (CJS)

   CPU Time for the last procedure was 0.01 seconds.     

  Program  MARK  - Survival Rate Estimation with Capture-Recapture Data
   gfortran(dble) Vers. 9.0 Jan 2019  26-Jan-2023 09:52:21    Page  002
 - - - - - - - - - - - - - - - - - - - - - - - - - - - - - - - - - - - - - -
 


  INPUT --- proc estimate link=Logit NOLOOP varest=2ndPart    ;


  INPUT --- model={ Phi(~time)p(~time) };

  INPUT ---    group=1 Phi    rows=4 cols=4 Triang ;
  INPUT ---        1 2 3 4 ;
  INPUT ---        2 3 4 ;
  INPUT ---        3 4 ;
  INPUT ---        4 ;

  INPUT ---    group=1 p    rows=4 cols=4 Triang ;
  INPUT ---        5 6 7 8 ;
  INPUT ---        6 7 8 ;
  INPUT ---        7 8 ;
  INPUT ---        8 ;

  INPUT ---    design matrix constraints=8 covariates=8;
  INPUT ---        1 0 0 0 0 0 0 0;
  INPUT ---        1 1 0 0 0 0 0 0;
  INPUT ---        1 0 1 0 0 0 0 0;
  INPUT ---        1 0 0 1 0 0 0 0;
  INPUT ---        0 0 0 0 1 0 0 0;
  INPUT ---        0 0 0 0 1 1 0 0;
  INPUT ---        0 0 0 0 1 0 1 0;
  INPUT ---        0 0 0 0 1 0 0 1;
  INPUT ---       blabel(1)=Phi:(Intercept);
  INPUT ---       blabel(2)=Phi:time2;
  INPUT ---       blabel(3)=Phi:time3;
  INPUT ---       blabel(4)=Phi:time4;
  INPUT ---       blabel(5)=p:(Intercept);
  INPUT ---       blabel(6)=p:time3;
  INPUT ---       blabel(7)=p:time4;
  INPUT ---       blabel(8)=p:time5;
  INPUT ---       rlabel(1)=Phi g1 c1 a0 t1;
  INPUT ---       rlabel(2)=Phi g1 c1 a1 t2;
  INPUT ---       rlabel(3)=Phi g1 c1 a2 t3;
  INPUT ---       rlabel(4)=Phi g1 c1 a3 t4;
  INPUT ---       rlabel(5)=p g1 c1 a1 t2;
  INPUT ---       rlabel(6)=p g1 c1 a2 t3;
  INPUT ---       rlabel(7)=p g1 c1 a3 t4;
  INPUT ---       rlabel(8)=p g1 c1 a4 t5;

 Link Function Used is LOGIT        

  Program  MARK  - Survival Rate Estimation with Capture-Recapture Data
   gfortran(dble) Vers. 9.0 Jan 2019  26-Jan-2023 09:52:21    Page  003
 - - - - - - - - - - - - - - - - - - - - - - - - - - - - - - - - - - - - - -
 

 Variance Estimation Procedure Used is 2ndPart 
 -2logL(saturated) = 380.12942     
 Effective Sample Size = 1056

 Number of function evaluations was 60 for 8 parameters.
 CPU Time for numerical optimization was 0.02 seconds.     
 -2logL { Phi(~time)p(~time) } = 382.81284     
 Penalty { Phi(~time)p(~time) } = 0.0000000     
 Gradient { Phi(~time)p(~time) }:
  0.87642637E-06   0.0000000     -0.66799327E-06   0.0000000       0.0000000    
   0.0000000       0.0000000       0.0000000    
 Maximum ABS(G) { Phi(~time)p(~time) } = 0.8764264E-06 
 CPU Time to compute VC matrix was 0.01 seconds.     
 S Vector { Phi(~time)p(~time) }:
   36.38956      12.81464      4.899654      2.269590     0.2963534    
  0.2407276E-07 0.4793705E-09 0.3287777E-09
 CPU Time to invert VC matrix was 0.01 seconds.     
 Ratio Threshold = 50.000000       Max Gap (5/6) = 12310738.       Next Max Gap (6/7) = 50.217437     
 Gap Method for Num. of Estimated Parameters { Phi(~time)p(~time) } = 5          
 Threshold { Phi(~time)p(~time) } = 0.1752853E-05           
 Numerical Threshold Method for Num. of Estimated Parameters { Phi(~time)p(~time) } = 5          
 Number of Estimated Parameters { Phi(~time)p(~time) } = 5          
 DEVIANCE { Phi(~time)p(~time) } = 2.6834236               
 DEVIANCE Degrees of Freedom { Phi(~time)p(~time) } = 0          
 c-hat { Phi(~time)p(~time) } = 1.0000000               
 AIC { Phi(~time)p(~time) } = 392.81284               
 AICc { Phi(~time)p(~time) } = 392.86999               
 BIC { Phi(~time)p(~time) } = 417.62406               
 Pearson Chisquare { Phi(~time)p(~time) } = 2.7500005               
 Possible Encounter Histories { Phi(~time)p(~time) } = 16          
 Pearson Chisquare df { Phi(~time)p(~time) } = 10          
 Pearson chat { Phi(~time)p(~time) } = 0.2750001               
 Sum(Observed/Expected) { Phi(~time)p(~time) } = 8.6770841               
 s-bar { Phi(~time)p(~time) } = -0.4881944              
 Fletcher chat { Phi(~time)p(~time) } = 0.5373135               


                 LOGIT Link Function Parameters of { Phi(~time)p(~time) }
                                                              95% Confidence Interval
    Parameter                  Beta         Standard Error     Lower           Upper
 -------------------------  --------------  --------------  --------------  --------------
    1:Phi:(Intercept)       -3.3525588       0.1770974      -3.6996696      -3.0054479    
    2:Phi:time2              57.173125       0.0000000       57.173125       57.173125    
    3:Phi:time3              4.7106822       0.6231613       3.4892860       5.9320783    
    4:Phi:time4              47.176783       0.0000000       47.176783       47.176783    
    5:p:(Intercept)          3.4657361       1.0155072       1.4753419       5.4561302    
    6:p:time3                17.529471       6445.2101      -12615.083       12650.142    
    7:p:time4               -3.1780541       1.1071134      -5.3479964      -1.0081117    
    8:p:time5               -2.0794418       1.2032971      -4.4379041       0.2790205    


                    Real Function Parameters of { Phi(~time)p(~time) }
                                                               95% Confidence Interval
     Parameter                Estimate       Standard Error     Lower           Upper
 --------------------------  --------------  --------------  --------------  --------------
     1:Phi g1 c1 a0 t1        0.0338115       0.0057855       0.0241348       0.0471804                          
     2:Phi g1 c1 a1 t2        1.0000000       0.0000000       1.0000000       1.0000000                          
     3:Phi g1 c1 a2 t3        0.7954545       0.0972118       0.5466362       0.9261608                          
     4:Phi g1 c1 a3 t4        1.0000000       0.0000000       1.0000000       1.0000000                          
     5:p g1 c1 a1 t2          0.9696970       0.0298404       0.8138680       0.9957481                          
     6:p g1 c1 a2 t3          1.0000000       0.4910599E-05   0.9999904       1.0000096                          
     7:p g1 c1 a3 t4          0.5714286       0.1079899       0.3597160       0.7598689                          
     8:p g1 c1 a4 t5          0.8000000       0.1032796       0.5302429       0.9341015                          

 Attempted ordering of parameters by estimatibility:
  1 5 7 3 8 6 4 2
 Beta number 2 is a singular value.

  Program  MARK  - Survival Rate Estimation with Capture-Recapture Data
   gfortran(dble) Vers. 9.0 Jan 2019  26-Jan-2023 09:52:21    Page  004
 - - - - - - - - - - - - - - - - - - - - - - - - - - - - - - - - - - - - - -
 

   CPU Time for the last procedure was 0.02 seconds.     


  INPUT --- proc stop;

     CPU Time in minutes for this job was 0.00

     Time Start = 09:52:21.727   Time End = 09:52:21.907

     Wall Clock Time in minutes for this job was 0.00


          E X E C U T I O N   S U C C E S S F U L 
